<?xml version="1.0" encoding="UTF-8" ?>
<testsuites name="vitest tests" tests="26" failures="8" errors="0" time="3.71">
    <testsuite name="src/components/__tests__/Hero.test.tsx" timestamp="2025-09-17T16:54:29.483Z" hostname="sf255" tests="26" failures="8" errors="0" skipped="0" time="1.182">
        <testcase classname="src/components/__tests__/Hero.test.tsx" name="Hero Component &gt; Rendering &gt; should render without crashing" time="0.128">
            <system-out>
CoinGecko data reloaded

            </system-out>
            <system-err>
Warning: &lt;ambientLight /&gt; is using incorrect casing. Use PascalCase for React components, or lowercase for HTML elements.
    at ambientLight
    at div
    at Canvas (/home/manitcor/roko/roko-marketing/src/components/__tests__/Hero.test.tsx:3:14)
    at Suspense
    at div
    at section
    at Hero (/home/manitcor/roko/roko-marketing/src/components/sections/Hero.tsx:23:47)
    at Router (/home/manitcor/roko/roko-marketing/node_modules/react-router/dist/umd/react-router.development.js:1207:17)
    at MemoryRouter (/home/manitcor/roko/roko-marketing/node_modules/react-router/dist/umd/react-router.development.js:1101:7)
    at QueryClientProvider (file:///home/manitcor/roko/roko-marketing/node_modules/@tanstack/react-query/build/modern/QueryClientProvider.js:20:3)
    at AllTheProviders (/home/manitcor/roko/roko-marketing/src/test-utils.ts:85:3)
    at Wrapper (/home/manitcor/roko/roko-marketing/src/test-utils.ts:106:22)
Warning: The tag &lt;ambientLight&gt; is unrecognized in this browser. If you meant to render a React component, start its name with an uppercase letter.
    at ambientLight
    at div
    at Canvas (/home/manitcor/roko/roko-marketing/src/components/__tests__/Hero.test.tsx:3:14)
    at Suspense
    at div
    at section
    at Hero (/home/manitcor/roko/roko-marketing/src/components/sections/Hero.tsx:23:47)
    at Router (/home/manitcor/roko/roko-marketing/node_modules/react-router/dist/umd/react-router.development.js:1207:17)
    at MemoryRouter (/home/manitcor/roko/roko-marketing/node_modules/react-router/dist/umd/react-router.development.js:1101:7)
    at QueryClientProvider (file:///home/manitcor/roko/roko-marketing/node_modules/@tanstack/react-query/build/modern/QueryClientProvider.js:20:3)
    at AllTheProviders (/home/manitcor/roko/roko-marketing/src/test-utils.ts:85:3)
    at Wrapper (/home/manitcor/roko/roko-marketing/src/test-utils.ts:106:22)
Warning: &lt;pointLight /&gt; is using incorrect casing. Use PascalCase for React components, or lowercase for HTML elements.
    at pointLight
    at div
    at Canvas (/home/manitcor/roko/roko-marketing/src/components/__tests__/Hero.test.tsx:3:14)
    at Suspense
    at div
    at section
    at Hero (/home/manitcor/roko/roko-marketing/src/components/sections/Hero.tsx:23:47)
    at Router (/home/manitcor/roko/roko-marketing/node_modules/react-router/dist/umd/react-router.development.js:1207:17)
    at MemoryRouter (/home/manitcor/roko/roko-marketing/node_modules/react-router/dist/umd/react-router.development.js:1101:7)
    at QueryClientProvider (file:///home/manitcor/roko/roko-marketing/node_modules/@tanstack/react-query/build/modern/QueryClientProvider.js:20:3)
    at AllTheProviders (/home/manitcor/roko/roko-marketing/src/test-utils.ts:85:3)
    at Wrapper (/home/manitcor/roko/roko-marketing/src/test-utils.ts:106:22)
Warning: The tag &lt;pointLight&gt; is unrecognized in this browser. If you meant to render a React component, start its name with an uppercase letter.
    at pointLight
    at div
    at Canvas (/home/manitcor/roko/roko-marketing/src/components/__tests__/Hero.test.tsx:3:14)
    at Suspense
    at div
    at section
    at Hero (/home/manitcor/roko/roko-marketing/src/components/sections/Hero.tsx:23:47)
    at Router (/home/manitcor/roko/roko-marketing/node_modules/react-router/dist/umd/react-router.development.js:1207:17)
    at MemoryRouter (/home/manitcor/roko/roko-marketing/node_modules/react-router/dist/umd/react-router.development.js:1101:7)
    at QueryClientProvider (file:///home/manitcor/roko/roko-marketing/node_modules/@tanstack/react-query/build/modern/QueryClientProvider.js:20:3)
    at AllTheProviders (/home/manitcor/roko/roko-marketing/src/test-utils.ts:85:3)
    at Wrapper (/home/manitcor/roko/roko-marketing/src/test-utils.ts:106:22)
⚠️ React Router Future Flag Warning: React Router will begin wrapping state updates in `React.startTransition` in v7. You can use the `v7_startTransition` future flag to opt-in early. For more information, see https://reactrouter.com/v6/upgrading/future#v7_starttransition.
⚠️ React Router Future Flag Warning: Relative route resolution within Splat routes is changing in v7. You can use the `v7_relativeSplatPath` future flag to opt-in early. For more information, see https://reactrouter.com/v6/upgrading/future#v7_relativesplatpath.

            </system-err>
        </testcase>
        <testcase classname="src/components/__tests__/Hero.test.tsx" name="Hero Component &gt; Rendering &gt; should display main headline text" time="0.016">
            <system-out>
CoinGecko data reloaded

            </system-out>
            <system-err>
Warning: &lt;ambientLight /&gt; is using incorrect casing. Use PascalCase for React components, or lowercase for HTML elements.
    at ambientLight
    at div
    at Canvas (/home/manitcor/roko/roko-marketing/src/components/__tests__/Hero.test.tsx:3:14)
    at Suspense
    at div
    at section
    at Hero (/home/manitcor/roko/roko-marketing/src/components/sections/Hero.tsx:23:47)
    at Router (/home/manitcor/roko/roko-marketing/node_modules/react-router/dist/umd/react-router.development.js:1207:17)
    at MemoryRouter (/home/manitcor/roko/roko-marketing/node_modules/react-router/dist/umd/react-router.development.js:1101:7)
    at QueryClientProvider (file:///home/manitcor/roko/roko-marketing/node_modules/@tanstack/react-query/build/modern/QueryClientProvider.js:20:3)
    at AllTheProviders (/home/manitcor/roko/roko-marketing/src/test-utils.ts:85:3)
    at Wrapper (/home/manitcor/roko/roko-marketing/src/test-utils.ts:106:22)
Warning: &lt;pointLight /&gt; is using incorrect casing. Use PascalCase for React components, or lowercase for HTML elements.
    at pointLight
    at div
    at Canvas (/home/manitcor/roko/roko-marketing/src/components/__tests__/Hero.test.tsx:3:14)
    at Suspense
    at div
    at section
    at Hero (/home/manitcor/roko/roko-marketing/src/components/sections/Hero.tsx:23:47)
    at Router (/home/manitcor/roko/roko-marketing/node_modules/react-router/dist/umd/react-router.development.js:1207:17)
    at MemoryRouter (/home/manitcor/roko/roko-marketing/node_modules/react-router/dist/umd/react-router.development.js:1101:7)
    at QueryClientProvider (file:///home/manitcor/roko/roko-marketing/node_modules/@tanstack/react-query/build/modern/QueryClientProvider.js:20:3)
    at AllTheProviders (/home/manitcor/roko/roko-marketing/src/test-utils.ts:85:3)
    at Wrapper (/home/manitcor/roko/roko-marketing/src/test-utils.ts:106:22)

            </system-err>
        </testcase>
        <testcase classname="src/components/__tests__/Hero.test.tsx" name="Hero Component &gt; Rendering &gt; should display subheadline with key information" time="0.029">
            <system-out>
CoinGecko data reloaded

            </system-out>
            <system-err>
Warning: &lt;ambientLight /&gt; is using incorrect casing. Use PascalCase for React components, or lowercase for HTML elements.
    at ambientLight
    at div
    at Canvas (/home/manitcor/roko/roko-marketing/src/components/__tests__/Hero.test.tsx:3:14)
    at Suspense
    at div
    at section
    at Hero (/home/manitcor/roko/roko-marketing/src/components/sections/Hero.tsx:23:47)
    at Router (/home/manitcor/roko/roko-marketing/node_modules/react-router/dist/umd/react-router.development.js:1207:17)
    at MemoryRouter (/home/manitcor/roko/roko-marketing/node_modules/react-router/dist/umd/react-router.development.js:1101:7)
    at QueryClientProvider (file:///home/manitcor/roko/roko-marketing/node_modules/@tanstack/react-query/build/modern/QueryClientProvider.js:20:3)
    at AllTheProviders (/home/manitcor/roko/roko-marketing/src/test-utils.ts:85:3)
    at Wrapper (/home/manitcor/roko/roko-marketing/src/test-utils.ts:106:22)
Warning: &lt;pointLight /&gt; is using incorrect casing. Use PascalCase for React components, or lowercase for HTML elements.
    at pointLight
    at div
    at Canvas (/home/manitcor/roko/roko-marketing/src/components/__tests__/Hero.test.tsx:3:14)
    at Suspense
    at div
    at section
    at Hero (/home/manitcor/roko/roko-marketing/src/components/sections/Hero.tsx:23:47)
    at Router (/home/manitcor/roko/roko-marketing/node_modules/react-router/dist/umd/react-router.development.js:1207:17)
    at MemoryRouter (/home/manitcor/roko/roko-marketing/node_modules/react-router/dist/umd/react-router.development.js:1101:7)
    at QueryClientProvider (file:///home/manitcor/roko/roko-marketing/node_modules/@tanstack/react-query/build/modern/QueryClientProvider.js:20:3)
    at AllTheProviders (/home/manitcor/roko/roko-marketing/src/test-utils.ts:85:3)
    at Wrapper (/home/manitcor/roko/roko-marketing/src/test-utils.ts:106:22)

            </system-err>
        </testcase>
        <testcase classname="src/components/__tests__/Hero.test.tsx" name="Hero Component &gt; Rendering &gt; should display network statistics" time="0.029">
            <system-out>
CoinGecko data reloaded

            </system-out>
            <system-err>
Warning: &lt;ambientLight /&gt; is using incorrect casing. Use PascalCase for React components, or lowercase for HTML elements.
    at ambientLight
    at div
    at Canvas (/home/manitcor/roko/roko-marketing/src/components/__tests__/Hero.test.tsx:3:14)
    at Suspense
    at div
    at section
    at Hero (/home/manitcor/roko/roko-marketing/src/components/sections/Hero.tsx:23:47)
    at Router (/home/manitcor/roko/roko-marketing/node_modules/react-router/dist/umd/react-router.development.js:1207:17)
    at MemoryRouter (/home/manitcor/roko/roko-marketing/node_modules/react-router/dist/umd/react-router.development.js:1101:7)
    at QueryClientProvider (file:///home/manitcor/roko/roko-marketing/node_modules/@tanstack/react-query/build/modern/QueryClientProvider.js:20:3)
    at AllTheProviders (/home/manitcor/roko/roko-marketing/src/test-utils.ts:85:3)
    at Wrapper (/home/manitcor/roko/roko-marketing/src/test-utils.ts:106:22)
Warning: &lt;pointLight /&gt; is using incorrect casing. Use PascalCase for React components, or lowercase for HTML elements.
    at pointLight
    at div
    at Canvas (/home/manitcor/roko/roko-marketing/src/components/__tests__/Hero.test.tsx:3:14)
    at Suspense
    at div
    at section
    at Hero (/home/manitcor/roko/roko-marketing/src/components/sections/Hero.tsx:23:47)
    at Router (/home/manitcor/roko/roko-marketing/node_modules/react-router/dist/umd/react-router.development.js:1207:17)
    at MemoryRouter (/home/manitcor/roko/roko-marketing/node_modules/react-router/dist/umd/react-router.development.js:1101:7)
    at QueryClientProvider (file:///home/manitcor/roko/roko-marketing/node_modules/@tanstack/react-query/build/modern/QueryClientProvider.js:20:3)
    at AllTheProviders (/home/manitcor/roko/roko-marketing/src/test-utils.ts:85:3)
    at Wrapper (/home/manitcor/roko/roko-marketing/src/test-utils.ts:106:22)

            </system-err>
        </testcase>
        <testcase classname="src/components/__tests__/Hero.test.tsx" name="Hero Component &gt; Rendering &gt; should render scroll indicator" time="0.012">
            <system-out>
CoinGecko data reloaded

            </system-out>
            <system-err>
Warning: &lt;ambientLight /&gt; is using incorrect casing. Use PascalCase for React components, or lowercase for HTML elements.
    at ambientLight
    at div
    at Canvas (/home/manitcor/roko/roko-marketing/src/components/__tests__/Hero.test.tsx:3:14)
    at Suspense
    at div
    at section
    at Hero (/home/manitcor/roko/roko-marketing/src/components/sections/Hero.tsx:23:47)
    at Router (/home/manitcor/roko/roko-marketing/node_modules/react-router/dist/umd/react-router.development.js:1207:17)
    at MemoryRouter (/home/manitcor/roko/roko-marketing/node_modules/react-router/dist/umd/react-router.development.js:1101:7)
    at QueryClientProvider (file:///home/manitcor/roko/roko-marketing/node_modules/@tanstack/react-query/build/modern/QueryClientProvider.js:20:3)
    at AllTheProviders (/home/manitcor/roko/roko-marketing/src/test-utils.ts:85:3)
    at Wrapper (/home/manitcor/roko/roko-marketing/src/test-utils.ts:106:22)
Warning: &lt;pointLight /&gt; is using incorrect casing. Use PascalCase for React components, or lowercase for HTML elements.
    at pointLight
    at div
    at Canvas (/home/manitcor/roko/roko-marketing/src/components/__tests__/Hero.test.tsx:3:14)
    at Suspense
    at div
    at section
    at Hero (/home/manitcor/roko/roko-marketing/src/components/sections/Hero.tsx:23:47)
    at Router (/home/manitcor/roko/roko-marketing/node_modules/react-router/dist/umd/react-router.development.js:1207:17)
    at MemoryRouter (/home/manitcor/roko/roko-marketing/node_modules/react-router/dist/umd/react-router.development.js:1101:7)
    at QueryClientProvider (file:///home/manitcor/roko/roko-marketing/node_modules/@tanstack/react-query/build/modern/QueryClientProvider.js:20:3)
    at AllTheProviders (/home/manitcor/roko/roko-marketing/src/test-utils.ts:85:3)
    at Wrapper (/home/manitcor/roko/roko-marketing/src/test-utils.ts:106:22)

            </system-err>
        </testcase>
        <testcase classname="src/components/__tests__/Hero.test.tsx" name="Hero Component &gt; Rendering &gt; should render 3D canvas with fallback" time="0.033">
            <system-out>
CoinGecko data reloaded
CoinGecko data reloaded
CoinGecko data reloaded

            </system-out>
            <system-err>
Warning: &lt;ambientLight /&gt; is using incorrect casing. Use PascalCase for React components, or lowercase for HTML elements.
    at ambientLight
    at div
    at Canvas (/home/manitcor/roko/roko-marketing/src/components/__tests__/Hero.test.tsx:3:14)
    at Suspense
    at div
    at section
    at Hero (/home/manitcor/roko/roko-marketing/src/components/sections/Hero.tsx:23:47)
    at Router (/home/manitcor/roko/roko-marketing/node_modules/react-router/dist/umd/react-router.development.js:1207:17)
    at MemoryRouter (/home/manitcor/roko/roko-marketing/node_modules/react-router/dist/umd/react-router.development.js:1101:7)
    at QueryClientProvider (file:///home/manitcor/roko/roko-marketing/node_modules/@tanstack/react-query/build/modern/QueryClientProvider.js:20:3)
    at AllTheProviders (/home/manitcor/roko/roko-marketing/src/test-utils.ts:85:3)
    at Wrapper (/home/manitcor/roko/roko-marketing/src/test-utils.ts:106:22)
Warning: &lt;pointLight /&gt; is using incorrect casing. Use PascalCase for React components, or lowercase for HTML elements.
    at pointLight
    at div
    at Canvas (/home/manitcor/roko/roko-marketing/src/components/__tests__/Hero.test.tsx:3:14)
    at Suspense
    at div
    at section
    at Hero (/home/manitcor/roko/roko-marketing/src/components/sections/Hero.tsx:23:47)
    at Router (/home/manitcor/roko/roko-marketing/node_modules/react-router/dist/umd/react-router.development.js:1207:17)
    at MemoryRouter (/home/manitcor/roko/roko-marketing/node_modules/react-router/dist/umd/react-router.development.js:1101:7)
    at QueryClientProvider (file:///home/manitcor/roko/roko-marketing/node_modules/@tanstack/react-query/build/modern/QueryClientProvider.js:20:3)
    at AllTheProviders (/home/manitcor/roko/roko-marketing/src/test-utils.ts:85:3)
    at Wrapper (/home/manitcor/roko/roko-marketing/src/test-utils.ts:106:22)
Warning: &lt;ambientLight /&gt; is using incorrect casing. Use PascalCase for React components, or lowercase for HTML elements.
    at ambientLight
    at div
    at Canvas (/home/manitcor/roko/roko-marketing/src/components/__tests__/Hero.test.tsx:3:14)
    at Suspense
    at div
    at section
    at Hero (/home/manitcor/roko/roko-marketing/src/components/sections/Hero.tsx:23:47)
    at Router (/home/manitcor/roko/roko-marketing/node_modules/react-router/dist/umd/react-router.development.js:1207:17)
    at MemoryRouter (/home/manitcor/roko/roko-marketing/node_modules/react-router/dist/umd/react-router.development.js:1101:7)
    at QueryClientProvider (file:///home/manitcor/roko/roko-marketing/node_modules/@tanstack/react-query/build/modern/QueryClientProvider.js:20:3)
    at AllTheProviders (/home/manitcor/roko/roko-marketing/src/test-utils.ts:85:3)
    at Wrapper (/home/manitcor/roko/roko-marketing/src/test-utils.ts:106:22)
Warning: &lt;pointLight /&gt; is using incorrect casing. Use PascalCase for React components, or lowercase for HTML elements.
    at pointLight
    at div
    at Canvas (/home/manitcor/roko/roko-marketing/src/components/__tests__/Hero.test.tsx:3:14)
    at Suspense
    at div
    at section
    at Hero (/home/manitcor/roko/roko-marketing/src/components/sections/Hero.tsx:23:47)
    at Router (/home/manitcor/roko/roko-marketing/node_modules/react-router/dist/umd/react-router.development.js:1207:17)
    at MemoryRouter (/home/manitcor/roko/roko-marketing/node_modules/react-router/dist/umd/react-router.development.js:1101:7)
    at QueryClientProvider (file:///home/manitcor/roko/roko-marketing/node_modules/@tanstack/react-query/build/modern/QueryClientProvider.js:20:3)
    at AllTheProviders (/home/manitcor/roko/roko-marketing/src/test-utils.ts:85:3)
    at Wrapper (/home/manitcor/roko/roko-marketing/src/test-utils.ts:106:22)
Warning: &lt;ambientLight /&gt; is using incorrect casing. Use PascalCase for React components, or lowercase for HTML elements.
    at ambientLight
    at div
    at Canvas (/home/manitcor/roko/roko-marketing/src/components/__tests__/Hero.test.tsx:3:14)
    at Suspense
    at div
    at section
    at Hero (/home/manitcor/roko/roko-marketing/src/components/sections/Hero.tsx:23:47)
    at Router (/home/manitcor/roko/roko-marketing/node_modules/react-router/dist/umd/react-router.development.js:1207:17)
    at MemoryRouter (/home/manitcor/roko/roko-marketing/node_modules/react-router/dist/umd/react-router.development.js:1101:7)
    at QueryClientProvider (file:///home/manitcor/roko/roko-marketing/node_modules/@tanstack/react-query/build/modern/QueryClientProvider.js:20:3)
    at AllTheProviders (/home/manitcor/roko/roko-marketing/src/test-utils.ts:85:3)
    at Wrapper (/home/manitcor/roko/roko-marketing/src/test-utils.ts:106:22)
Warning: &lt;pointLight /&gt; is using incorrect casing. Use PascalCase for React components, or lowercase for HTML elements.
    at pointLight
    at div
    at Canvas (/home/manitcor/roko/roko-marketing/src/components/__tests__/Hero.test.tsx:3:14)
    at Suspense
    at div
    at section
    at Hero (/home/manitcor/roko/roko-marketing/src/components/sections/Hero.tsx:23:47)
    at Router (/home/manitcor/roko/roko-marketing/node_modules/react-router/dist/umd/react-router.development.js:1207:17)
    at MemoryRouter (/home/manitcor/roko/roko-marketing/node_modules/react-router/dist/umd/react-router.development.js:1101:7)
    at QueryClientProvider (file:///home/manitcor/roko/roko-marketing/node_modules/@tanstack/react-query/build/modern/QueryClientProvider.js:20:3)
    at AllTheProviders (/home/manitcor/roko/roko-marketing/src/test-utils.ts:85:3)
    at Wrapper (/home/manitcor/roko/roko-marketing/src/test-utils.ts:106:22)

            </system-err>
            <failure message="Unable to find an element by: [data-testid=&quot;accessibility-fallback&quot;]

Ignored nodes: comments, script, style
[36m&lt;body&gt;[39m
  [36m&lt;div&gt;[39m
    [36m&lt;section[39m
      [33maria-label[39m=[32m&quot;Hero section introducing ROKO Network&quot;[39m
      [33mclass[39m=[32m&quot;hero&quot;[39m
      [33mrole[39m=[32m&quot;region&quot;[39m
    [36m&gt;[39m
      [36m&lt;div[39m
        [33mclass[39m=[32m&quot;backgroundGradient&quot;[39m
      [36m/&gt;[39m
      [36m&lt;div[39m
        [33mclass[39m=[32m&quot;sceneContainer&quot;[39m
      [36m&gt;[39m
        [36m&lt;div[39m
          [33maria-hidden[39m=[32m&quot;true&quot;[39m
          [33mcamera[39m=[32m&quot;[object Object]&quot;[39m
          [33mclass[39m=[32m&quot;canvas&quot;[39m
          [33mdata-testid[39m=[32m&quot;three-canvas&quot;[39m
        [36m&gt;[39m
          [36m&lt;ambientlight[39m
            [33mintensity[39m=[32m&quot;0.5&quot;[39m
          [36m/&gt;[39m
          [36m&lt;pointlight[39m
            [33mintensity[39m=[32m&quot;1&quot;[39m
            [33mposition[39m=[32m&quot;10,10,10&quot;[39m
          [36m/&gt;[39m
          [36m&lt;div[39m
            [33mdata-props[39m=[32m&quot;{\&quot;position\&quot;:[2,0,0],\&quot;scale\&quot;:1.2,\&quot;isHovered\&quot;:false,\&quot;performanceLevel\&quot;:\&quot;high\&quot;}&quot;[39m
            [33mdata-testid[39m=[32m&quot;temporal-orb&quot;[39m
          [36m/&gt;[39m
        [36m&lt;/div&gt;[39m
      [36m&lt;/div&gt;[39m
      [36m&lt;div[39m
        [33manimate[39m=[32m&quot;hidden&quot;[39m
        [33mclass[39m=[32m&quot;content&quot;[39m
        [33minitial[39m=[32m&quot;hidden&quot;[39m
        [33mvariants[39m=[32m&quot;[object Object]&quot;[39m
      [36m&gt;[39m
        [36m&lt;div[39m
          [33mclass[39m=[32m&quot;headlineContainer&quot;[39m
          [33mvariants[39m=[32m&quot;[object Object]&quot;[39m
        [36m&gt;[39m
          [36m&lt;h1[39m
            [33mclass[39m=[32m&quot;headline&quot;[39m
          [36m&gt;[39m
            [36m&lt;span[39m
              [33mclass[39m=[32m&quot;gradientText&quot;[39m
            [36m&gt;[39m
              [0mThe Temporal Layer[0m
            [36m&lt;/span&gt;[39m
            [36m&lt;br /&gt;[39m
            [36m&lt;span[39m
              [33mclass[39m=[32m&quot;typewriter&quot;[39m
              [33mvariants[39m=[32m&quot;[object Object]&quot;[39m
            [36m&gt;[39m
              [0mfor Web3[0m
            [36m&lt;/span&gt;[39m
          [36m&lt;/h1&gt;[39m
        [36m&lt;/div&gt;[39m
        [36m&lt;p[39m
          [33mclass[39m=[32m&quot;subheadline&quot;[39m
          [33mvariants[39m=[32m&quot;[object Object]&quot;[39m
        [36m&gt;[39m
          [0mTime measuring precision blockchain infrastructure powered by[0m
          [0m [0m
          [36m&lt;span[39m
            [33mclass[39m=[32m&quot;highlight&quot;[39m
          [36m&gt;[39m
            [0mIEEE 1588 PTP[0m
          [36m&lt;/span&gt;[39m
          [0m hardware synchronization.[0m
          [36m&lt;br /&gt;[39m
          [0mBuild the next generation of time-critical Web3 applications.[0m
        [36m&lt;/p&gt;[39m
        [36m&lt;div[39m
          [33mclass[39m=[32m&quot;statsContainer&quot;[39m
          [33mvariants[39m=[32m&quot;[object Object]&quot;[39m
        [36m&gt;[39m
          [36m&lt;div[39m
            [33mclass[39m=[32m&quot;stat&quot;[39m
          [36m&gt;[39m
            [36m&lt;span[39m
              [33mclass[39m=[32m&quot;statNumber&quot;[39m
            [36m&gt;[39m
              [0m~1ns[0m
            [36m&lt;/span&gt;[39m
            [36m&lt;span[39m
              [33mclass[39m=[32m&quot;statLabel&quot;[39m
            [36m&gt;[39m
              [0mPrecision[0m
            [36m&lt;/span&gt;[39m
          [36m&lt;/div&gt;[39m
          [36m&lt;div[39m
            [33mclass[39m=[32m&quot;statDivider&quot;[39m
          [36m/&gt;[39m
          [36m&lt;div[39m
            [33mclass[39m=[32m&quot;stat&quot;[39m
          [36m&gt;[39m
            [36m&lt;span[39m
              [33mclass[39m=[32m&quot;statNumber&quot;[39m
            [36m&gt;[39m
              [0m24/7[0m
            [36m&lt;/span&gt;[39m
            [36m&lt;span[39m
              [33mclass[39m=[32m&quot;statLabel&quot;[39m
            [36m&gt;[39m
              [0mUptime[0m
            [36m&lt;/span&gt;[39m
          [36m&lt;/div&gt;[39m
          [36m&lt;div[39m
            [33mclass[39m=[32m&quot;statDivider&quot;[39m
          [36m/&gt;[39m
          [36m&lt;div[39m
            [33mclass[39m=[32m&quot;stat&quot;[39m
          [36m&gt;[39m
            [36m&lt;span[39m
              [33mclass[39m=[32m&quot;statNumber&quot;[39m
            [36m&gt;[39m
              [0mGlobal[0m
            [36m&lt;/span&gt;[39m
            [36m&lt;span[39m
              [33mclass[39m=[32m&quot;statLabel&quot;[39m
            [36m&gt;[39m
              [0mNetwork[0m
            [36m&lt;/span&gt;[39m
          [36m&lt;/div&gt;[39m
        [36m&lt;/div&gt;[39m
        [36m&lt;div[39m
          [33mclass[39m=[32m&quot;tokenStatsContainer&quot;[39m
          [33mvariants[39m=[32m&quot;[object Object]&quot;[39m
        [36m&gt;[39m
          [36m&lt;div[39m
            [33maria-label[39m=[32m&quot;ROKO token statistics&quot;[39m
            [33mclass[39m=[32m&quot;container hero heroTokenStats&quot;[39m
            [33mrole[39m=[32m&quot;region&quot;[39m
          [36m&gt;[39m
            [36m&lt;div[39m
              [33mclass[39m=[32m&quot;statsGrid&quot;[39m
            [36m&gt;[39m
              [36m&lt;div[39m
                [33manimate[39m=[32m&quot;[object Object]&quot;[39m
                [33mclass[39m=[32m&quot;statItem&quot;[39m
                [33minitial[39m=[32m&quot;[object Object]&quot;[39m
                [33mtransition[39m=[32m&quot;[object Object]&quot;[39m
              [36m&gt;[39m
                [36m&lt;div[39m
                  [33mclass[39m=[32m&quot;statValue&quot;[39m
                [36m&gt;[39m
                  [36m&lt;div[39m
                    [33maria-label[39m=[32m&quot;Loading...&quot;[39m
                    [33mclass[39m=[32m&quot;loadingSkeleton&quot;[39m
                  [36m/&gt;[39m
                [36m&lt;/div&gt;[39m
                [36m&lt;div[39m
                  [33mclass[39m=[32m&quot;statLabel&quot;[39m
                [36m&gt;[39m
                  [0mTotal Supply[0m
                [36m&lt;/div&gt;[39m
              [36m&lt;/div&gt;[39m
              [36m&lt;div[39m
                [33manimate[39m=[32m&quot;[object Object]&quot;[39m
                [33mclass[39m=[32m&quot;statItem&quot;[39m
                [33minitial[39m=[32m&quot;[object Object]&quot;[39m
                [33mtransition[39m=[32m&quot;[object Object]&quot;[39m
              [36m&gt;[39m
                [36m&lt;div[39m
                  [33mclass[39m=[32m&quot;statValue&quot;[39m
                [36m&gt;[39m
                  [36m&lt;div[39m
                    [33maria-label[39m=[32m&quot;Loading...&quot;[39m
                    [33mclass[39m=[32m&quot;loadingSkeleton&quot;[39m
                  [36m/&gt;[39m
                [36m&lt;/div&gt;[39m
                [36m&lt;div[39m
                  [33mclass[39m=[32m&quot;statLabel&quot;[39m
                [36m&gt;[39m
                  [0mToken Holders[0m
                [36m&lt;/div&gt;[39m
              [36m&lt;/div&gt;[39m
            [36m&lt;/div&gt;[39m
            [36m&lt;div[39m
              [33mclass[39m=[32m&quot;statusBar&quot;[39m
            [36m&gt;[39m
              [36m&lt;div[39m
                [33mclass[39m=[32m&quot;statusDot loading&quot;[39m
              [36m/&gt;[39m
              [36m&lt;span[39m
                [33mclass[39m=[32m&quot;statusText&quot;[39m
              [36m&gt;[39m
                [0mUpdating...[0m
              [36m&lt;/span&gt;[39m
            [36m&lt;/div&gt;[39m
          [36m&lt;/div&gt;[39m
        [36m&lt;/div&gt;[39m
      [36m&lt;/div&gt;[39m
      [36m&lt;div[39m
        [33manimate[39m=[32m&quot;[object Object]&quot;[39m
        [33mclass[39m=[32m&quot;scrollIndicator&quot;[39m
        [33mtransition[39m=[32m&quot;[object Object]&quot;[39m
        [33mvariants[39m=[32m&quot;[object Object]&quot;[39m
      [36m&gt;[39m
        [36m&lt;svg[39m
          [33mclass[39m=[32m&quot;scrollIcon&quot;[39m
          [33mdata-testid[39m=[32m&quot;chevron-down-icon&quot;[39m
        [36m&gt;[39m
          [36m&lt;path[39m
            [33md[39m=[32m&quot;chevron-down&quot;[39m
          [36m/&gt;[39m
        [36m&lt;/svg&gt;[39m
        [36m&lt;span[39m
          [33mclass[39m=[32m&quot;scrollText&quot;[39m
        [36m&gt;[39m
          [0mExplore Features[0m
        [36m&lt;/span&gt;[39m
      [36m&lt;/div&gt;[39m
      [36m&lt;div[39m
        [33maria-live[39m=[32m&quot;polite&quot;[39m
        [33mclass[39m=[32m&quot;sr-only&quot;[39m
      [36m/&gt;[39m
    [36m&lt;/section&gt;[39m
  [36m&lt;/div&gt;[39m
[36m&lt;/body&gt;[39m" type="TestingLibraryElementError">
TestingLibraryElementError: Unable to find an element by: [data-testid=&quot;accessibility-fallback&quot;]

Ignored nodes: comments, script, style
&lt;body&gt;
  &lt;div&gt;
    &lt;section
      aria-label=&quot;Hero section introducing ROKO Network&quot;
      class=&quot;hero&quot;
      role=&quot;region&quot;
    &gt;
      &lt;div
        class=&quot;backgroundGradient&quot;
      /&gt;
      &lt;div
        class=&quot;sceneContainer&quot;
      &gt;
        &lt;div
          aria-hidden=&quot;true&quot;
          camera=&quot;[object Object]&quot;
          class=&quot;canvas&quot;
          data-testid=&quot;three-canvas&quot;
        &gt;
          &lt;ambientlight
            intensity=&quot;0.5&quot;
          /&gt;
          &lt;pointlight
            intensity=&quot;1&quot;
            position=&quot;10,10,10&quot;
          /&gt;
          &lt;div
            data-props=&quot;{\&quot;position\&quot;:[2,0,0],\&quot;scale\&quot;:1.2,\&quot;isHovered\&quot;:false,\&quot;performanceLevel\&quot;:\&quot;high\&quot;}&quot;
            data-testid=&quot;temporal-orb&quot;
          /&gt;
        &lt;/div&gt;
      &lt;/div&gt;
      &lt;div
        animate=&quot;hidden&quot;
        class=&quot;content&quot;
        initial=&quot;hidden&quot;
        variants=&quot;[object Object]&quot;
      &gt;
        &lt;div
          class=&quot;headlineContainer&quot;
          variants=&quot;[object Object]&quot;
        &gt;
          &lt;h1
            class=&quot;headline&quot;
          &gt;
            &lt;span
              class=&quot;gradientText&quot;
            &gt;
              The Temporal Layer
            &lt;/span&gt;
            &lt;br /&gt;
            &lt;span
              class=&quot;typewriter&quot;
              variants=&quot;[object Object]&quot;
            &gt;
              for Web3
            &lt;/span&gt;
          &lt;/h1&gt;
        &lt;/div&gt;
        &lt;p
          class=&quot;subheadline&quot;
          variants=&quot;[object Object]&quot;
        &gt;
          Time measuring precision blockchain infrastructure powered by
           
          &lt;span
            class=&quot;highlight&quot;
          &gt;
            IEEE 1588 PTP
          &lt;/span&gt;
           hardware synchronization.
          &lt;br /&gt;
          Build the next generation of time-critical Web3 applications.
        &lt;/p&gt;
        &lt;div
          class=&quot;statsContainer&quot;
          variants=&quot;[object Object]&quot;
        &gt;
          &lt;div
            class=&quot;stat&quot;
          &gt;
            &lt;span
              class=&quot;statNumber&quot;
            &gt;
              ~1ns
            &lt;/span&gt;
            &lt;span
              class=&quot;statLabel&quot;
            &gt;
              Precision
            &lt;/span&gt;
          &lt;/div&gt;
          &lt;div
            class=&quot;statDivider&quot;
          /&gt;
          &lt;div
            class=&quot;stat&quot;
          &gt;
            &lt;span
              class=&quot;statNumber&quot;
            &gt;
              24/7
            &lt;/span&gt;
            &lt;span
              class=&quot;statLabel&quot;
            &gt;
              Uptime
            &lt;/span&gt;
          &lt;/div&gt;
          &lt;div
            class=&quot;statDivider&quot;
          /&gt;
          &lt;div
            class=&quot;stat&quot;
          &gt;
            &lt;span
              class=&quot;statNumber&quot;
            &gt;
              Global
            &lt;/span&gt;
            &lt;span
              class=&quot;statLabel&quot;
            &gt;
              Network
            &lt;/span&gt;
          &lt;/div&gt;
        &lt;/div&gt;
        &lt;div
          class=&quot;tokenStatsContainer&quot;
          variants=&quot;[object Object]&quot;
        &gt;
          &lt;div
            aria-label=&quot;ROKO token statistics&quot;
            class=&quot;container hero heroTokenStats&quot;
            role=&quot;region&quot;
          &gt;
            &lt;div
              class=&quot;statsGrid&quot;
            &gt;
              &lt;div
                animate=&quot;[object Object]&quot;
                class=&quot;statItem&quot;
                initial=&quot;[object Object]&quot;
                transition=&quot;[object Object]&quot;
              &gt;
                &lt;div
                  class=&quot;statValue&quot;
                &gt;
                  &lt;div
                    aria-label=&quot;Loading...&quot;
                    class=&quot;loadingSkeleton&quot;
                  /&gt;
                &lt;/div&gt;
                &lt;div
                  class=&quot;statLabel&quot;
                &gt;
                  Total Supply
                &lt;/div&gt;
              &lt;/div&gt;
              &lt;div
                animate=&quot;[object Object]&quot;
                class=&quot;statItem&quot;
                initial=&quot;[object Object]&quot;
                transition=&quot;[object Object]&quot;
              &gt;
                &lt;div
                  class=&quot;statValue&quot;
                &gt;
                  &lt;div
                    aria-label=&quot;Loading...&quot;
                    class=&quot;loadingSkeleton&quot;
                  /&gt;
                &lt;/div&gt;
                &lt;div
                  class=&quot;statLabel&quot;
                &gt;
                  Token Holders
                &lt;/div&gt;
              &lt;/div&gt;
            &lt;/div&gt;
            &lt;div
              class=&quot;statusBar&quot;
            &gt;
              &lt;div
                class=&quot;statusDot loading&quot;
              /&gt;
              &lt;span
                class=&quot;statusText&quot;
              &gt;
                Updating...
              &lt;/span&gt;
            &lt;/div&gt;
          &lt;/div&gt;
        &lt;/div&gt;
      &lt;/div&gt;
      &lt;div
        animate=&quot;[object Object]&quot;
        class=&quot;scrollIndicator&quot;
        transition=&quot;[object Object]&quot;
        variants=&quot;[object Object]&quot;
      &gt;
        &lt;svg
          class=&quot;scrollIcon&quot;
          data-testid=&quot;chevron-down-icon&quot;
        &gt;
          &lt;path
            d=&quot;chevron-down&quot;
          /&gt;
        &lt;/svg&gt;
        &lt;span
          class=&quot;scrollText&quot;
        &gt;
          Explore Features
        &lt;/span&gt;
      &lt;/div&gt;
      &lt;div
        aria-live=&quot;polite&quot;
        class=&quot;sr-only&quot;
      /&gt;
    &lt;/section&gt;
  &lt;/div&gt;
&lt;/body&gt;
 ❯ Object.getElementError node_modules/@testing-library/react/node_modules/@testing-library/dom/dist/config.js:37:19
 ❯ node_modules/@testing-library/react/node_modules/@testing-library/dom/dist/query-helpers.js:76:38
 ❯ node_modules/@testing-library/react/node_modules/@testing-library/dom/dist/query-helpers.js:52:17
 ❯ node_modules/@testing-library/react/node_modules/@testing-library/dom/dist/query-helpers.js:95:19
 ❯ src/components/__tests__/Hero.test.tsx:111:21
            </failure>
            <failure message="Unable to find an element by: [data-testid=&quot;accessibility-fallback&quot;]

Ignored nodes: comments, script, style
[36m&lt;body&gt;[39m
  [36m&lt;div&gt;[39m
    [36m&lt;section[39m
      [33maria-label[39m=[32m&quot;Hero section introducing ROKO Network&quot;[39m
      [33mclass[39m=[32m&quot;hero&quot;[39m
      [33mrole[39m=[32m&quot;region&quot;[39m
    [36m&gt;[39m
      [36m&lt;div[39m
        [33mclass[39m=[32m&quot;backgroundGradient&quot;[39m
      [36m/&gt;[39m
      [36m&lt;div[39m
        [33mclass[39m=[32m&quot;sceneContainer&quot;[39m
      [36m&gt;[39m
        [36m&lt;div[39m
          [33maria-hidden[39m=[32m&quot;true&quot;[39m
          [33mcamera[39m=[32m&quot;[object Object]&quot;[39m
          [33mclass[39m=[32m&quot;canvas&quot;[39m
          [33mdata-testid[39m=[32m&quot;three-canvas&quot;[39m
        [36m&gt;[39m
          [36m&lt;ambientlight[39m
            [33mintensity[39m=[32m&quot;0.5&quot;[39m
          [36m/&gt;[39m
          [36m&lt;pointlight[39m
            [33mintensity[39m=[32m&quot;1&quot;[39m
            [33mposition[39m=[32m&quot;10,10,10&quot;[39m
          [36m/&gt;[39m
          [36m&lt;div[39m
            [33mdata-props[39m=[32m&quot;{\&quot;position\&quot;:[2,0,0],\&quot;scale\&quot;:1.2,\&quot;isHovered\&quot;:false,\&quot;performanceLevel\&quot;:\&quot;high\&quot;}&quot;[39m
            [33mdata-testid[39m=[32m&quot;temporal-orb&quot;[39m
          [36m/&gt;[39m
        [36m&lt;/div&gt;[39m
      [36m&lt;/div&gt;[39m
      [36m&lt;div[39m
        [33manimate[39m=[32m&quot;hidden&quot;[39m
        [33mclass[39m=[32m&quot;content&quot;[39m
        [33minitial[39m=[32m&quot;hidden&quot;[39m
        [33mvariants[39m=[32m&quot;[object Object]&quot;[39m
      [36m&gt;[39m
        [36m&lt;div[39m
          [33mclass[39m=[32m&quot;headlineContainer&quot;[39m
          [33mvariants[39m=[32m&quot;[object Object]&quot;[39m
        [36m&gt;[39m
          [36m&lt;h1[39m
            [33mclass[39m=[32m&quot;headline&quot;[39m
          [36m&gt;[39m
            [36m&lt;span[39m
              [33mclass[39m=[32m&quot;gradientText&quot;[39m
            [36m&gt;[39m
              [0mThe Temporal Layer[0m
            [36m&lt;/span&gt;[39m
            [36m&lt;br /&gt;[39m
            [36m&lt;span[39m
              [33mclass[39m=[32m&quot;typewriter&quot;[39m
              [33mvariants[39m=[32m&quot;[object Object]&quot;[39m
            [36m&gt;[39m
              [0mfor Web3[0m
            [36m&lt;/span&gt;[39m
          [36m&lt;/h1&gt;[39m
        [36m&lt;/div&gt;[39m
        [36m&lt;p[39m
          [33mclass[39m=[32m&quot;subheadline&quot;[39m
          [33mvariants[39m=[32m&quot;[object Object]&quot;[39m
        [36m&gt;[39m
          [0mTime measuring precision blockchain infrastructure powered by[0m
          [0m [0m
          [36m&lt;span[39m
            [33mclass[39m=[32m&quot;highlight&quot;[39m
          [36m&gt;[39m
            [0mIEEE 1588 PTP[0m
          [36m&lt;/span&gt;[39m
          [0m hardware synchronization.[0m
          [36m&lt;br /&gt;[39m
          [0mBuild the next generation of time-critical Web3 applications.[0m
        [36m&lt;/p&gt;[39m
        [36m&lt;div[39m
          [33mclass[39m=[32m&quot;statsContainer&quot;[39m
          [33mvariants[39m=[32m&quot;[object Object]&quot;[39m
        [36m&gt;[39m
          [36m&lt;div[39m
            [33mclass[39m=[32m&quot;stat&quot;[39m
          [36m&gt;[39m
            [36m&lt;span[39m
              [33mclass[39m=[32m&quot;statNumber&quot;[39m
            [36m&gt;[39m
              [0m~1ns[0m
            [36m&lt;/span&gt;[39m
            [36m&lt;span[39m
              [33mclass[39m=[32m&quot;statLabel&quot;[39m
            [36m&gt;[39m
              [0mPrecision[0m
            [36m&lt;/span&gt;[39m
          [36m&lt;/div&gt;[39m
          [36m&lt;div[39m
            [33mclass[39m=[32m&quot;statDivider&quot;[39m
          [36m/&gt;[39m
          [36m&lt;div[39m
            [33mclass[39m=[32m&quot;stat&quot;[39m
          [36m&gt;[39m
            [36m&lt;span[39m
              [33mclass[39m=[32m&quot;statNumber&quot;[39m
            [36m&gt;[39m
              [0m24/7[0m
            [36m&lt;/span&gt;[39m
            [36m&lt;span[39m
              [33mclass[39m=[32m&quot;statLabel&quot;[39m
            [36m&gt;[39m
              [0mUptime[0m
            [36m&lt;/span&gt;[39m
          [36m&lt;/div&gt;[39m
          [36m&lt;div[39m
            [33mclass[39m=[32m&quot;statDivider&quot;[39m
          [36m/&gt;[39m
          [36m&lt;div[39m
            [33mclass[39m=[32m&quot;stat&quot;[39m
          [36m&gt;[39m
            [36m&lt;span[39m
              [33mclass[39m=[32m&quot;statNumber&quot;[39m
            [36m&gt;[39m
              [0mGlobal[0m
            [36m&lt;/span&gt;[39m
            [36m&lt;span[39m
              [33mclass[39m=[32m&quot;statLabel&quot;[39m
            [36m&gt;[39m
              [0mNetwork[0m
            [36m&lt;/span&gt;[39m
          [36m&lt;/div&gt;[39m
        [36m&lt;/div&gt;[39m
        [36m&lt;div[39m
          [33mclass[39m=[32m&quot;tokenStatsContainer&quot;[39m
          [33mvariants[39m=[32m&quot;[object Object]&quot;[39m
        [36m&gt;[39m
          [36m&lt;div[39m
            [33maria-label[39m=[32m&quot;ROKO token statistics&quot;[39m
            [33mclass[39m=[32m&quot;container hero heroTokenStats&quot;[39m
            [33mrole[39m=[32m&quot;region&quot;[39m
          [36m&gt;[39m
            [36m&lt;div[39m
              [33mclass[39m=[32m&quot;statsGrid&quot;[39m
            [36m&gt;[39m
              [36m&lt;div[39m
                [33manimate[39m=[32m&quot;[object Object]&quot;[39m
                [33mclass[39m=[32m&quot;statItem&quot;[39m
                [33minitial[39m=[32m&quot;[object Object]&quot;[39m
                [33mtransition[39m=[32m&quot;[object Object]&quot;[39m
              [36m&gt;[39m
                [36m&lt;div[39m
                  [33mclass[39m=[32m&quot;statValue&quot;[39m
                [36m&gt;[39m
                  [36m&lt;div[39m
                    [33maria-label[39m=[32m&quot;Loading...&quot;[39m
                    [33mclass[39m=[32m&quot;loadingSkeleton&quot;[39m
                  [36m/&gt;[39m
                [36m&lt;/div&gt;[39m
                [36m&lt;div[39m
                  [33mclass[39m=[32m&quot;statLabel&quot;[39m
                [36m&gt;[39m
                  [0mTotal Supply[0m
                [36m&lt;/div&gt;[39m
              [36m&lt;/div&gt;[39m
              [36m&lt;div[39m
                [33manimate[39m=[32m&quot;[object Object]&quot;[39m
                [33mclass[39m=[32m&quot;statItem&quot;[39m
                [33minitial[39m=[32m&quot;[object Object]&quot;[39m
                [33mtransition[39m=[32m&quot;[object Object]&quot;[39m
              [36m&gt;[39m
                [36m&lt;div[39m
                  [33mclass[39m=[32m&quot;statValue&quot;[39m
                [36m&gt;[39m
                  [36m&lt;div[39m
                    [33maria-label[39m=[32m&quot;Loading...&quot;[39m
                    [33mclass[39m=[32m&quot;loadingSkeleton&quot;[39m
                  [36m/&gt;[39m
                [36m&lt;/div&gt;[39m
                [36m&lt;div[39m
                  [33mclass[39m=[32m&quot;statLabel&quot;[39m
                [36m&gt;[39m
                  [0mToken Holders[0m
                [36m&lt;/div&gt;[39m
              [36m&lt;/div&gt;[39m
            [36m&lt;/div&gt;[39m
            [36m&lt;div[39m
              [33mclass[39m=[32m&quot;statusBar&quot;[39m
            [36m&gt;[39m
              [36m&lt;div[39m
                [33mclass[39m=[32m&quot;statusDot loading&quot;[39m
              [36m/&gt;[39m
              [36m&lt;span[39m
                [33mclass[39m=[32m&quot;statusText&quot;[39m
              [36m&gt;[39m
                [0mUpdating...[0m
              [36m&lt;/span&gt;[39m
            [36m&lt;/div&gt;[39m
          [36m&lt;/div&gt;[39m
        [36m&lt;/div&gt;[39m
      [36m&lt;/div&gt;[39m
      [36m&lt;div[39m
        [33manimate[39m=[32m&quot;[object Object]&quot;[39m
        [33mclass[39m=[32m&quot;scrollIndicator&quot;[39m
        [33mtransition[39m=[32m&quot;[object Object]&quot;[39m
        [33mvariants[39m=[32m&quot;[object Object]&quot;[39m
      [36m&gt;[39m
        [36m&lt;svg[39m
          [33mclass[39m=[32m&quot;scrollIcon&quot;[39m
          [33mdata-testid[39m=[32m&quot;chevron-down-icon&quot;[39m
        [36m&gt;[39m
          [36m&lt;path[39m
            [33md[39m=[32m&quot;chevron-down&quot;[39m
          [36m/&gt;[39m
        [36m&lt;/svg&gt;[39m
        [36m&lt;span[39m
          [33mclass[39m=[32m&quot;scrollText&quot;[39m
        [36m&gt;[39m
          [0mExplore Features[0m
        [36m&lt;/span&gt;[39m
      [36m&lt;/div&gt;[39m
      [36m&lt;div[39m
        [33maria-live[39m=[32m&quot;polite&quot;[39m
        [33mclass[39m=[32m&quot;sr-only&quot;[39m
      [36m/&gt;[39m
    [36m&lt;/section&gt;[39m
  [36m&lt;/div&gt;[39m
[36m&lt;/body&gt;[39m" type="TestingLibraryElementError">
TestingLibraryElementError: Unable to find an element by: [data-testid=&quot;accessibility-fallback&quot;]

Ignored nodes: comments, script, style
&lt;body&gt;
  &lt;div&gt;
    &lt;section
      aria-label=&quot;Hero section introducing ROKO Network&quot;
      class=&quot;hero&quot;
      role=&quot;region&quot;
    &gt;
      &lt;div
        class=&quot;backgroundGradient&quot;
      /&gt;
      &lt;div
        class=&quot;sceneContainer&quot;
      &gt;
        &lt;div
          aria-hidden=&quot;true&quot;
          camera=&quot;[object Object]&quot;
          class=&quot;canvas&quot;
          data-testid=&quot;three-canvas&quot;
        &gt;
          &lt;ambientlight
            intensity=&quot;0.5&quot;
          /&gt;
          &lt;pointlight
            intensity=&quot;1&quot;
            position=&quot;10,10,10&quot;
          /&gt;
          &lt;div
            data-props=&quot;{\&quot;position\&quot;:[2,0,0],\&quot;scale\&quot;:1.2,\&quot;isHovered\&quot;:false,\&quot;performanceLevel\&quot;:\&quot;high\&quot;}&quot;
            data-testid=&quot;temporal-orb&quot;
          /&gt;
        &lt;/div&gt;
      &lt;/div&gt;
      &lt;div
        animate=&quot;hidden&quot;
        class=&quot;content&quot;
        initial=&quot;hidden&quot;
        variants=&quot;[object Object]&quot;
      &gt;
        &lt;div
          class=&quot;headlineContainer&quot;
          variants=&quot;[object Object]&quot;
        &gt;
          &lt;h1
            class=&quot;headline&quot;
          &gt;
            &lt;span
              class=&quot;gradientText&quot;
            &gt;
              The Temporal Layer
            &lt;/span&gt;
            &lt;br /&gt;
            &lt;span
              class=&quot;typewriter&quot;
              variants=&quot;[object Object]&quot;
            &gt;
              for Web3
            &lt;/span&gt;
          &lt;/h1&gt;
        &lt;/div&gt;
        &lt;p
          class=&quot;subheadline&quot;
          variants=&quot;[object Object]&quot;
        &gt;
          Time measuring precision blockchain infrastructure powered by
           
          &lt;span
            class=&quot;highlight&quot;
          &gt;
            IEEE 1588 PTP
          &lt;/span&gt;
           hardware synchronization.
          &lt;br /&gt;
          Build the next generation of time-critical Web3 applications.
        &lt;/p&gt;
        &lt;div
          class=&quot;statsContainer&quot;
          variants=&quot;[object Object]&quot;
        &gt;
          &lt;div
            class=&quot;stat&quot;
          &gt;
            &lt;span
              class=&quot;statNumber&quot;
            &gt;
              ~1ns
            &lt;/span&gt;
            &lt;span
              class=&quot;statLabel&quot;
            &gt;
              Precision
            &lt;/span&gt;
          &lt;/div&gt;
          &lt;div
            class=&quot;statDivider&quot;
          /&gt;
          &lt;div
            class=&quot;stat&quot;
          &gt;
            &lt;span
              class=&quot;statNumber&quot;
            &gt;
              24/7
            &lt;/span&gt;
            &lt;span
              class=&quot;statLabel&quot;
            &gt;
              Uptime
            &lt;/span&gt;
          &lt;/div&gt;
          &lt;div
            class=&quot;statDivider&quot;
          /&gt;
          &lt;div
            class=&quot;stat&quot;
          &gt;
            &lt;span
              class=&quot;statNumber&quot;
            &gt;
              Global
            &lt;/span&gt;
            &lt;span
              class=&quot;statLabel&quot;
            &gt;
              Network
            &lt;/span&gt;
          &lt;/div&gt;
        &lt;/div&gt;
        &lt;div
          class=&quot;tokenStatsContainer&quot;
          variants=&quot;[object Object]&quot;
        &gt;
          &lt;div
            aria-label=&quot;ROKO token statistics&quot;
            class=&quot;container hero heroTokenStats&quot;
            role=&quot;region&quot;
          &gt;
            &lt;div
              class=&quot;statsGrid&quot;
            &gt;
              &lt;div
                animate=&quot;[object Object]&quot;
                class=&quot;statItem&quot;
                initial=&quot;[object Object]&quot;
                transition=&quot;[object Object]&quot;
              &gt;
                &lt;div
                  class=&quot;statValue&quot;
                &gt;
                  &lt;div
                    aria-label=&quot;Loading...&quot;
                    class=&quot;loadingSkeleton&quot;
                  /&gt;
                &lt;/div&gt;
                &lt;div
                  class=&quot;statLabel&quot;
                &gt;
                  Total Supply
                &lt;/div&gt;
              &lt;/div&gt;
              &lt;div
                animate=&quot;[object Object]&quot;
                class=&quot;statItem&quot;
                initial=&quot;[object Object]&quot;
                transition=&quot;[object Object]&quot;
              &gt;
                &lt;div
                  class=&quot;statValue&quot;
                &gt;
                  &lt;div
                    aria-label=&quot;Loading...&quot;
                    class=&quot;loadingSkeleton&quot;
                  /&gt;
                &lt;/div&gt;
                &lt;div
                  class=&quot;statLabel&quot;
                &gt;
                  Token Holders
                &lt;/div&gt;
              &lt;/div&gt;
            &lt;/div&gt;
            &lt;div
              class=&quot;statusBar&quot;
            &gt;
              &lt;div
                class=&quot;statusDot loading&quot;
              /&gt;
              &lt;span
                class=&quot;statusText&quot;
              &gt;
                Updating...
              &lt;/span&gt;
            &lt;/div&gt;
          &lt;/div&gt;
        &lt;/div&gt;
      &lt;/div&gt;
      &lt;div
        animate=&quot;[object Object]&quot;
        class=&quot;scrollIndicator&quot;
        transition=&quot;[object Object]&quot;
        variants=&quot;[object Object]&quot;
      &gt;
        &lt;svg
          class=&quot;scrollIcon&quot;
          data-testid=&quot;chevron-down-icon&quot;
        &gt;
          &lt;path
            d=&quot;chevron-down&quot;
          /&gt;
        &lt;/svg&gt;
        &lt;span
          class=&quot;scrollText&quot;
        &gt;
          Explore Features
        &lt;/span&gt;
      &lt;/div&gt;
      &lt;div
        aria-live=&quot;polite&quot;
        class=&quot;sr-only&quot;
      /&gt;
    &lt;/section&gt;
  &lt;/div&gt;
&lt;/body&gt;
 ❯ Object.getElementError node_modules/@testing-library/react/node_modules/@testing-library/dom/dist/config.js:37:19
 ❯ node_modules/@testing-library/react/node_modules/@testing-library/dom/dist/query-helpers.js:76:38
 ❯ node_modules/@testing-library/react/node_modules/@testing-library/dom/dist/query-helpers.js:52:17
 ❯ node_modules/@testing-library/react/node_modules/@testing-library/dom/dist/query-helpers.js:95:19
 ❯ src/components/__tests__/Hero.test.tsx:111:21
            </failure>
            <failure message="Unable to find an element by: [data-testid=&quot;accessibility-fallback&quot;]

Ignored nodes: comments, script, style
[36m&lt;body&gt;[39m
  [36m&lt;div&gt;[39m
    [36m&lt;section[39m
      [33maria-label[39m=[32m&quot;Hero section introducing ROKO Network&quot;[39m
      [33mclass[39m=[32m&quot;hero&quot;[39m
      [33mrole[39m=[32m&quot;region&quot;[39m
    [36m&gt;[39m
      [36m&lt;div[39m
        [33mclass[39m=[32m&quot;backgroundGradient&quot;[39m
      [36m/&gt;[39m
      [36m&lt;div[39m
        [33mclass[39m=[32m&quot;sceneContainer&quot;[39m
      [36m&gt;[39m
        [36m&lt;div[39m
          [33maria-hidden[39m=[32m&quot;true&quot;[39m
          [33mcamera[39m=[32m&quot;[object Object]&quot;[39m
          [33mclass[39m=[32m&quot;canvas&quot;[39m
          [33mdata-testid[39m=[32m&quot;three-canvas&quot;[39m
        [36m&gt;[39m
          [36m&lt;ambientlight[39m
            [33mintensity[39m=[32m&quot;0.5&quot;[39m
          [36m/&gt;[39m
          [36m&lt;pointlight[39m
            [33mintensity[39m=[32m&quot;1&quot;[39m
            [33mposition[39m=[32m&quot;10,10,10&quot;[39m
          [36m/&gt;[39m
          [36m&lt;div[39m
            [33mdata-props[39m=[32m&quot;{\&quot;position\&quot;:[2,0,0],\&quot;scale\&quot;:1.2,\&quot;isHovered\&quot;:false,\&quot;performanceLevel\&quot;:\&quot;high\&quot;}&quot;[39m
            [33mdata-testid[39m=[32m&quot;temporal-orb&quot;[39m
          [36m/&gt;[39m
        [36m&lt;/div&gt;[39m
      [36m&lt;/div&gt;[39m
      [36m&lt;div[39m
        [33manimate[39m=[32m&quot;hidden&quot;[39m
        [33mclass[39m=[32m&quot;content&quot;[39m
        [33minitial[39m=[32m&quot;hidden&quot;[39m
        [33mvariants[39m=[32m&quot;[object Object]&quot;[39m
      [36m&gt;[39m
        [36m&lt;div[39m
          [33mclass[39m=[32m&quot;headlineContainer&quot;[39m
          [33mvariants[39m=[32m&quot;[object Object]&quot;[39m
        [36m&gt;[39m
          [36m&lt;h1[39m
            [33mclass[39m=[32m&quot;headline&quot;[39m
          [36m&gt;[39m
            [36m&lt;span[39m
              [33mclass[39m=[32m&quot;gradientText&quot;[39m
            [36m&gt;[39m
              [0mThe Temporal Layer[0m
            [36m&lt;/span&gt;[39m
            [36m&lt;br /&gt;[39m
            [36m&lt;span[39m
              [33mclass[39m=[32m&quot;typewriter&quot;[39m
              [33mvariants[39m=[32m&quot;[object Object]&quot;[39m
            [36m&gt;[39m
              [0mfor Web3[0m
            [36m&lt;/span&gt;[39m
          [36m&lt;/h1&gt;[39m
        [36m&lt;/div&gt;[39m
        [36m&lt;p[39m
          [33mclass[39m=[32m&quot;subheadline&quot;[39m
          [33mvariants[39m=[32m&quot;[object Object]&quot;[39m
        [36m&gt;[39m
          [0mTime measuring precision blockchain infrastructure powered by[0m
          [0m [0m
          [36m&lt;span[39m
            [33mclass[39m=[32m&quot;highlight&quot;[39m
          [36m&gt;[39m
            [0mIEEE 1588 PTP[0m
          [36m&lt;/span&gt;[39m
          [0m hardware synchronization.[0m
          [36m&lt;br /&gt;[39m
          [0mBuild the next generation of time-critical Web3 applications.[0m
        [36m&lt;/p&gt;[39m
        [36m&lt;div[39m
          [33mclass[39m=[32m&quot;statsContainer&quot;[39m
          [33mvariants[39m=[32m&quot;[object Object]&quot;[39m
        [36m&gt;[39m
          [36m&lt;div[39m
            [33mclass[39m=[32m&quot;stat&quot;[39m
          [36m&gt;[39m
            [36m&lt;span[39m
              [33mclass[39m=[32m&quot;statNumber&quot;[39m
            [36m&gt;[39m
              [0m~1ns[0m
            [36m&lt;/span&gt;[39m
            [36m&lt;span[39m
              [33mclass[39m=[32m&quot;statLabel&quot;[39m
            [36m&gt;[39m
              [0mPrecision[0m
            [36m&lt;/span&gt;[39m
          [36m&lt;/div&gt;[39m
          [36m&lt;div[39m
            [33mclass[39m=[32m&quot;statDivider&quot;[39m
          [36m/&gt;[39m
          [36m&lt;div[39m
            [33mclass[39m=[32m&quot;stat&quot;[39m
          [36m&gt;[39m
            [36m&lt;span[39m
              [33mclass[39m=[32m&quot;statNumber&quot;[39m
            [36m&gt;[39m
              [0m24/7[0m
            [36m&lt;/span&gt;[39m
            [36m&lt;span[39m
              [33mclass[39m=[32m&quot;statLabel&quot;[39m
            [36m&gt;[39m
              [0mUptime[0m
            [36m&lt;/span&gt;[39m
          [36m&lt;/div&gt;[39m
          [36m&lt;div[39m
            [33mclass[39m=[32m&quot;statDivider&quot;[39m
          [36m/&gt;[39m
          [36m&lt;div[39m
            [33mclass[39m=[32m&quot;stat&quot;[39m
          [36m&gt;[39m
            [36m&lt;span[39m
              [33mclass[39m=[32m&quot;statNumber&quot;[39m
            [36m&gt;[39m
              [0mGlobal[0m
            [36m&lt;/span&gt;[39m
            [36m&lt;span[39m
              [33mclass[39m=[32m&quot;statLabel&quot;[39m
            [36m&gt;[39m
              [0mNetwork[0m
            [36m&lt;/span&gt;[39m
          [36m&lt;/div&gt;[39m
        [36m&lt;/div&gt;[39m
        [36m&lt;div[39m
          [33mclass[39m=[32m&quot;tokenStatsContainer&quot;[39m
          [33mvariants[39m=[32m&quot;[object Object]&quot;[39m
        [36m&gt;[39m
          [36m&lt;div[39m
            [33maria-label[39m=[32m&quot;ROKO token statistics&quot;[39m
            [33mclass[39m=[32m&quot;container hero heroTokenStats&quot;[39m
            [33mrole[39m=[32m&quot;region&quot;[39m
          [36m&gt;[39m
            [36m&lt;div[39m
              [33mclass[39m=[32m&quot;statsGrid&quot;[39m
            [36m&gt;[39m
              [36m&lt;div[39m
                [33manimate[39m=[32m&quot;[object Object]&quot;[39m
                [33mclass[39m=[32m&quot;statItem&quot;[39m
                [33minitial[39m=[32m&quot;[object Object]&quot;[39m
                [33mtransition[39m=[32m&quot;[object Object]&quot;[39m
              [36m&gt;[39m
                [36m&lt;div[39m
                  [33mclass[39m=[32m&quot;statValue&quot;[39m
                [36m&gt;[39m
                  [36m&lt;div[39m
                    [33maria-label[39m=[32m&quot;Loading...&quot;[39m
                    [33mclass[39m=[32m&quot;loadingSkeleton&quot;[39m
                  [36m/&gt;[39m
                [36m&lt;/div&gt;[39m
                [36m&lt;div[39m
                  [33mclass[39m=[32m&quot;statLabel&quot;[39m
                [36m&gt;[39m
                  [0mTotal Supply[0m
                [36m&lt;/div&gt;[39m
              [36m&lt;/div&gt;[39m
              [36m&lt;div[39m
                [33manimate[39m=[32m&quot;[object Object]&quot;[39m
                [33mclass[39m=[32m&quot;statItem&quot;[39m
                [33minitial[39m=[32m&quot;[object Object]&quot;[39m
                [33mtransition[39m=[32m&quot;[object Object]&quot;[39m
              [36m&gt;[39m
                [36m&lt;div[39m
                  [33mclass[39m=[32m&quot;statValue&quot;[39m
                [36m&gt;[39m
                  [36m&lt;div[39m
                    [33maria-label[39m=[32m&quot;Loading...&quot;[39m
                    [33mclass[39m=[32m&quot;loadingSkeleton&quot;[39m
                  [36m/&gt;[39m
                [36m&lt;/div&gt;[39m
                [36m&lt;div[39m
                  [33mclass[39m=[32m&quot;statLabel&quot;[39m
                [36m&gt;[39m
                  [0mToken Holders[0m
                [36m&lt;/div&gt;[39m
              [36m&lt;/div&gt;[39m
            [36m&lt;/div&gt;[39m
            [36m&lt;div[39m
              [33mclass[39m=[32m&quot;statusBar&quot;[39m
            [36m&gt;[39m
              [36m&lt;div[39m
                [33mclass[39m=[32m&quot;statusDot loading&quot;[39m
              [36m/&gt;[39m
              [36m&lt;span[39m
                [33mclass[39m=[32m&quot;statusText&quot;[39m
              [36m&gt;[39m
                [0mUpdating...[0m
              [36m&lt;/span&gt;[39m
            [36m&lt;/div&gt;[39m
          [36m&lt;/div&gt;[39m
        [36m&lt;/div&gt;[39m
      [36m&lt;/div&gt;[39m
      [36m&lt;div[39m
        [33manimate[39m=[32m&quot;[object Object]&quot;[39m
        [33mclass[39m=[32m&quot;scrollIndicator&quot;[39m
        [33mtransition[39m=[32m&quot;[object Object]&quot;[39m
        [33mvariants[39m=[32m&quot;[object Object]&quot;[39m
      [36m&gt;[39m
        [36m&lt;svg[39m
          [33mclass[39m=[32m&quot;scrollIcon&quot;[39m
          [33mdata-testid[39m=[32m&quot;chevron-down-icon&quot;[39m
        [36m&gt;[39m
          [36m&lt;path[39m
            [33md[39m=[32m&quot;chevron-down&quot;[39m
          [36m/&gt;[39m
        [36m&lt;/svg&gt;[39m
        [36m&lt;span[39m
          [33mclass[39m=[32m&quot;scrollText&quot;[39m
        [36m&gt;[39m
          [0mExplore Features[0m
        [36m&lt;/span&gt;[39m
      [36m&lt;/div&gt;[39m
      [36m&lt;div[39m
        [33maria-live[39m=[32m&quot;polite&quot;[39m
        [33mclass[39m=[32m&quot;sr-only&quot;[39m
      [36m/&gt;[39m
    [36m&lt;/section&gt;[39m
  [36m&lt;/div&gt;[39m
[36m&lt;/body&gt;[39m" type="TestingLibraryElementError">
TestingLibraryElementError: Unable to find an element by: [data-testid=&quot;accessibility-fallback&quot;]

Ignored nodes: comments, script, style
&lt;body&gt;
  &lt;div&gt;
    &lt;section
      aria-label=&quot;Hero section introducing ROKO Network&quot;
      class=&quot;hero&quot;
      role=&quot;region&quot;
    &gt;
      &lt;div
        class=&quot;backgroundGradient&quot;
      /&gt;
      &lt;div
        class=&quot;sceneContainer&quot;
      &gt;
        &lt;div
          aria-hidden=&quot;true&quot;
          camera=&quot;[object Object]&quot;
          class=&quot;canvas&quot;
          data-testid=&quot;three-canvas&quot;
        &gt;
          &lt;ambientlight
            intensity=&quot;0.5&quot;
          /&gt;
          &lt;pointlight
            intensity=&quot;1&quot;
            position=&quot;10,10,10&quot;
          /&gt;
          &lt;div
            data-props=&quot;{\&quot;position\&quot;:[2,0,0],\&quot;scale\&quot;:1.2,\&quot;isHovered\&quot;:false,\&quot;performanceLevel\&quot;:\&quot;high\&quot;}&quot;
            data-testid=&quot;temporal-orb&quot;
          /&gt;
        &lt;/div&gt;
      &lt;/div&gt;
      &lt;div
        animate=&quot;hidden&quot;
        class=&quot;content&quot;
        initial=&quot;hidden&quot;
        variants=&quot;[object Object]&quot;
      &gt;
        &lt;div
          class=&quot;headlineContainer&quot;
          variants=&quot;[object Object]&quot;
        &gt;
          &lt;h1
            class=&quot;headline&quot;
          &gt;
            &lt;span
              class=&quot;gradientText&quot;
            &gt;
              The Temporal Layer
            &lt;/span&gt;
            &lt;br /&gt;
            &lt;span
              class=&quot;typewriter&quot;
              variants=&quot;[object Object]&quot;
            &gt;
              for Web3
            &lt;/span&gt;
          &lt;/h1&gt;
        &lt;/div&gt;
        &lt;p
          class=&quot;subheadline&quot;
          variants=&quot;[object Object]&quot;
        &gt;
          Time measuring precision blockchain infrastructure powered by
           
          &lt;span
            class=&quot;highlight&quot;
          &gt;
            IEEE 1588 PTP
          &lt;/span&gt;
           hardware synchronization.
          &lt;br /&gt;
          Build the next generation of time-critical Web3 applications.
        &lt;/p&gt;
        &lt;div
          class=&quot;statsContainer&quot;
          variants=&quot;[object Object]&quot;
        &gt;
          &lt;div
            class=&quot;stat&quot;
          &gt;
            &lt;span
              class=&quot;statNumber&quot;
            &gt;
              ~1ns
            &lt;/span&gt;
            &lt;span
              class=&quot;statLabel&quot;
            &gt;
              Precision
            &lt;/span&gt;
          &lt;/div&gt;
          &lt;div
            class=&quot;statDivider&quot;
          /&gt;
          &lt;div
            class=&quot;stat&quot;
          &gt;
            &lt;span
              class=&quot;statNumber&quot;
            &gt;
              24/7
            &lt;/span&gt;
            &lt;span
              class=&quot;statLabel&quot;
            &gt;
              Uptime
            &lt;/span&gt;
          &lt;/div&gt;
          &lt;div
            class=&quot;statDivider&quot;
          /&gt;
          &lt;div
            class=&quot;stat&quot;
          &gt;
            &lt;span
              class=&quot;statNumber&quot;
            &gt;
              Global
            &lt;/span&gt;
            &lt;span
              class=&quot;statLabel&quot;
            &gt;
              Network
            &lt;/span&gt;
          &lt;/div&gt;
        &lt;/div&gt;
        &lt;div
          class=&quot;tokenStatsContainer&quot;
          variants=&quot;[object Object]&quot;
        &gt;
          &lt;div
            aria-label=&quot;ROKO token statistics&quot;
            class=&quot;container hero heroTokenStats&quot;
            role=&quot;region&quot;
          &gt;
            &lt;div
              class=&quot;statsGrid&quot;
            &gt;
              &lt;div
                animate=&quot;[object Object]&quot;
                class=&quot;statItem&quot;
                initial=&quot;[object Object]&quot;
                transition=&quot;[object Object]&quot;
              &gt;
                &lt;div
                  class=&quot;statValue&quot;
                &gt;
                  &lt;div
                    aria-label=&quot;Loading...&quot;
                    class=&quot;loadingSkeleton&quot;
                  /&gt;
                &lt;/div&gt;
                &lt;div
                  class=&quot;statLabel&quot;
                &gt;
                  Total Supply
                &lt;/div&gt;
              &lt;/div&gt;
              &lt;div
                animate=&quot;[object Object]&quot;
                class=&quot;statItem&quot;
                initial=&quot;[object Object]&quot;
                transition=&quot;[object Object]&quot;
              &gt;
                &lt;div
                  class=&quot;statValue&quot;
                &gt;
                  &lt;div
                    aria-label=&quot;Loading...&quot;
                    class=&quot;loadingSkeleton&quot;
                  /&gt;
                &lt;/div&gt;
                &lt;div
                  class=&quot;statLabel&quot;
                &gt;
                  Token Holders
                &lt;/div&gt;
              &lt;/div&gt;
            &lt;/div&gt;
            &lt;div
              class=&quot;statusBar&quot;
            &gt;
              &lt;div
                class=&quot;statusDot loading&quot;
              /&gt;
              &lt;span
                class=&quot;statusText&quot;
              &gt;
                Updating...
              &lt;/span&gt;
            &lt;/div&gt;
          &lt;/div&gt;
        &lt;/div&gt;
      &lt;/div&gt;
      &lt;div
        animate=&quot;[object Object]&quot;
        class=&quot;scrollIndicator&quot;
        transition=&quot;[object Object]&quot;
        variants=&quot;[object Object]&quot;
      &gt;
        &lt;svg
          class=&quot;scrollIcon&quot;
          data-testid=&quot;chevron-down-icon&quot;
        &gt;
          &lt;path
            d=&quot;chevron-down&quot;
          /&gt;
        &lt;/svg&gt;
        &lt;span
          class=&quot;scrollText&quot;
        &gt;
          Explore Features
        &lt;/span&gt;
      &lt;/div&gt;
      &lt;div
        aria-live=&quot;polite&quot;
        class=&quot;sr-only&quot;
      /&gt;
    &lt;/section&gt;
  &lt;/div&gt;
&lt;/body&gt;
 ❯ Object.getElementError node_modules/@testing-library/react/node_modules/@testing-library/dom/dist/config.js:37:19
 ❯ node_modules/@testing-library/react/node_modules/@testing-library/dom/dist/query-helpers.js:76:38
 ❯ node_modules/@testing-library/react/node_modules/@testing-library/dom/dist/query-helpers.js:52:17
 ❯ node_modules/@testing-library/react/node_modules/@testing-library/dom/dist/query-helpers.js:95:19
 ❯ src/components/__tests__/Hero.test.tsx:111:21
            </failure>
        </testcase>
        <testcase classname="src/components/__tests__/Hero.test.tsx" name="Hero Component &gt; Accessibility &gt; should be accessible according to WCAG guidelines" time="0.556">
            <system-out>
CoinGecko data reloaded

CoinGecko data reloaded

CoinGecko data reloaded

&lt;empty line&gt;
            </system-out>
            <system-err>
Warning: &lt;ambientLight /&gt; is using incorrect casing. Use PascalCase for React components, or lowercase for HTML elements.
    at ambientLight
    at div
    at Canvas (/home/manitcor/roko/roko-marketing/src/components/__tests__/Hero.test.tsx:3:14)
    at Suspense
    at div
    at section
    at Hero (/home/manitcor/roko/roko-marketing/src/components/sections/Hero.tsx:23:47)
    at Router (/home/manitcor/roko/roko-marketing/node_modules/react-router/dist/umd/react-router.development.js:1207:17)
    at MemoryRouter (/home/manitcor/roko/roko-marketing/node_modules/react-router/dist/umd/react-router.development.js:1101:7)
    at QueryClientProvider (file:///home/manitcor/roko/roko-marketing/node_modules/@tanstack/react-query/build/modern/QueryClientProvider.js:20:3)
    at AllTheProviders (/home/manitcor/roko/roko-marketing/src/test-utils.ts:85:3)
    at Wrapper (/home/manitcor/roko/roko-marketing/src/test-utils.ts:106:22)
Warning: &lt;pointLight /&gt; is using incorrect casing. Use PascalCase for React components, or lowercase for HTML elements.
    at pointLight
    at div
    at Canvas (/home/manitcor/roko/roko-marketing/src/components/__tests__/Hero.test.tsx:3:14)
    at Suspense
    at div
    at section
    at Hero (/home/manitcor/roko/roko-marketing/src/components/sections/Hero.tsx:23:47)
    at Router (/home/manitcor/roko/roko-marketing/node_modules/react-router/dist/umd/react-router.development.js:1207:17)
    at MemoryRouter (/home/manitcor/roko/roko-marketing/node_modules/react-router/dist/umd/react-router.development.js:1101:7)
    at QueryClientProvider (file:///home/manitcor/roko/roko-marketing/node_modules/@tanstack/react-query/build/modern/QueryClientProvider.js:20:3)
    at AllTheProviders (/home/manitcor/roko/roko-marketing/src/test-utils.ts:85:3)
    at Wrapper (/home/manitcor/roko/roko-marketing/src/test-utils.ts:106:22)

Warning: An update to TokenStats inside a test was not wrapped in act(...).

When testing, code that causes React state updates should be wrapped into act(...):

act(() =&gt; {
  /* fire events that update state */
});
/* assert on the output */

This ensures that you&apos;re testing the behavior the user would see in the browser. Learn more at https://reactjs.org/link/wrap-tests-with-act
    at /home/manitcor/roko/roko-marketing/src/components/TokenStats/TokenStats.tsx:98:3
    at div
    at div (/home/manitcor/roko/roko-marketing/src/components/__tests__/Hero.test.tsx:36:13)
    at div
    at div (/home/manitcor/roko/roko-marketing/src/components/__tests__/Hero.test.tsx:36:13)
    at section
    at Hero (/home/manitcor/roko/roko-marketing/src/components/sections/Hero.tsx:23:47)
    at Router (/home/manitcor/roko/roko-marketing/node_modules/react-router/dist/umd/react-router.development.js:1207:17)
    at MemoryRouter (/home/manitcor/roko/roko-marketing/node_modules/react-router/dist/umd/react-router.development.js:1101:7)
    at QueryClientProvider (file:///home/manitcor/roko/roko-marketing/node_modules/@tanstack/react-query/build/modern/QueryClientProvider.js:20:3)
    at AllTheProviders (/home/manitcor/roko/roko-marketing/src/test-utils.ts:85:3)
    at Wrapper (/home/manitcor/roko/roko-marketing/src/test-utils.ts:106:22)
Warning: &lt;ambientLight /&gt; is using incorrect casing. Use PascalCase for React components, or lowercase for HTML elements.
    at ambientLight
    at div
    at Canvas (/home/manitcor/roko/roko-marketing/src/components/__tests__/Hero.test.tsx:3:14)
    at Suspense
    at div
    at section
    at Hero (/home/manitcor/roko/roko-marketing/src/components/sections/Hero.tsx:23:47)
    at Router (/home/manitcor/roko/roko-marketing/node_modules/react-router/dist/umd/react-router.development.js:1207:17)
    at MemoryRouter (/home/manitcor/roko/roko-marketing/node_modules/react-router/dist/umd/react-router.development.js:1101:7)
    at QueryClientProvider (file:///home/manitcor/roko/roko-marketing/node_modules/@tanstack/react-query/build/modern/QueryClientProvider.js:20:3)
    at AllTheProviders (/home/manitcor/roko/roko-marketing/src/test-utils.ts:85:3)
    at Wrapper (/home/manitcor/roko/roko-marketing/src/test-utils.ts:106:22)
Warning: &lt;pointLight /&gt; is using incorrect casing. Use PascalCase for React components, or lowercase for HTML elements.
    at pointLight
    at div
    at Canvas (/home/manitcor/roko/roko-marketing/src/components/__tests__/Hero.test.tsx:3:14)
    at Suspense
    at div
    at section
    at Hero (/home/manitcor/roko/roko-marketing/src/components/sections/Hero.tsx:23:47)
    at Router (/home/manitcor/roko/roko-marketing/node_modules/react-router/dist/umd/react-router.development.js:1207:17)
    at MemoryRouter (/home/manitcor/roko/roko-marketing/node_modules/react-router/dist/umd/react-router.development.js:1101:7)
    at QueryClientProvider (file:///home/manitcor/roko/roko-marketing/node_modules/@tanstack/react-query/build/modern/QueryClientProvider.js:20:3)
    at AllTheProviders (/home/manitcor/roko/roko-marketing/src/test-utils.ts:85:3)
    at Wrapper (/home/manitcor/roko/roko-marketing/src/test-utils.ts:106:22)

Warning: An update to TokenStats inside a test was not wrapped in act(...).

When testing, code that causes React state updates should be wrapped into act(...):

act(() =&gt; {
  /* fire events that update state */
});
/* assert on the output */

This ensures that you&apos;re testing the behavior the user would see in the browser. Learn more at https://reactjs.org/link/wrap-tests-with-act
    at /home/manitcor/roko/roko-marketing/src/components/TokenStats/TokenStats.tsx:98:3
    at div
    at div (/home/manitcor/roko/roko-marketing/src/components/__tests__/Hero.test.tsx:36:13)
    at div
    at div (/home/manitcor/roko/roko-marketing/src/components/__tests__/Hero.test.tsx:36:13)
    at section
    at Hero (/home/manitcor/roko/roko-marketing/src/components/sections/Hero.tsx:23:47)
    at Router (/home/manitcor/roko/roko-marketing/node_modules/react-router/dist/umd/react-router.development.js:1207:17)
    at MemoryRouter (/home/manitcor/roko/roko-marketing/node_modules/react-router/dist/umd/react-router.development.js:1101:7)
    at QueryClientProvider (file:///home/manitcor/roko/roko-marketing/node_modules/@tanstack/react-query/build/modern/QueryClientProvider.js:20:3)
    at AllTheProviders (/home/manitcor/roko/roko-marketing/src/test-utils.ts:85:3)
    at Wrapper (/home/manitcor/roko/roko-marketing/src/test-utils.ts:106:22)
Warning: &lt;ambientLight /&gt; is using incorrect casing. Use PascalCase for React components, or lowercase for HTML elements.
    at ambientLight
    at div
    at Canvas (/home/manitcor/roko/roko-marketing/src/components/__tests__/Hero.test.tsx:3:14)
    at Suspense
    at div
    at section
    at Hero (/home/manitcor/roko/roko-marketing/src/components/sections/Hero.tsx:23:47)
    at Router (/home/manitcor/roko/roko-marketing/node_modules/react-router/dist/umd/react-router.development.js:1207:17)
    at MemoryRouter (/home/manitcor/roko/roko-marketing/node_modules/react-router/dist/umd/react-router.development.js:1101:7)
    at QueryClientProvider (file:///home/manitcor/roko/roko-marketing/node_modules/@tanstack/react-query/build/modern/QueryClientProvider.js:20:3)
    at AllTheProviders (/home/manitcor/roko/roko-marketing/src/test-utils.ts:85:3)
    at Wrapper (/home/manitcor/roko/roko-marketing/src/test-utils.ts:106:22)
Warning: &lt;pointLight /&gt; is using incorrect casing. Use PascalCase for React components, or lowercase for HTML elements.
    at pointLight
    at div
    at Canvas (/home/manitcor/roko/roko-marketing/src/components/__tests__/Hero.test.tsx:3:14)
    at Suspense
    at div
    at section
    at Hero (/home/manitcor/roko/roko-marketing/src/components/sections/Hero.tsx:23:47)
    at Router (/home/manitcor/roko/roko-marketing/node_modules/react-router/dist/umd/react-router.development.js:1207:17)
    at MemoryRouter (/home/manitcor/roko/roko-marketing/node_modules/react-router/dist/umd/react-router.development.js:1101:7)
    at QueryClientProvider (file:///home/manitcor/roko/roko-marketing/node_modules/@tanstack/react-query/build/modern/QueryClientProvider.js:20:3)
    at AllTheProviders (/home/manitcor/roko/roko-marketing/src/test-utils.ts:85:3)
    at Wrapper (/home/manitcor/roko/roko-marketing/src/test-utils.ts:106:22)

Warning: An update to TokenStats inside a test was not wrapped in act(...).

When testing, code that causes React state updates should be wrapped into act(...):

act(() =&gt; {
  /* fire events that update state */
});
/* assert on the output */

This ensures that you&apos;re testing the behavior the user would see in the browser. Learn more at https://reactjs.org/link/wrap-tests-with-act
    at /home/manitcor/roko/roko-marketing/src/components/TokenStats/TokenStats.tsx:98:3
    at div
    at div (/home/manitcor/roko/roko-marketing/src/components/__tests__/Hero.test.tsx:36:13)
    at div
    at div (/home/manitcor/roko/roko-marketing/src/components/__tests__/Hero.test.tsx:36:13)
    at section
    at Hero (/home/manitcor/roko/roko-marketing/src/components/sections/Hero.tsx:23:47)
    at Router (/home/manitcor/roko/roko-marketing/node_modules/react-router/dist/umd/react-router.development.js:1207:17)
    at MemoryRouter (/home/manitcor/roko/roko-marketing/node_modules/react-router/dist/umd/react-router.development.js:1101:7)
    at QueryClientProvider (file:///home/manitcor/roko/roko-marketing/node_modules/@tanstack/react-query/build/modern/QueryClientProvider.js:20:3)
    at AllTheProviders (/home/manitcor/roko/roko-marketing/src/test-utils.ts:85:3)
    at Wrapper (/home/manitcor/roko/roko-marketing/src/test-utils.ts:106:22)

            </system-err>
            <failure message="expect(received).toHaveNoViolations(expected)

Expected the HTML found at $(&apos;:root&apos;) to have no violations:

&lt;div class=&quot;loadingSkeleton&quot; aria-label=&quot;Loading...&quot;&gt;&lt;/div&gt;

Received:

&quot;Elements must only use permitted ARIA attributes (aria-prohibited-attr)&quot;

Fix all of the following:
  aria-label attribute cannot be used on a div with no valid role attribute.

You can find more information on this issue here: 
https://dequeuniversity.com/rules/axe/4.10/aria-prohibited-attr?application=axeAPI

Expected the HTML found at $(&apos;:root&apos;) to have no violations:

&lt;div class=&quot;loadingSkeleton&quot; aria-label=&quot;Loading...&quot;&gt;&lt;/div&gt;

Received:

&quot;Elements must only use permitted ARIA attributes (aria-prohibited-attr)&quot;

Fix all of the following:
  aria-label attribute cannot be used on a div with no valid role attribute.

You can find more information on this issue here: 
https://dequeuniversity.com/rules/axe/4.10/aria-prohibited-attr?application=axeAPI" type="Error">
Error: expect(received).toHaveNoViolations(expected)

Expected the HTML found at $(&apos;:root&apos;) to have no violations:

&lt;div class=&quot;loadingSkeleton&quot; aria-label=&quot;Loading...&quot;&gt;&lt;/div&gt;

Received:

&quot;Elements must only use permitted ARIA attributes (aria-prohibited-attr)&quot;

Fix all of the following:
  aria-label attribute cannot be used on a div with no valid role attribute.

You can find more information on this issue here: 
https://dequeuniversity.com/rules/axe/4.10/aria-prohibited-attr?application=axeAPI

Expected the HTML found at $(&apos;:root&apos;) to have no violations:

&lt;div class=&quot;loadingSkeleton&quot; aria-label=&quot;Loading...&quot;&gt;&lt;/div&gt;

Received:

[...]
                    aria-label=&quot;Loading...&quot;
                    class=&quot;loadingSkeleton&quot;
                  /&gt;
                &lt;/div&gt;
                &lt;div
                  class=&quot;statLabel&quot;
                &gt;
                  Token Holders
                &lt;/div&gt;
              &lt;/div&gt;
            &lt;/div&gt;
            &lt;div
              class=&quot;statusBar&quot;
            &gt;
              &lt;div
                class=&quot;statusDot loading&quot;
              /&gt;
              &lt;span
                class=&quot;statusText&quot;
              &gt;
                Updating...
              &lt;/span&gt;
            &lt;/div&gt;
          &lt;/div&gt;
        &lt;/div&gt;
      &lt;/div&gt;
      &lt;div
        animate=&quot;[object Object]&quot;
        class=&quot;scrollIndicator&quot;
        transition=&quot;[object Object]&quot;
        variants=&quot;[object Object]&quot;
      &gt;
        &lt;svg
          class=&quot;scrollIcon&quot;
          data-testid=&quot;chevron-down-icon&quot;
        &gt;
          &lt;path
            d=&quot;chevron-down&quot;
          /&gt;
        &lt;/svg&gt;
        &lt;span
          class=&quot;scrollText&quot;
        &gt;
          Explore Features
        &lt;/span&gt;
      &lt;/div&gt;
      &lt;div
        aria-live=&quot;polite&quot;
        class=&quot;sr-only&quot;
      /&gt;
    &lt;/section&gt;
  &lt;/div&gt;
&lt;/body&gt;
 ❯ Object.getElementError node_modules/@testing-library/react/node_modules/@testing-library/dom/dist/config.js:37:19
 ❯ getElementError node_modules/@testing-library/react/node_modules/@testing-library/dom/dist/query-helpers.js:20:35
 ❯ getMultipleElementsFoundError node_modules/@testing-library/react/node_modules/@testing-library/dom/dist/query-helpers.js:23:10
 ❯ node_modules/@testing-library/react/node_modules/@testing-library/dom/dist/query-helpers.js:55:13
 ❯ node_modules/@testing-library/react/node_modules/@testing-library/dom/dist/query-helpers.js:95:19
 ❯ src/components/__tests__/Hero.test.tsx:341:21
            </failure>
            <failure message="Found multiple elements with the text: /Web3/i

Here are the matching elements:

Ignored nodes: comments, script, style
[36m&lt;span[39m
  [33mclass[39m=[32m&quot;typewriter&quot;[39m
  [33mvariants[39m=[32m&quot;[object Object]&quot;[39m
[36m&gt;[39m
  [0mfor Web3[0m
[36m&lt;/span&gt;[39m

Ignored nodes: comments, script, style
[36m&lt;p[39m
  [33mclass[39m=[32m&quot;subheadline&quot;[39m
  [33mvariants[39m=[32m&quot;[object Object]&quot;[39m
[36m&gt;[39m
  [0mTime measuring precision blockchain infrastructure powered by[0m
  [0m [0m
  [36m&lt;span[39m
    [33mclass[39m=[32m&quot;highlight&quot;[39m
  [36m&gt;[39m
    [0mIEEE 1588 PTP[0m
  [36m&lt;/span&gt;[39m
  [0m hardware synchronization.[0m
  [36m&lt;br /&gt;[39m
  [0mBuild the next generation of time-critical Web3 applications.[0m
[36m&lt;/p&gt;[39m

(If this is intentional, then use the `*AllBy*` variant of the query (like `queryAllByText`, `getAllByText`, or `findAllByText`)).

Ignored nodes: comments, script, style
[36m&lt;body&gt;[39m
  [36m&lt;div&gt;[39m
    [36m&lt;section[39m
      [33maria-label[39m=[32m&quot;Hero section introducing ROKO Network&quot;[39m
      [33mclass[39m=[32m&quot;hero&quot;[39m
      [33mrole[39m=[32m&quot;region&quot;[39m
    [36m&gt;[39m
      [36m&lt;div[39m
        [33mclass[39m=[32m&quot;backgroundGradient&quot;[39m
      [36m/&gt;[39m
      [36m&lt;div[39m
        [33mclass[39m=[32m&quot;sceneContainer&quot;[39m
      [36m&gt;[39m
        [36m&lt;div[39m
          [33maria-hidden[39m=[32m&quot;true&quot;[39m
          [33mcamera[39m=[32m&quot;[object Object]&quot;[39m
          [33mclass[39m=[32m&quot;canvas&quot;[39m
          [33mdata-testid[39m=[32m&quot;three-canvas&quot;[39m
        [36m&gt;[39m
          [36m&lt;ambientlight[39m
            [33mintensity[39m=[32m&quot;0.5&quot;[39m
          [36m/&gt;[39m
          [36m&lt;pointlight[39m
            [33mintensity[39m=[32m&quot;1&quot;[39m
            [33mposition[39m=[32m&quot;10,10,10&quot;[39m
          [36m/&gt;[39m
          [36m&lt;div[39m
            [33mdata-props[39m=[32m&quot;{\&quot;position\&quot;:[2,0,0],\&quot;scale\&quot;:1.2,\&quot;isHovered\&quot;:false,\&quot;performanceLevel\&quot;:\&quot;high\&quot;}&quot;[39m
            [33mdata-testid[39m=[32m&quot;temporal-orb&quot;[39m
          [36m/&gt;[39m
        [36m&lt;/div&gt;[39m
      [36m&lt;/div&gt;[39m
      [36m&lt;div[39m
        [33manimate[39m=[32m&quot;hidden&quot;[39m
        [33mclass[39m=[32m&quot;content&quot;[39m
        [33minitial[39m=[32m&quot;hidden&quot;[39m
        [33mvariants[39m=[32m&quot;[object Object]&quot;[39m
      [36m&gt;[39m
        [36m&lt;div[39m
          [33mclass[39m=[32m&quot;headlineContainer&quot;[39m
          [33mvariants[39m=[32m&quot;[object Object]&quot;[39m
        [36m&gt;[39m
          [36m&lt;h1[39m
            [33mclass[39m=[32m&quot;headline&quot;[39m
          [36m&gt;[39m
            [36m&lt;span[39m
              [33mclass[39m=[32m&quot;gradientText&quot;[39m
            [36m&gt;[39m
              [0mThe Temporal Layer[0m
            [36m&lt;/span&gt;[39m
            [36m&lt;br /&gt;[39m
            [36m&lt;span[39m
              [33mclass[39m=[32m&quot;typewriter&quot;[39m
              [33mvariants[39m=[32m&quot;[object Object]&quot;[39m
            [36m&gt;[39m
              [0mfor Web3[0m
            [36m&lt;/span&gt;[39m
          [36m&lt;/h1&gt;[39m
        [36m&lt;/div&gt;[39m
        [36m&lt;p[39m
          [33mclass[39m=[32m&quot;subheadline&quot;[39m
          [33mvariants[39m=[32m&quot;[object Object]&quot;[39m
        [36m&gt;[39m
          [0mTime measuring precision blockchain infrastructure powered by[0m
          [0m [0m
          [36m&lt;span[39m
            [33mclass[39m=[32m&quot;highlight&quot;[39m
          [36m&gt;[39m
            [0mIEEE 1588 PTP[0m
          [36m&lt;/span&gt;[39m
          [0m hardware synchronization.[0m
          [36m&lt;br /&gt;[39m
          [0mBuild the next generation of time-critical Web3 applications.[0m
        [36m&lt;/p&gt;[39m
        [36m&lt;div[39m
          [33mclass[39m=[32m&quot;statsContainer&quot;[39m
          [33mvariants[39m=[32m&quot;[object Object]&quot;[39m
        [36m&gt;[39m
          [36m&lt;div[39m
            [33mclass[39m=[32m&quot;stat&quot;[39m
          [36m&gt;[39m
            [36m&lt;span[39m
              [33mclass[39m=[32m&quot;statNumber&quot;[39m
            [36m&gt;[39m
              [0m~1ns[0m
            [36m&lt;/span&gt;[39m
            [36m&lt;span[39m
              [33mclass[39m=[32m&quot;statLabel&quot;[39m
            [36m&gt;[39m
              [0mPrecision[0m
            [36m&lt;/span&gt;[39m
          [36m&lt;/div&gt;[39m
          [36m&lt;div[39m
            [33mclass[39m=[32m&quot;statDivider&quot;[39m
          [36m/&gt;[39m
          [36m&lt;div[39m
            [33mclass[39m=[32m&quot;stat&quot;[39m
          [36m&gt;[39m
            [36m&lt;span[39m
              [33mclass[39m=[32m&quot;statNumber&quot;[39m
            [36m&gt;[39m
              [0m24/7[0m
            [36m&lt;/span&gt;[39m
            [36m&lt;span[39m
              [33mclass[39m=[32m&quot;statLabel&quot;[39m
            [36m&gt;[39m
              [0mUptime[0m
            [36m&lt;/span&gt;[39m
          [36m&lt;/div&gt;[39m
          [36m&lt;div[39m
            [33mclass[39m=[32m&quot;statDivider&quot;[39m
          [36m/&gt;[39m
          [36m&lt;div[39m
            [33mclass[39m=[32m&quot;stat&quot;[39m
          [36m&gt;[39m
            [36m&lt;span[39m
              [33mclass[39m=[32m&quot;statNumber&quot;[39m
            [36m&gt;[39m
              [0mGlobal[0m
            [36m&lt;/span&gt;[39m
            [36m&lt;span[39m
              [33mclass[39m=[32m&quot;statLabel&quot;[39m
            [36m&gt;[39m
              [0mNetwork[0m
            [36m&lt;/span&gt;[39m
          [36m&lt;/div&gt;[39m
        [36m&lt;/div&gt;[39m
        [36m&lt;div[39m
          [33mclass[39m=[32m&quot;tokenStatsContainer&quot;[39m
          [33mvariants[39m=[32m&quot;[object Object]&quot;[39m
        [36m&gt;[39m
          [36m&lt;div[39m
            [33maria-label[39m=[32m&quot;ROKO token statistics&quot;[39m
            [33mclass[39m=[32m&quot;container hero heroTokenStats&quot;[39m
            [33mrole[39m=[32m&quot;region&quot;[39m
          [36m&gt;[39m
            [36m&lt;div[39m
              [33mclass[39m=[32m&quot;statsGrid&quot;[39m
            [36m&gt;[39m
              [36m&lt;div[39m
                [33manimate[39m=[32m&quot;[object Object]&quot;[39m
                [33mclass[39m=[32m&quot;statItem&quot;[39m
                [33minitial[39m=[32m&quot;[object Object]&quot;[39m
                [33mtransition[39m=[32m&quot;[object Object]&quot;[39m
              [36m&gt;[39m
                [36m&lt;div[39m
                  [33mclass[39m=[32m&quot;statValue&quot;[39m
                [36m&gt;[39m
                  [36m&lt;div[39m
                    [33maria-label[39m=[32m&quot;Loading...&quot;[39m
                    [33mclass[39m=[32m&quot;loadingSkeleton&quot;[39m
                  [36m/&gt;[39m
                [36m&lt;/div&gt;[39m
                [36m&lt;div[39m
                  [33mclass[39m=[32m&quot;statLabel&quot;[39m
                [36m&gt;[39m
                  [0mTotal Supply[0m
                [36m&lt;/div&gt;[39m
              [36m&lt;/div&gt;[39m
              [36m&lt;div[39m
                [33manimate[39m=[32m&quot;[object Object]&quot;[39m
                [33mclass[39m=[32m&quot;statItem&quot;[39m
                [33minitial[39m=[32m&quot;[object Object]&quot;[39m
                [33mtransition[39m=[32m&quot;[object Object]&quot;[39m
              [36m&gt;[39m
                [36m&lt;div[39m
                  [33mclass[39m=[32m&quot;statValue&quot;[39m
                [36m&gt;[39m
                  [36m&lt;div[39m
                    [33maria-label[39m=[32m&quot;Loading...&quot;[39m
                    [33mclass[39m=[32m&quot;loadingSkeleton&quot;[39m
                  [36m/&gt;[39m
                [36m&lt;/div&gt;[39m
                [36m&lt;div[39m
                  [33mclass[39m=[32m&quot;statLabel&quot;[39m
                [36m&gt;[39m
                  [0mToken Holders[0m
                [36m&lt;/div&gt;[39m
              [36m&lt;/div&gt;[39m
            [36m&lt;/div&gt;[39m
            [36m&lt;div[39m
              [33mclass[39m=[32m&quot;statusBar&quot;[39m
            [36m&gt;[39m
              [36m&lt;div[39m
                [33mclass[39m=[32m&quot;statusDot loading&quot;[39m
              [36m/&gt;[39m
              [36m&lt;span[39m
                [33mclass[39m=[32m&quot;statusText&quot;[39m
              [36m&gt;[39m
                [0mUpdating...[0m
              [36m&lt;/span&gt;[39m
            [36m&lt;/div&gt;[39m
          [36m&lt;/div&gt;[39m
        [36m&lt;/div&gt;[39m
      [36m&lt;/div&gt;[39m
      [36m&lt;div[39m
        [33manimate[39m=[32m&quot;[object Object]&quot;[39m
        [33mclass[39m=[32m&quot;scrollIndicator&quot;[39m
        [33mtransition[39m=[32m&quot;[object Object]&quot;[39m
        [33mvariants[39m=[32m&quot;[object Object]&quot;[39m
      [36m&gt;[39m
        [36m&lt;svg[39m
          [33mclass[39m=[32m&quot;scrollIcon&quot;[39m
          [33mdata-testid[39m=[32m&quot;chevron-down-icon&quot;[39m
        [36m&gt;[39m
          [36m&lt;path[39m
            [33md[39m=[32m&quot;chevron-down&quot;[39m
          [36m/&gt;[39m
        [36m&lt;/svg&gt;[39m
        [36m&lt;span[39m
          [33mclass[39m=[32m&quot;scrollText&quot;[39m
        [36m&gt;[39m
          [0mExplore Features[0m
        [36m&lt;/span&gt;[39m
      [36m&lt;/div&gt;[39m
      [36m&lt;div[39m
        [33maria-live[39m=[32m&quot;polite&quot;[39m
        [33mclass[39m=[32m&quot;sr-only&quot;[39m
      [36m/&gt;[39m
    [36m&lt;/section&gt;[39m
  [36m&lt;/div&gt;[39m
[36m&lt;/body&gt;[39m" type="TestingLibraryElementError">
TestingLibraryElementError: Found multiple elements with the text: /Web3/i

Here are the matching elements:

Ignored nodes: comments, script, style
&lt;span
  class=&quot;typewriter&quot;
  variants=&quot;[object Object]&quot;
&gt;
  for Web3
&lt;/span&gt;

Ignored nodes: comments, script, style
&lt;p
  class=&quot;subheadline&quot;
  variants=&quot;[object Object]&quot;
&gt;
  Time measuring precision blockchain infrastructure powered by
   
  &lt;span
    class=&quot;highlight&quot;
  &gt;
    IEEE 1588 PTP
  &lt;/span&gt;
   hardware synchronization.
  &lt;br /&gt;
  Build the next generation of time-critical Web3 applications.
&lt;/p&gt;

(If this is intentional, then use the `*AllBy*` variant of the query (like `queryAllByText`, `getAllByText`, or `findAllByText`)).

Ignored nodes: comments, script, style
&lt;body&gt;
  &lt;div&gt;
    &lt;section
      aria-label=&quot;Hero section introducing ROKO Network&quot;
      class=&quot;hero&quot;
      role=&quot;region&quot;
    &gt;
      &lt;div
        class=&quot;backgroundGradient&quot;
      /&gt;
      &lt;div
        class=&quot;sceneContainer&quot;
      &gt;
        &lt;div
          aria-hidden=&quot;true&quot;
          camera=&quot;[object Object]&quot;
          class=&quot;canvas&quot;
          data-testid=&quot;three-canvas&quot;
        &gt;
          &lt;ambientlight
            intensity=&quot;0.5&quot;
          /&gt;
          &lt;pointlight
            intensity=&quot;1&quot;
            position=&quot;10,10,10&quot;
          /&gt;
          &lt;div
            data-props=&quot;{\&quot;position\&quot;:[2,0,0],\&quot;scale\&quot;:1.2,\&quot;isHovered\&quot;:false,\&quot;performanceLevel\&quot;:\&quot;high\&quot;}&quot;
            data-testid=&quot;temporal-orb&quot;
          /&gt;
        &lt;/div&gt;
      &lt;/div&gt;
      &lt;div
        animate=&quot;hidden&quot;
        class=&quot;content&quot;
        initial=&quot;hidden&quot;
        variants=&quot;[object Object]&quot;
      &gt;
        &lt;div
          class=&quot;headlineContainer&quot;
          variants=&quot;[object Object]&quot;
        &gt;
          &lt;h1
            class=&quot;headline&quot;
          &gt;
            &lt;span
              class=&quot;gradientText&quot;
            &gt;
              The Temporal Layer
            &lt;/span&gt;
            &lt;br /&gt;
            &lt;span
              class=&quot;typewriter&quot;
              variants=&quot;[object Object]&quot;
            &gt;
              for Web3
            &lt;/span&gt;
          &lt;/h1&gt;
        &lt;/div&gt;
        &lt;p
          class=&quot;subheadline&quot;
          variants=&quot;[object Object]&quot;
        &gt;
          Time measuring precision blockchain infrastructure powered by
           
          &lt;span
            class=&quot;highlight&quot;
          &gt;
            IEEE 1588 PTP
          &lt;/span&gt;
           hardware synchronization.
          &lt;br /&gt;
          Build the next generation of time-critical Web3 applications.
        &lt;/p&gt;
        &lt;div
          class=&quot;statsContainer&quot;
          variants=&quot;[object Object]&quot;
        &gt;
          &lt;div
            class=&quot;stat&quot;
          &gt;
            &lt;span
              class=&quot;statNumber&quot;
            &gt;
              ~1ns
            &lt;/span&gt;
            &lt;span
              class=&quot;statLabel&quot;
            &gt;
              Precision
            &lt;/span&gt;
          &lt;/div&gt;
          &lt;div
            class=&quot;statDivider&quot;
          /&gt;
          &lt;div
            class=&quot;stat&quot;
          &gt;
            &lt;span
              class=&quot;statNumber&quot;
            &gt;
              24/7
            &lt;/span&gt;
            &lt;span
              class=&quot;statLabel&quot;
            &gt;
              Uptime
            &lt;/span&gt;
          &lt;/div&gt;
          &lt;div
            class=&quot;statDivider&quot;
          /&gt;
          &lt;div
            class=&quot;stat&quot;
          &gt;
            &lt;span
              class=&quot;statNumber&quot;
            &gt;
              Global
            &lt;/span&gt;
            &lt;span
              class=&quot;statLabel&quot;
            &gt;
              Network
            &lt;/span&gt;
          &lt;/div&gt;
        &lt;/div&gt;
        &lt;div
          class=&quot;tokenStatsContainer&quot;
          variants=&quot;[object Object]&quot;
        &gt;
          &lt;div
            aria-label=&quot;ROKO token statistics&quot;
            class=&quot;container hero heroTokenStats&quot;
            role=&quot;region&quot;
          &gt;
            &lt;div
              class=&quot;statsGrid&quot;
            &gt;
              &lt;div
                animate=&quot;[object Object]&quot;
                class=&quot;statItem&quot;
                initial=&quot;[object Object]&quot;
                transition=&quot;[object Object]&quot;
              &gt;
                &lt;div
                  class=&quot;statValue&quot;
                &gt;
                  &lt;div
                    aria-label=&quot;Loading...&quot;
                    class=&quot;loadingSkeleton&quot;
                  /&gt;
                &lt;/div&gt;
                &lt;div
                  class=&quot;statLabel&quot;
                &gt;
                  Total Supply
                &lt;/div&gt;
              &lt;/div&gt;
              &lt;div
                animate=&quot;[object Object]&quot;
                class=&quot;statItem&quot;
                initial=&quot;[object Object]&quot;
                transition=&quot;[object Object]&quot;
              &gt;
                &lt;div
                  class=&quot;statValue&quot;
                &gt;
                  &lt;div
                    aria-label=&quot;Loading...&quot;
                    class=&quot;loadingSkeleton&quot;
                  /&gt;
                &lt;/div&gt;
                &lt;div
                  class=&quot;statLabel&quot;
                &gt;
                  Token Holders
                &lt;/div&gt;
              &lt;/div&gt;
            &lt;/div&gt;
            &lt;div
              class=&quot;statusBar&quot;
            &gt;
              &lt;div
                class=&quot;statusDot loading&quot;
              /&gt;
              &lt;span
                class=&quot;statusText&quot;
              &gt;
                Updating...
              &lt;/span&gt;
            &lt;/div&gt;
          &lt;/div&gt;
        &lt;/div&gt;
      &lt;/div&gt;
      &lt;div
        animate=&quot;[object Object]&quot;
        class=&quot;scrollIndicator&quot;
        transition=&quot;[object Object]&quot;
        variants=&quot;[object Object]&quot;
      &gt;
        &lt;svg
          class=&quot;scrollIcon&quot;
          data-testid=&quot;chevron-down-icon&quot;
        &gt;
          &lt;path
            d=&quot;chevron-down&quot;
          /&gt;
        &lt;/svg&gt;
        &lt;span
          class=&quot;scrollText&quot;
        &gt;
          Explore Features
        &lt;/span&gt;
      &lt;/div&gt;
      &lt;div
        aria-live=&quot;polite&quot;
        class=&quot;sr-only&quot;
      /&gt;
    &lt;/section&gt;
  &lt;/div&gt;
&lt;/body&gt;
 ❯ Object.getElementError node_modules/@testing-library/react/node_modules/@testing-library/dom/dist/config.js:37:19
 ❯ getElementError node_modules/@testing-library/react/node_modules/@testing-library/dom/dist/query-helpers.js:20:35
 ❯ getMultipleElementsFoundError node_modules/@testing-library/react/node_modules/@testing-library/dom/dist/query-helpers.js:23:10
 ❯ node_modules/@testing-library/react/node_modules/@testing-library/dom/dist/query-helpers.js:55:13
 ❯ node_modules/@testing-library/react/node_modules/@testing-library/dom/dist/query-helpers.js:95:19
 ❯ src/components/__tests__/Hero.test.tsx:341:21
            </failure>
        </testcase>
    </testsuite>
</testsuites>
