{"numTotalTestSuites":10,"numPassedTestSuites":10,"numFailedTestSuites":0,"numPendingTestSuites":0,"numTotalTests":26,"numPassedTests":18,"numFailedTests":8,"numPendingTests":0,"numTodoTests":0,"startTime":1758128065590,"success":false,"testResults":[{"assertionResults":[{"ancestorTitles":["","Hero Component","Rendering"],"fullName":" Hero Component Rendering should render without crashing","status":"passed","title":"should render without crashing","duration":128,"failureMessages":[]},{"ancestorTitles":["","Hero Component","Rendering"],"fullName":" Hero Component Rendering should display main headline text","status":"passed","title":"should display main headline text","duration":16,"failureMessages":[]},{"ancestorTitles":["","Hero Component","Rendering"],"fullName":" Hero Component Rendering should display subheadline with key information","status":"passed","title":"should display subheadline with key information","duration":29,"failureMessages":[]},{"ancestorTitles":["","Hero Component","Rendering"],"fullName":" Hero Component Rendering should display network statistics","status":"passed","title":"should display network statistics","duration":29,"failureMessages":[]},{"ancestorTitles":["","Hero Component","Rendering"],"fullName":" Hero Component Rendering should render scroll indicator","status":"passed","title":"should render scroll indicator","duration":12,"failureMessages":[]},{"ancestorTitles":["","Hero Component","Rendering"],"fullName":" Hero Component Rendering should render 3D canvas with fallback","status":"failed","title":"should render 3D canvas with fallback","duration":33,"failureMessages":["Unable to find an element by: [data-testid=\"accessibility-fallback\"]\n\nIgnored nodes: comments, script, style\n\u001b[36m<body>\u001b[39m\n  \u001b[36m<div>\u001b[39m\n    \u001b[36m<section\u001b[39m\n      \u001b[33maria-label\u001b[39m=\u001b[32m\"Hero section introducing ROKO Network\"\u001b[39m\n      \u001b[33mclass\u001b[39m=\u001b[32m\"hero\"\u001b[39m\n      \u001b[33mrole\u001b[39m=\u001b[32m\"region\"\u001b[39m\n    \u001b[36m>\u001b[39m\n      \u001b[36m<div\u001b[39m\n        \u001b[33mclass\u001b[39m=\u001b[32m\"backgroundGradient\"\u001b[39m\n      \u001b[36m/>\u001b[39m\n      \u001b[36m<div\u001b[39m\n        \u001b[33mclass\u001b[39m=\u001b[32m\"sceneContainer\"\u001b[39m\n      \u001b[36m>\u001b[39m\n        \u001b[36m<div\u001b[39m\n          \u001b[33maria-hidden\u001b[39m=\u001b[32m\"true\"\u001b[39m\n          \u001b[33mcamera\u001b[39m=\u001b[32m\"[object Object]\"\u001b[39m\n          \u001b[33mclass\u001b[39m=\u001b[32m\"canvas\"\u001b[39m\n          \u001b[33mdata-testid\u001b[39m=\u001b[32m\"three-canvas\"\u001b[39m\n        \u001b[36m>\u001b[39m\n          \u001b[36m<ambientlight\u001b[39m\n            \u001b[33mintensity\u001b[39m=\u001b[32m\"0.5\"\u001b[39m\n          \u001b[36m/>\u001b[39m\n          \u001b[36m<pointlight\u001b[39m\n            \u001b[33mintensity\u001b[39m=\u001b[32m\"1\"\u001b[39m\n            \u001b[33mposition\u001b[39m=\u001b[32m\"10,10,10\"\u001b[39m\n          \u001b[36m/>\u001b[39m\n          \u001b[36m<div\u001b[39m\n            \u001b[33mdata-props\u001b[39m=\u001b[32m\"{\\\"position\\\":[2,0,0],\\\"scale\\\":1.2,\\\"isHovered\\\":false,\\\"performanceLevel\\\":\\\"high\\\"}\"\u001b[39m\n            \u001b[33mdata-testid\u001b[39m=\u001b[32m\"temporal-orb\"\u001b[39m\n          \u001b[36m/>\u001b[39m\n        \u001b[36m</div>\u001b[39m\n      \u001b[36m</div>\u001b[39m\n      \u001b[36m<div\u001b[39m\n        \u001b[33manimate\u001b[39m=\u001b[32m\"hidden\"\u001b[39m\n        \u001b[33mclass\u001b[39m=\u001b[32m\"content\"\u001b[39m\n        \u001b[33minitial\u001b[39m=\u001b[32m\"hidden\"\u001b[39m\n        \u001b[33mvariants\u001b[39m=\u001b[32m\"[object Object]\"\u001b[39m\n      \u001b[36m>\u001b[39m\n        \u001b[36m<div\u001b[39m\n          \u001b[33mclass\u001b[39m=\u001b[32m\"headlineContainer\"\u001b[39m\n          \u001b[33mvariants\u001b[39m=\u001b[32m\"[object Object]\"\u001b[39m\n        \u001b[36m>\u001b[39m\n          \u001b[36m<h1\u001b[39m\n            \u001b[33mclass\u001b[39m=\u001b[32m\"headline\"\u001b[39m\n          \u001b[36m>\u001b[39m\n            \u001b[36m<span\u001b[39m\n              \u001b[33mclass\u001b[39m=\u001b[32m\"gradientText\"\u001b[39m\n            \u001b[36m>\u001b[39m\n              \u001b[0mThe Temporal Layer\u001b[0m\n            \u001b[36m</span>\u001b[39m\n            \u001b[36m<br />\u001b[39m\n            \u001b[36m<span\u001b[39m\n              \u001b[33mclass\u001b[39m=\u001b[32m\"typewriter\"\u001b[39m\n              \u001b[33mvariants\u001b[39m=\u001b[32m\"[object Object]\"\u001b[39m\n            \u001b[36m>\u001b[39m\n              \u001b[0mfor Web3\u001b[0m\n            \u001b[36m</span>\u001b[39m\n          \u001b[36m</h1>\u001b[39m\n        \u001b[36m</div>\u001b[39m\n        \u001b[36m<p\u001b[39m\n          \u001b[33mclass\u001b[39m=\u001b[32m\"subheadline\"\u001b[39m\n          \u001b[33mvariants\u001b[39m=\u001b[32m\"[object Object]\"\u001b[39m\n        \u001b[36m>\u001b[39m\n          \u001b[0mTime measuring precision blockchain infrastructure powered by\u001b[0m\n          \u001b[0m \u001b[0m\n          \u001b[36m<span\u001b[39m\n            \u001b[33mclass\u001b[39m=\u001b[32m\"highlight\"\u001b[39m\n          \u001b[36m>\u001b[39m\n            \u001b[0mIEEE 1588 PTP\u001b[0m\n          \u001b[36m</span>\u001b[39m\n          \u001b[0m hardware synchronization.\u001b[0m\n          \u001b[36m<br />\u001b[39m\n          \u001b[0mBuild the next generation of time-critical Web3 applications.\u001b[0m\n        \u001b[36m</p>\u001b[39m\n        \u001b[36m<div\u001b[39m\n          \u001b[33mclass\u001b[39m=\u001b[32m\"statsContainer\"\u001b[39m\n          \u001b[33mvariants\u001b[39m=\u001b[32m\"[object Object]\"\u001b[39m\n        \u001b[36m>\u001b[39m\n          \u001b[36m<div\u001b[39m\n            \u001b[33mclass\u001b[39m=\u001b[32m\"stat\"\u001b[39m\n          \u001b[36m>\u001b[39m\n            \u001b[36m<span\u001b[39m\n              \u001b[33mclass\u001b[39m=\u001b[32m\"statNumber\"\u001b[39m\n            \u001b[36m>\u001b[39m\n              \u001b[0m~1ns\u001b[0m\n            \u001b[36m</span>\u001b[39m\n            \u001b[36m<span\u001b[39m\n              \u001b[33mclass\u001b[39m=\u001b[32m\"statLabel\"\u001b[39m\n            \u001b[36m>\u001b[39m\n              \u001b[0mPrecision\u001b[0m\n            \u001b[36m</span>\u001b[39m\n          \u001b[36m</div>\u001b[39m\n          \u001b[36m<div\u001b[39m\n            \u001b[33mclass\u001b[39m=\u001b[32m\"statDivider\"\u001b[39m\n          \u001b[36m/>\u001b[39m\n          \u001b[36m<div\u001b[39m\n            \u001b[33mclass\u001b[39m=\u001b[32m\"stat\"\u001b[39m\n          \u001b[36m>\u001b[39m\n            \u001b[36m<span\u001b[39m\n              \u001b[33mclass\u001b[39m=\u001b[32m\"statNumber\"\u001b[39m\n            \u001b[36m>\u001b[39m\n              \u001b[0m24/7\u001b[0m\n            \u001b[36m</span>\u001b[39m\n            \u001b[36m<span\u001b[39m\n              \u001b[33mclass\u001b[39m=\u001b[32m\"statLabel\"\u001b[39m\n            \u001b[36m>\u001b[39m\n              \u001b[0mUptime\u001b[0m\n            \u001b[36m</span>\u001b[39m\n          \u001b[36m</div>\u001b[39m\n          \u001b[36m<div\u001b[39m\n            \u001b[33mclass\u001b[39m=\u001b[32m\"statDivider\"\u001b[39m\n          \u001b[36m/>\u001b[39m\n          \u001b[36m<div\u001b[39m\n            \u001b[33mclass\u001b[39m=\u001b[32m\"stat\"\u001b[39m\n          \u001b[36m>\u001b[39m\n            \u001b[36m<span\u001b[39m\n              \u001b[33mclass\u001b[39m=\u001b[32m\"statNumber\"\u001b[39m\n            \u001b[36m>\u001b[39m\n              \u001b[0mGlobal\u001b[0m\n            \u001b[36m</span>\u001b[39m\n            \u001b[36m<span\u001b[39m\n              \u001b[33mclass\u001b[39m=\u001b[32m\"statLabel\"\u001b[39m\n            \u001b[36m>\u001b[39m\n              \u001b[0mNetwork\u001b[0m\n            \u001b[36m</span>\u001b[39m\n          \u001b[36m</div>\u001b[39m\n        \u001b[36m</div>\u001b[39m\n        \u001b[36m<div\u001b[39m\n          \u001b[33mclass\u001b[39m=\u001b[32m\"tokenStatsContainer\"\u001b[39m\n          \u001b[33mvariants\u001b[39m=\u001b[32m\"[object Object]\"\u001b[39m\n        \u001b[36m>\u001b[39m\n          \u001b[36m<div\u001b[39m\n            \u001b[33maria-label\u001b[39m=\u001b[32m\"ROKO token statistics\"\u001b[39m\n            \u001b[33mclass\u001b[39m=\u001b[32m\"container hero heroTokenStats\"\u001b[39m\n            \u001b[33mrole\u001b[39m=\u001b[32m\"region\"\u001b[39m\n          \u001b[36m>\u001b[39m\n            \u001b[36m<div\u001b[39m\n              \u001b[33mclass\u001b[39m=\u001b[32m\"statsGrid\"\u001b[39m\n            \u001b[36m>\u001b[39m\n              \u001b[36m<div\u001b[39m\n                \u001b[33manimate\u001b[39m=\u001b[32m\"[object Object]\"\u001b[39m\n                \u001b[33mclass\u001b[39m=\u001b[32m\"statItem\"\u001b[39m\n                \u001b[33minitial\u001b[39m=\u001b[32m\"[object Object]\"\u001b[39m\n                \u001b[33mtransition\u001b[39m=\u001b[32m\"[object Object]\"\u001b[39m\n              \u001b[36m>\u001b[39m\n                \u001b[36m<div\u001b[39m\n                  \u001b[33mclass\u001b[39m=\u001b[32m\"statValue\"\u001b[39m\n                \u001b[36m>\u001b[39m\n                  \u001b[36m<div\u001b[39m\n                    \u001b[33maria-label\u001b[39m=\u001b[32m\"Loading...\"\u001b[39m\n                    \u001b[33mclass\u001b[39m=\u001b[32m\"loadingSkeleton\"\u001b[39m\n                  \u001b[36m/>\u001b[39m\n                \u001b[36m</div>\u001b[39m\n                \u001b[36m<div\u001b[39m\n                  \u001b[33mclass\u001b[39m=\u001b[32m\"statLabel\"\u001b[39m\n                \u001b[36m>\u001b[39m\n                  \u001b[0mTotal Supply\u001b[0m\n                \u001b[36m</div>\u001b[39m\n              \u001b[36m</div>\u001b[39m\n              \u001b[36m<div\u001b[39m\n                \u001b[33manimate\u001b[39m=\u001b[32m\"[object Object]\"\u001b[39m\n                \u001b[33mclass\u001b[39m=\u001b[32m\"statItem\"\u001b[39m\n                \u001b[33minitial\u001b[39m=\u001b[32m\"[object Object]\"\u001b[39m\n                \u001b[33mtransition\u001b[39m=\u001b[32m\"[object Object]\"\u001b[39m\n              \u001b[36m>\u001b[39m\n                \u001b[36m<div\u001b[39m\n                  \u001b[33mclass\u001b[39m=\u001b[32m\"statValue\"\u001b[39m\n                \u001b[36m>\u001b[39m\n                  \u001b[36m<div\u001b[39m\n                    \u001b[33maria-label\u001b[39m=\u001b[32m\"Loading...\"\u001b[39m\n                    \u001b[33mclass\u001b[39m=\u001b[32m\"loadingSkeleton\"\u001b[39m\n                  \u001b[36m/>\u001b[39m\n                \u001b[36m</div>\u001b[39m\n                \u001b[36m<div\u001b[39m\n                  \u001b[33mclass\u001b[39m=\u001b[32m\"statLabel\"\u001b[39m\n                \u001b[36m>\u001b[39m\n                  \u001b[0mToken Holders\u001b[0m\n                \u001b[36m</div>\u001b[39m\n              \u001b[36m</div>\u001b[39m\n            \u001b[36m</div>\u001b[39m\n            \u001b[36m<div\u001b[39m\n              \u001b[33mclass\u001b[39m=\u001b[32m\"statusBar\"\u001b[39m\n            \u001b[36m>\u001b[39m\n              \u001b[36m<div\u001b[39m\n                \u001b[33mclass\u001b[39m=\u001b[32m\"statusDot loading\"\u001b[39m\n              \u001b[36m/>\u001b[39m\n              \u001b[36m<span\u001b[39m\n                \u001b[33mclass\u001b[39m=\u001b[32m\"statusText\"\u001b[39m\n              \u001b[36m>\u001b[39m\n                \u001b[0mUpdating...\u001b[0m\n              \u001b[36m</span>\u001b[39m\n            \u001b[36m</div>\u001b[39m\n          \u001b[36m</div>\u001b[39m\n        \u001b[36m</div>\u001b[39m\n      \u001b[36m</div>\u001b[39m\n      \u001b[36m<div\u001b[39m\n        \u001b[33manimate\u001b[39m=\u001b[32m\"[object Object]\"\u001b[39m\n        \u001b[33mclass\u001b[39m=\u001b[32m\"scrollIndicator\"\u001b[39m\n        \u001b[33mtransition\u001b[39m=\u001b[32m\"[object Object]\"\u001b[39m\n        \u001b[33mvariants\u001b[39m=\u001b[32m\"[object Object]\"\u001b[39m\n      \u001b[36m>\u001b[39m\n        \u001b[36m<svg\u001b[39m\n          \u001b[33mclass\u001b[39m=\u001b[32m\"scrollIcon\"\u001b[39m\n          \u001b[33mdata-testid\u001b[39m=\u001b[32m\"chevron-down-icon\"\u001b[39m\n        \u001b[36m>\u001b[39m\n          \u001b[36m<path\u001b[39m\n            \u001b[33md\u001b[39m=\u001b[32m\"chevron-down\"\u001b[39m\n          \u001b[36m/>\u001b[39m\n        \u001b[36m</svg>\u001b[39m\n        \u001b[36m<span\u001b[39m\n          \u001b[33mclass\u001b[39m=\u001b[32m\"scrollText\"\u001b[39m\n        \u001b[36m>\u001b[39m\n          \u001b[0mExplore Features\u001b[0m\n        \u001b[36m</span>\u001b[39m\n      \u001b[36m</div>\u001b[39m\n      \u001b[36m<div\u001b[39m\n        \u001b[33maria-live\u001b[39m=\u001b[32m\"polite\"\u001b[39m\n        \u001b[33mclass\u001b[39m=\u001b[32m\"sr-only\"\u001b[39m\n      \u001b[36m/>\u001b[39m\n    \u001b[36m</section>\u001b[39m\n  \u001b[36m</div>\u001b[39m\n\u001b[36m</body>\u001b[39m","Unable to find an element by: [data-testid=\"accessibility-fallback\"]\n\nIgnored nodes: comments, script, style\n\u001b[36m<body>\u001b[39m\n  \u001b[36m<div>\u001b[39m\n    \u001b[36m<section\u001b[39m\n      \u001b[33maria-label\u001b[39m=\u001b[32m\"Hero section introducing ROKO Network\"\u001b[39m\n      \u001b[33mclass\u001b[39m=\u001b[32m\"hero\"\u001b[39m\n      \u001b[33mrole\u001b[39m=\u001b[32m\"region\"\u001b[39m\n    \u001b[36m>\u001b[39m\n      \u001b[36m<div\u001b[39m\n        \u001b[33mclass\u001b[39m=\u001b[32m\"backgroundGradient\"\u001b[39m\n      \u001b[36m/>\u001b[39m\n      \u001b[36m<div\u001b[39m\n        \u001b[33mclass\u001b[39m=\u001b[32m\"sceneContainer\"\u001b[39m\n      \u001b[36m>\u001b[39m\n        \u001b[36m<div\u001b[39m\n          \u001b[33maria-hidden\u001b[39m=\u001b[32m\"true\"\u001b[39m\n          \u001b[33mcamera\u001b[39m=\u001b[32m\"[object Object]\"\u001b[39m\n          \u001b[33mclass\u001b[39m=\u001b[32m\"canvas\"\u001b[39m\n          \u001b[33mdata-testid\u001b[39m=\u001b[32m\"three-canvas\"\u001b[39m\n        \u001b[36m>\u001b[39m\n          \u001b[36m<ambientlight\u001b[39m\n            \u001b[33mintensity\u001b[39m=\u001b[32m\"0.5\"\u001b[39m\n          \u001b[36m/>\u001b[39m\n          \u001b[36m<pointlight\u001b[39m\n            \u001b[33mintensity\u001b[39m=\u001b[32m\"1\"\u001b[39m\n            \u001b[33mposition\u001b[39m=\u001b[32m\"10,10,10\"\u001b[39m\n          \u001b[36m/>\u001b[39m\n          \u001b[36m<div\u001b[39m\n            \u001b[33mdata-props\u001b[39m=\u001b[32m\"{\\\"position\\\":[2,0,0],\\\"scale\\\":1.2,\\\"isHovered\\\":false,\\\"performanceLevel\\\":\\\"high\\\"}\"\u001b[39m\n            \u001b[33mdata-testid\u001b[39m=\u001b[32m\"temporal-orb\"\u001b[39m\n          \u001b[36m/>\u001b[39m\n        \u001b[36m</div>\u001b[39m\n      \u001b[36m</div>\u001b[39m\n      \u001b[36m<div\u001b[39m\n        \u001b[33manimate\u001b[39m=\u001b[32m\"hidden\"\u001b[39m\n        \u001b[33mclass\u001b[39m=\u001b[32m\"content\"\u001b[39m\n        \u001b[33minitial\u001b[39m=\u001b[32m\"hidden\"\u001b[39m\n        \u001b[33mvariants\u001b[39m=\u001b[32m\"[object Object]\"\u001b[39m\n      \u001b[36m>\u001b[39m\n        \u001b[36m<div\u001b[39m\n          \u001b[33mclass\u001b[39m=\u001b[32m\"headlineContainer\"\u001b[39m\n          \u001b[33mvariants\u001b[39m=\u001b[32m\"[object Object]\"\u001b[39m\n        \u001b[36m>\u001b[39m\n          \u001b[36m<h1\u001b[39m\n            \u001b[33mclass\u001b[39m=\u001b[32m\"headline\"\u001b[39m\n          \u001b[36m>\u001b[39m\n            \u001b[36m<span\u001b[39m\n              \u001b[33mclass\u001b[39m=\u001b[32m\"gradientText\"\u001b[39m\n            \u001b[36m>\u001b[39m\n              \u001b[0mThe Temporal Layer\u001b[0m\n            \u001b[36m</span>\u001b[39m\n            \u001b[36m<br />\u001b[39m\n            \u001b[36m<span\u001b[39m\n              \u001b[33mclass\u001b[39m=\u001b[32m\"typewriter\"\u001b[39m\n              \u001b[33mvariants\u001b[39m=\u001b[32m\"[object Object]\"\u001b[39m\n            \u001b[36m>\u001b[39m\n              \u001b[0mfor Web3\u001b[0m\n            \u001b[36m</span>\u001b[39m\n          \u001b[36m</h1>\u001b[39m\n        \u001b[36m</div>\u001b[39m\n        \u001b[36m<p\u001b[39m\n          \u001b[33mclass\u001b[39m=\u001b[32m\"subheadline\"\u001b[39m\n          \u001b[33mvariants\u001b[39m=\u001b[32m\"[object Object]\"\u001b[39m\n        \u001b[36m>\u001b[39m\n          \u001b[0mTime measuring precision blockchain infrastructure powered by\u001b[0m\n          \u001b[0m \u001b[0m\n          \u001b[36m<span\u001b[39m\n            \u001b[33mclass\u001b[39m=\u001b[32m\"highlight\"\u001b[39m\n          \u001b[36m>\u001b[39m\n            \u001b[0mIEEE 1588 PTP\u001b[0m\n          \u001b[36m</span>\u001b[39m\n          \u001b[0m hardware synchronization.\u001b[0m\n          \u001b[36m<br />\u001b[39m\n          \u001b[0mBuild the next generation of time-critical Web3 applications.\u001b[0m\n        \u001b[36m</p>\u001b[39m\n        \u001b[36m<div\u001b[39m\n          \u001b[33mclass\u001b[39m=\u001b[32m\"statsContainer\"\u001b[39m\n          \u001b[33mvariants\u001b[39m=\u001b[32m\"[object Object]\"\u001b[39m\n        \u001b[36m>\u001b[39m\n          \u001b[36m<div\u001b[39m\n            \u001b[33mclass\u001b[39m=\u001b[32m\"stat\"\u001b[39m\n          \u001b[36m>\u001b[39m\n            \u001b[36m<span\u001b[39m\n              \u001b[33mclass\u001b[39m=\u001b[32m\"statNumber\"\u001b[39m\n            \u001b[36m>\u001b[39m\n              \u001b[0m~1ns\u001b[0m\n            \u001b[36m</span>\u001b[39m\n            \u001b[36m<span\u001b[39m\n              \u001b[33mclass\u001b[39m=\u001b[32m\"statLabel\"\u001b[39m\n            \u001b[36m>\u001b[39m\n              \u001b[0mPrecision\u001b[0m\n            \u001b[36m</span>\u001b[39m\n          \u001b[36m</div>\u001b[39m\n          \u001b[36m<div\u001b[39m\n            \u001b[33mclass\u001b[39m=\u001b[32m\"statDivider\"\u001b[39m\n          \u001b[36m/>\u001b[39m\n          \u001b[36m<div\u001b[39m\n            \u001b[33mclass\u001b[39m=\u001b[32m\"stat\"\u001b[39m\n          \u001b[36m>\u001b[39m\n            \u001b[36m<span\u001b[39m\n              \u001b[33mclass\u001b[39m=\u001b[32m\"statNumber\"\u001b[39m\n            \u001b[36m>\u001b[39m\n              \u001b[0m24/7\u001b[0m\n            \u001b[36m</span>\u001b[39m\n            \u001b[36m<span\u001b[39m\n              \u001b[33mclass\u001b[39m=\u001b[32m\"statLabel\"\u001b[39m\n            \u001b[36m>\u001b[39m\n              \u001b[0mUptime\u001b[0m\n            \u001b[36m</span>\u001b[39m\n          \u001b[36m</div>\u001b[39m\n          \u001b[36m<div\u001b[39m\n            \u001b[33mclass\u001b[39m=\u001b[32m\"statDivider\"\u001b[39m\n          \u001b[36m/>\u001b[39m\n          \u001b[36m<div\u001b[39m\n            \u001b[33mclass\u001b[39m=\u001b[32m\"stat\"\u001b[39m\n          \u001b[36m>\u001b[39m\n            \u001b[36m<span\u001b[39m\n              \u001b[33mclass\u001b[39m=\u001b[32m\"statNumber\"\u001b[39m\n            \u001b[36m>\u001b[39m\n              \u001b[0mGlobal\u001b[0m\n            \u001b[36m</span>\u001b[39m\n            \u001b[36m<span\u001b[39m\n              \u001b[33mclass\u001b[39m=\u001b[32m\"statLabel\"\u001b[39m\n            \u001b[36m>\u001b[39m\n              \u001b[0mNetwork\u001b[0m\n            \u001b[36m</span>\u001b[39m\n          \u001b[36m</div>\u001b[39m\n        \u001b[36m</div>\u001b[39m\n        \u001b[36m<div\u001b[39m\n          \u001b[33mclass\u001b[39m=\u001b[32m\"tokenStatsContainer\"\u001b[39m\n          \u001b[33mvariants\u001b[39m=\u001b[32m\"[object Object]\"\u001b[39m\n        \u001b[36m>\u001b[39m\n          \u001b[36m<div\u001b[39m\n            \u001b[33maria-label\u001b[39m=\u001b[32m\"ROKO token statistics\"\u001b[39m\n            \u001b[33mclass\u001b[39m=\u001b[32m\"container hero heroTokenStats\"\u001b[39m\n            \u001b[33mrole\u001b[39m=\u001b[32m\"region\"\u001b[39m\n          \u001b[36m>\u001b[39m\n            \u001b[36m<div\u001b[39m\n              \u001b[33mclass\u001b[39m=\u001b[32m\"statsGrid\"\u001b[39m\n            \u001b[36m>\u001b[39m\n              \u001b[36m<div\u001b[39m\n                \u001b[33manimate\u001b[39m=\u001b[32m\"[object Object]\"\u001b[39m\n                \u001b[33mclass\u001b[39m=\u001b[32m\"statItem\"\u001b[39m\n                \u001b[33minitial\u001b[39m=\u001b[32m\"[object Object]\"\u001b[39m\n                \u001b[33mtransition\u001b[39m=\u001b[32m\"[object Object]\"\u001b[39m\n              \u001b[36m>\u001b[39m\n                \u001b[36m<div\u001b[39m\n                  \u001b[33mclass\u001b[39m=\u001b[32m\"statValue\"\u001b[39m\n                \u001b[36m>\u001b[39m\n                  \u001b[36m<div\u001b[39m\n                    \u001b[33maria-label\u001b[39m=\u001b[32m\"Loading...\"\u001b[39m\n                    \u001b[33mclass\u001b[39m=\u001b[32m\"loadingSkeleton\"\u001b[39m\n                  \u001b[36m/>\u001b[39m\n                \u001b[36m</div>\u001b[39m\n                \u001b[36m<div\u001b[39m\n                  \u001b[33mclass\u001b[39m=\u001b[32m\"statLabel\"\u001b[39m\n                \u001b[36m>\u001b[39m\n                  \u001b[0mTotal Supply\u001b[0m\n                \u001b[36m</div>\u001b[39m\n              \u001b[36m</div>\u001b[39m\n              \u001b[36m<div\u001b[39m\n                \u001b[33manimate\u001b[39m=\u001b[32m\"[object Object]\"\u001b[39m\n                \u001b[33mclass\u001b[39m=\u001b[32m\"statItem\"\u001b[39m\n                \u001b[33minitial\u001b[39m=\u001b[32m\"[object Object]\"\u001b[39m\n                \u001b[33mtransition\u001b[39m=\u001b[32m\"[object Object]\"\u001b[39m\n              \u001b[36m>\u001b[39m\n                \u001b[36m<div\u001b[39m\n                  \u001b[33mclass\u001b[39m=\u001b[32m\"statValue\"\u001b[39m\n                \u001b[36m>\u001b[39m\n                  \u001b[36m<div\u001b[39m\n                    \u001b[33maria-label\u001b[39m=\u001b[32m\"Loading...\"\u001b[39m\n                    \u001b[33mclass\u001b[39m=\u001b[32m\"loadingSkeleton\"\u001b[39m\n                  \u001b[36m/>\u001b[39m\n                \u001b[36m</div>\u001b[39m\n                \u001b[36m<div\u001b[39m\n                  \u001b[33mclass\u001b[39m=\u001b[32m\"statLabel\"\u001b[39m\n                \u001b[36m>\u001b[39m\n                  \u001b[0mToken Holders\u001b[0m\n                \u001b[36m</div>\u001b[39m\n              \u001b[36m</div>\u001b[39m\n            \u001b[36m</div>\u001b[39m\n            \u001b[36m<div\u001b[39m\n              \u001b[33mclass\u001b[39m=\u001b[32m\"statusBar\"\u001b[39m\n            \u001b[36m>\u001b[39m\n              \u001b[36m<div\u001b[39m\n                \u001b[33mclass\u001b[39m=\u001b[32m\"statusDot loading\"\u001b[39m\n              \u001b[36m/>\u001b[39m\n              \u001b[36m<span\u001b[39m\n                \u001b[33mclass\u001b[39m=\u001b[32m\"statusText\"\u001b[39m\n              \u001b[36m>\u001b[39m\n                \u001b[0mUpdating...\u001b[0m\n              \u001b[36m</span>\u001b[39m\n            \u001b[36m</div>\u001b[39m\n          \u001b[36m</div>\u001b[39m\n        \u001b[36m</div>\u001b[39m\n      \u001b[36m</div>\u001b[39m\n      \u001b[36m<div\u001b[39m\n        \u001b[33manimate\u001b[39m=\u001b[32m\"[object Object]\"\u001b[39m\n        \u001b[33mclass\u001b[39m=\u001b[32m\"scrollIndicator\"\u001b[39m\n        \u001b[33mtransition\u001b[39m=\u001b[32m\"[object Object]\"\u001b[39m\n        \u001b[33mvariants\u001b[39m=\u001b[32m\"[object Object]\"\u001b[39m\n      \u001b[36m>\u001b[39m\n        \u001b[36m<svg\u001b[39m\n          \u001b[33mclass\u001b[39m=\u001b[32m\"scrollIcon\"\u001b[39m\n          \u001b[33mdata-testid\u001b[39m=\u001b[32m\"chevron-down-icon\"\u001b[39m\n        \u001b[36m>\u001b[39m\n          \u001b[36m<path\u001b[39m\n            \u001b[33md\u001b[39m=\u001b[32m\"chevron-down\"\u001b[39m\n          \u001b[36m/>\u001b[39m\n        \u001b[36m</svg>\u001b[39m\n        \u001b[36m<span\u001b[39m\n          \u001b[33mclass\u001b[39m=\u001b[32m\"scrollText\"\u001b[39m\n        \u001b[36m>\u001b[39m\n          \u001b[0mExplore Features\u001b[0m\n        \u001b[36m</span>\u001b[39m\n      \u001b[36m</div>\u001b[39m\n      \u001b[36m<div\u001b[39m\n        \u001b[33maria-live\u001b[39m=\u001b[32m\"polite\"\u001b[39m\n        \u001b[33mclass\u001b[39m=\u001b[32m\"sr-only\"\u001b[39m\n      \u001b[36m/>\u001b[39m\n    \u001b[36m</section>\u001b[39m\n  \u001b[36m</div>\u001b[39m\n\u001b[36m</body>\u001b[39m","Unable to find an element by: [data-testid=\"accessibility-fallback\"]\n\nIgnored nodes: comments, script, style\n\u001b[36m<body>\u001b[39m\n  \u001b[36m<div>\u001b[39m\n    \u001b[36m<section\u001b[39m\n      \u001b[33maria-label\u001b[39m=\u001b[32m\"Hero section introducing ROKO Network\"\u001b[39m\n      \u001b[33mclass\u001b[39m=\u001b[32m\"hero\"\u001b[39m\n      \u001b[33mrole\u001b[39m=\u001b[32m\"region\"\u001b[39m\n    \u001b[36m>\u001b[39m\n      \u001b[36m<div\u001b[39m\n        \u001b[33mclass\u001b[39m=\u001b[32m\"backgroundGradient\"\u001b[39m\n      \u001b[36m/>\u001b[39m\n      \u001b[36m<div\u001b[39m\n        \u001b[33mclass\u001b[39m=\u001b[32m\"sceneContainer\"\u001b[39m\n      \u001b[36m>\u001b[39m\n        \u001b[36m<div\u001b[39m\n          \u001b[33maria-hidden\u001b[39m=\u001b[32m\"true\"\u001b[39m\n          \u001b[33mcamera\u001b[39m=\u001b[32m\"[object Object]\"\u001b[39m\n          \u001b[33mclass\u001b[39m=\u001b[32m\"canvas\"\u001b[39m\n          \u001b[33mdata-testid\u001b[39m=\u001b[32m\"three-canvas\"\u001b[39m\n        \u001b[36m>\u001b[39m\n          \u001b[36m<ambientlight\u001b[39m\n            \u001b[33mintensity\u001b[39m=\u001b[32m\"0.5\"\u001b[39m\n          \u001b[36m/>\u001b[39m\n          \u001b[36m<pointlight\u001b[39m\n            \u001b[33mintensity\u001b[39m=\u001b[32m\"1\"\u001b[39m\n            \u001b[33mposition\u001b[39m=\u001b[32m\"10,10,10\"\u001b[39m\n          \u001b[36m/>\u001b[39m\n          \u001b[36m<div\u001b[39m\n            \u001b[33mdata-props\u001b[39m=\u001b[32m\"{\\\"position\\\":[2,0,0],\\\"scale\\\":1.2,\\\"isHovered\\\":false,\\\"performanceLevel\\\":\\\"high\\\"}\"\u001b[39m\n            \u001b[33mdata-testid\u001b[39m=\u001b[32m\"temporal-orb\"\u001b[39m\n          \u001b[36m/>\u001b[39m\n        \u001b[36m</div>\u001b[39m\n      \u001b[36m</div>\u001b[39m\n      \u001b[36m<div\u001b[39m\n        \u001b[33manimate\u001b[39m=\u001b[32m\"hidden\"\u001b[39m\n        \u001b[33mclass\u001b[39m=\u001b[32m\"content\"\u001b[39m\n        \u001b[33minitial\u001b[39m=\u001b[32m\"hidden\"\u001b[39m\n        \u001b[33mvariants\u001b[39m=\u001b[32m\"[object Object]\"\u001b[39m\n      \u001b[36m>\u001b[39m\n        \u001b[36m<div\u001b[39m\n          \u001b[33mclass\u001b[39m=\u001b[32m\"headlineContainer\"\u001b[39m\n          \u001b[33mvariants\u001b[39m=\u001b[32m\"[object Object]\"\u001b[39m\n        \u001b[36m>\u001b[39m\n          \u001b[36m<h1\u001b[39m\n            \u001b[33mclass\u001b[39m=\u001b[32m\"headline\"\u001b[39m\n          \u001b[36m>\u001b[39m\n            \u001b[36m<span\u001b[39m\n              \u001b[33mclass\u001b[39m=\u001b[32m\"gradientText\"\u001b[39m\n            \u001b[36m>\u001b[39m\n              \u001b[0mThe Temporal Layer\u001b[0m\n            \u001b[36m</span>\u001b[39m\n            \u001b[36m<br />\u001b[39m\n            \u001b[36m<span\u001b[39m\n              \u001b[33mclass\u001b[39m=\u001b[32m\"typewriter\"\u001b[39m\n              \u001b[33mvariants\u001b[39m=\u001b[32m\"[object Object]\"\u001b[39m\n            \u001b[36m>\u001b[39m\n              \u001b[0mfor Web3\u001b[0m\n            \u001b[36m</span>\u001b[39m\n          \u001b[36m</h1>\u001b[39m\n        \u001b[36m</div>\u001b[39m\n        \u001b[36m<p\u001b[39m\n          \u001b[33mclass\u001b[39m=\u001b[32m\"subheadline\"\u001b[39m\n          \u001b[33mvariants\u001b[39m=\u001b[32m\"[object Object]\"\u001b[39m\n        \u001b[36m>\u001b[39m\n          \u001b[0mTime measuring precision blockchain infrastructure powered by\u001b[0m\n          \u001b[0m \u001b[0m\n          \u001b[36m<span\u001b[39m\n            \u001b[33mclass\u001b[39m=\u001b[32m\"highlight\"\u001b[39m\n          \u001b[36m>\u001b[39m\n            \u001b[0mIEEE 1588 PTP\u001b[0m\n          \u001b[36m</span>\u001b[39m\n          \u001b[0m hardware synchronization.\u001b[0m\n          \u001b[36m<br />\u001b[39m\n          \u001b[0mBuild the next generation of time-critical Web3 applications.\u001b[0m\n        \u001b[36m</p>\u001b[39m\n        \u001b[36m<div\u001b[39m\n          \u001b[33mclass\u001b[39m=\u001b[32m\"statsContainer\"\u001b[39m\n          \u001b[33mvariants\u001b[39m=\u001b[32m\"[object Object]\"\u001b[39m\n        \u001b[36m>\u001b[39m\n          \u001b[36m<div\u001b[39m\n            \u001b[33mclass\u001b[39m=\u001b[32m\"stat\"\u001b[39m\n          \u001b[36m>\u001b[39m\n            \u001b[36m<span\u001b[39m\n              \u001b[33mclass\u001b[39m=\u001b[32m\"statNumber\"\u001b[39m\n            \u001b[36m>\u001b[39m\n              \u001b[0m~1ns\u001b[0m\n            \u001b[36m</span>\u001b[39m\n            \u001b[36m<span\u001b[39m\n              \u001b[33mclass\u001b[39m=\u001b[32m\"statLabel\"\u001b[39m\n            \u001b[36m>\u001b[39m\n              \u001b[0mPrecision\u001b[0m\n            \u001b[36m</span>\u001b[39m\n          \u001b[36m</div>\u001b[39m\n          \u001b[36m<div\u001b[39m\n            \u001b[33mclass\u001b[39m=\u001b[32m\"statDivider\"\u001b[39m\n          \u001b[36m/>\u001b[39m\n          \u001b[36m<div\u001b[39m\n            \u001b[33mclass\u001b[39m=\u001b[32m\"stat\"\u001b[39m\n          \u001b[36m>\u001b[39m\n            \u001b[36m<span\u001b[39m\n              \u001b[33mclass\u001b[39m=\u001b[32m\"statNumber\"\u001b[39m\n            \u001b[36m>\u001b[39m\n              \u001b[0m24/7\u001b[0m\n            \u001b[36m</span>\u001b[39m\n            \u001b[36m<span\u001b[39m\n              \u001b[33mclass\u001b[39m=\u001b[32m\"statLabel\"\u001b[39m\n            \u001b[36m>\u001b[39m\n              \u001b[0mUptime\u001b[0m\n            \u001b[36m</span>\u001b[39m\n          \u001b[36m</div>\u001b[39m\n          \u001b[36m<div\u001b[39m\n            \u001b[33mclass\u001b[39m=\u001b[32m\"statDivider\"\u001b[39m\n          \u001b[36m/>\u001b[39m\n          \u001b[36m<div\u001b[39m\n            \u001b[33mclass\u001b[39m=\u001b[32m\"stat\"\u001b[39m\n          \u001b[36m>\u001b[39m\n            \u001b[36m<span\u001b[39m\n              \u001b[33mclass\u001b[39m=\u001b[32m\"statNumber\"\u001b[39m\n            \u001b[36m>\u001b[39m\n              \u001b[0mGlobal\u001b[0m\n            \u001b[36m</span>\u001b[39m\n            \u001b[36m<span\u001b[39m\n              \u001b[33mclass\u001b[39m=\u001b[32m\"statLabel\"\u001b[39m\n            \u001b[36m>\u001b[39m\n              \u001b[0mNetwork\u001b[0m\n            \u001b[36m</span>\u001b[39m\n          \u001b[36m</div>\u001b[39m\n        \u001b[36m</div>\u001b[39m\n        \u001b[36m<div\u001b[39m\n          \u001b[33mclass\u001b[39m=\u001b[32m\"tokenStatsContainer\"\u001b[39m\n          \u001b[33mvariants\u001b[39m=\u001b[32m\"[object Object]\"\u001b[39m\n        \u001b[36m>\u001b[39m\n          \u001b[36m<div\u001b[39m\n            \u001b[33maria-label\u001b[39m=\u001b[32m\"ROKO token statistics\"\u001b[39m\n            \u001b[33mclass\u001b[39m=\u001b[32m\"container hero heroTokenStats\"\u001b[39m\n            \u001b[33mrole\u001b[39m=\u001b[32m\"region\"\u001b[39m\n          \u001b[36m>\u001b[39m\n            \u001b[36m<div\u001b[39m\n              \u001b[33mclass\u001b[39m=\u001b[32m\"statsGrid\"\u001b[39m\n            \u001b[36m>\u001b[39m\n              \u001b[36m<div\u001b[39m\n                \u001b[33manimate\u001b[39m=\u001b[32m\"[object Object]\"\u001b[39m\n                \u001b[33mclass\u001b[39m=\u001b[32m\"statItem\"\u001b[39m\n                \u001b[33minitial\u001b[39m=\u001b[32m\"[object Object]\"\u001b[39m\n                \u001b[33mtransition\u001b[39m=\u001b[32m\"[object Object]\"\u001b[39m\n              \u001b[36m>\u001b[39m\n                \u001b[36m<div\u001b[39m\n                  \u001b[33mclass\u001b[39m=\u001b[32m\"statValue\"\u001b[39m\n                \u001b[36m>\u001b[39m\n                  \u001b[36m<div\u001b[39m\n                    \u001b[33maria-label\u001b[39m=\u001b[32m\"Loading...\"\u001b[39m\n                    \u001b[33mclass\u001b[39m=\u001b[32m\"loadingSkeleton\"\u001b[39m\n                  \u001b[36m/>\u001b[39m\n                \u001b[36m</div>\u001b[39m\n                \u001b[36m<div\u001b[39m\n                  \u001b[33mclass\u001b[39m=\u001b[32m\"statLabel\"\u001b[39m\n                \u001b[36m>\u001b[39m\n                  \u001b[0mTotal Supply\u001b[0m\n                \u001b[36m</div>\u001b[39m\n              \u001b[36m</div>\u001b[39m\n              \u001b[36m<div\u001b[39m\n                \u001b[33manimate\u001b[39m=\u001b[32m\"[object Object]\"\u001b[39m\n                \u001b[33mclass\u001b[39m=\u001b[32m\"statItem\"\u001b[39m\n                \u001b[33minitial\u001b[39m=\u001b[32m\"[object Object]\"\u001b[39m\n                \u001b[33mtransition\u001b[39m=\u001b[32m\"[object Object]\"\u001b[39m\n              \u001b[36m>\u001b[39m\n                \u001b[36m<div\u001b[39m\n                  \u001b[33mclass\u001b[39m=\u001b[32m\"statValue\"\u001b[39m\n                \u001b[36m>\u001b[39m\n                  \u001b[36m<div\u001b[39m\n                    \u001b[33maria-label\u001b[39m=\u001b[32m\"Loading...\"\u001b[39m\n                    \u001b[33mclass\u001b[39m=\u001b[32m\"loadingSkeleton\"\u001b[39m\n                  \u001b[36m/>\u001b[39m\n                \u001b[36m</div>\u001b[39m\n                \u001b[36m<div\u001b[39m\n                  \u001b[33mclass\u001b[39m=\u001b[32m\"statLabel\"\u001b[39m\n                \u001b[36m>\u001b[39m\n                  \u001b[0mToken Holders\u001b[0m\n                \u001b[36m</div>\u001b[39m\n              \u001b[36m</div>\u001b[39m\n            \u001b[36m</div>\u001b[39m\n            \u001b[36m<div\u001b[39m\n              \u001b[33mclass\u001b[39m=\u001b[32m\"statusBar\"\u001b[39m\n            \u001b[36m>\u001b[39m\n              \u001b[36m<div\u001b[39m\n                \u001b[33mclass\u001b[39m=\u001b[32m\"statusDot loading\"\u001b[39m\n              \u001b[36m/>\u001b[39m\n              \u001b[36m<span\u001b[39m\n                \u001b[33mclass\u001b[39m=\u001b[32m\"statusText\"\u001b[39m\n              \u001b[36m>\u001b[39m\n                \u001b[0mUpdating...\u001b[0m\n              \u001b[36m</span>\u001b[39m\n            \u001b[36m</div>\u001b[39m\n          \u001b[36m</div>\u001b[39m\n        \u001b[36m</div>\u001b[39m\n      \u001b[36m</div>\u001b[39m\n      \u001b[36m<div\u001b[39m\n        \u001b[33manimate\u001b[39m=\u001b[32m\"[object Object]\"\u001b[39m\n        \u001b[33mclass\u001b[39m=\u001b[32m\"scrollIndicator\"\u001b[39m\n        \u001b[33mtransition\u001b[39m=\u001b[32m\"[object Object]\"\u001b[39m\n        \u001b[33mvariants\u001b[39m=\u001b[32m\"[object Object]\"\u001b[39m\n      \u001b[36m>\u001b[39m\n        \u001b[36m<svg\u001b[39m\n          \u001b[33mclass\u001b[39m=\u001b[32m\"scrollIcon\"\u001b[39m\n          \u001b[33mdata-testid\u001b[39m=\u001b[32m\"chevron-down-icon\"\u001b[39m\n        \u001b[36m>\u001b[39m\n          \u001b[36m<path\u001b[39m\n            \u001b[33md\u001b[39m=\u001b[32m\"chevron-down\"\u001b[39m\n          \u001b[36m/>\u001b[39m\n        \u001b[36m</svg>\u001b[39m\n        \u001b[36m<span\u001b[39m\n          \u001b[33mclass\u001b[39m=\u001b[32m\"scrollText\"\u001b[39m\n        \u001b[36m>\u001b[39m\n          \u001b[0mExplore Features\u001b[0m\n        \u001b[36m</span>\u001b[39m\n      \u001b[36m</div>\u001b[39m\n      \u001b[36m<div\u001b[39m\n        \u001b[33maria-live\u001b[39m=\u001b[32m\"polite\"\u001b[39m\n        \u001b[33mclass\u001b[39m=\u001b[32m\"sr-only\"\u001b[39m\n      \u001b[36m/>\u001b[39m\n    \u001b[36m</section>\u001b[39m\n  \u001b[36m</div>\u001b[39m\n\u001b[36m</body>\u001b[39m"],"location":{"line":37,"column":19}},{"ancestorTitles":["","Hero Component","Accessibility"],"fullName":" Hero Component Accessibility should be accessible according to WCAG guidelines","status":"failed","title":"should be accessible according to WCAG guidelines","duration":556,"failureMessages":["expect(received).toHaveNoViolations(expected)\n\nExpected the HTML found at $(':root') to have no violations:\n\n<div class=\"loadingSkeleton\" aria-label=\"Loading...\"></div>\n\nReceived:\n\n\"Elements must only use permitted ARIA attributes (aria-prohibited-attr)\"\n\nFix all of the following:\n  aria-label attribute cannot be used on a div with no valid role attribute.\n\nYou can find more information on this issue here: \nhttps://dequeuniversity.com/rules/axe/4.10/aria-prohibited-attr?application=axeAPI\n\nExpected the HTML found at $(':root') to have no violations:\n\n<div class=\"loadingSkeleton\" aria-label=\"Loading...\"></div>\n\nReceived:\n\n\"Elements must only use permitted ARIA attributes (aria-prohibited-attr)\"\n\nFix all of the following:\n  aria-label attribute cannot be used on a div with no valid role attribute.\n\nYou can find more information on this issue here: \nhttps://dequeuniversity.com/rules/axe/4.10/aria-prohibited-attr?application=axeAPI","expect(received).toHaveNoViolations(expected)\n\nExpected the HTML found at $(':root') to have no violations:\n\n<div class=\"loadingSkeleton\" aria-label=\"Loading...\"></div>\n\nReceived:\n\n\"Elements must only use permitted ARIA attributes (aria-prohibited-attr)\"\n\nFix all of the following:\n  aria-label attribute cannot be used on a div with no valid role attribute.\n\nYou can find more information on this issue here: \nhttps://dequeuniversity.com/rules/axe/4.10/aria-prohibited-attr?application=axeAPI\n\nExpected the HTML found at $(':root') to have no violations:\n\n<div class=\"loadingSkeleton\" aria-label=\"Loading...\"></div>\n\nReceived:\n\n\"Elements must only use permitted ARIA attributes (aria-prohibited-attr)\"\n\nFix all of the following:\n  aria-label attribute cannot be used on a div with no valid role attribute.\n\nYou can find more information on this issue here: \nhttps://dequeuniversity.com/rules/axe/4.10/aria-prohibited-attr?application=axeAPI","expect(received).toHaveNoViolations(expected)\n\nExpected the HTML found at $(':root') to have no violations:\n\n<div class=\"loadingSkeleton\" aria-label=\"Loading...\"></div>\n\nReceived:\n\n\"Elements must only use permitted ARIA attributes (aria-prohibited-attr)\"\n\nFix all of the following:\n  aria-label attribute cannot be used on a div with no valid role attribute.\n\nYou can find more information on this issue here: \nhttps://dequeuniversity.com/rules/axe/4.10/aria-prohibited-attr?application=axeAPI\n\nExpected the HTML found at $(':root') to have no violations:\n\n<div class=\"loadingSkeleton\" aria-label=\"Loading...\"></div>\n\nReceived:\n\n\"Elements must only use permitted ARIA attributes (aria-prohibited-attr)\"\n\nFix all of the following:\n  aria-label attribute cannot be used on a div with no valid role attribute.\n\nYou can find more information on this issue here: \nhttps://dequeuniversity.com/rules/axe/4.10/aria-prohibited-attr?application=axeAPI"],"location":{"line":121,"column":23}},{"ancestorTitles":["","Hero Component","Accessibility"],"fullName":" Hero Component Accessibility should have proper ARIA labels and roles","status":"passed","title":"should have proper ARIA labels and roles","duration":18,"failureMessages":[]},{"ancestorTitles":["","Hero Component","Accessibility"],"fullName":" Hero Component Accessibility should have screen reader announcements","status":"failed","title":"should have screen reader announcements","duration":30,"failureMessages":["Unable to find an element with the text: /hero section loaded with roko network/i. This could be because the text is broken up by multiple elements. In this case, you can provide a function for your text matcher to make your matcher more flexible.\n\nIgnored nodes: comments, script, style\n\u001b[36m<body>\u001b[39m\n  \u001b[36m<div>\u001b[39m\n    \u001b[36m<section\u001b[39m\n      \u001b[33maria-label\u001b[39m=\u001b[32m\"Hero section introducing ROKO Network\"\u001b[39m\n      \u001b[33mclass\u001b[39m=\u001b[32m\"hero\"\u001b[39m\n      \u001b[33mrole\u001b[39m=\u001b[32m\"region\"\u001b[39m\n    \u001b[36m>\u001b[39m\n      \u001b[36m<div\u001b[39m\n        \u001b[33mclass\u001b[39m=\u001b[32m\"backgroundGradient\"\u001b[39m\n      \u001b[36m/>\u001b[39m\n      \u001b[36m<div\u001b[39m\n        \u001b[33mclass\u001b[39m=\u001b[32m\"sceneContainer\"\u001b[39m\n      \u001b[36m>\u001b[39m\n        \u001b[36m<div\u001b[39m\n          \u001b[33maria-hidden\u001b[39m=\u001b[32m\"true\"\u001b[39m\n          \u001b[33mcamera\u001b[39m=\u001b[32m\"[object Object]\"\u001b[39m\n          \u001b[33mclass\u001b[39m=\u001b[32m\"canvas\"\u001b[39m\n          \u001b[33mdata-testid\u001b[39m=\u001b[32m\"three-canvas\"\u001b[39m\n        \u001b[36m>\u001b[39m\n          \u001b[36m<ambientlight\u001b[39m\n            \u001b[33mintensity\u001b[39m=\u001b[32m\"0.5\"\u001b[39m\n          \u001b[36m/>\u001b[39m\n          \u001b[36m<pointlight\u001b[39m\n            \u001b[33mintensity\u001b[39m=\u001b[32m\"1\"\u001b[39m\n            \u001b[33mposition\u001b[39m=\u001b[32m\"10,10,10\"\u001b[39m\n          \u001b[36m/>\u001b[39m\n          \u001b[36m<div\u001b[39m\n            \u001b[33mdata-props\u001b[39m=\u001b[32m\"{\\\"position\\\":[2,0,0],\\\"scale\\\":1.2,\\\"isHovered\\\":false,\\\"performanceLevel\\\":\\\"high\\\"}\"\u001b[39m\n            \u001b[33mdata-testid\u001b[39m=\u001b[32m\"temporal-orb\"\u001b[39m\n          \u001b[36m/>\u001b[39m\n        \u001b[36m</div>\u001b[39m\n      \u001b[36m</div>\u001b[39m\n      \u001b[36m<div\u001b[39m\n        \u001b[33manimate\u001b[39m=\u001b[32m\"hidden\"\u001b[39m\n        \u001b[33mclass\u001b[39m=\u001b[32m\"content\"\u001b[39m\n        \u001b[33minitial\u001b[39m=\u001b[32m\"hidden\"\u001b[39m\n        \u001b[33mvariants\u001b[39m=\u001b[32m\"[object Object]\"\u001b[39m\n      \u001b[36m>\u001b[39m\n        \u001b[36m<div\u001b[39m\n          \u001b[33mclass\u001b[39m=\u001b[32m\"headlineContainer\"\u001b[39m\n          \u001b[33mvariants\u001b[39m=\u001b[32m\"[object Object]\"\u001b[39m\n        \u001b[36m>\u001b[39m\n          \u001b[36m<h1\u001b[39m\n            \u001b[33mclass\u001b[39m=\u001b[32m\"headline\"\u001b[39m\n          \u001b[36m>\u001b[39m\n            \u001b[36m<span\u001b[39m\n              \u001b[33mclass\u001b[39m=\u001b[32m\"gradientText\"\u001b[39m\n            \u001b[36m>\u001b[39m\n              \u001b[0mThe Temporal Layer\u001b[0m\n            \u001b[36m</span>\u001b[39m\n            \u001b[36m<br />\u001b[39m\n            \u001b[36m<span\u001b[39m\n              \u001b[33mclass\u001b[39m=\u001b[32m\"typewriter\"\u001b[39m\n              \u001b[33mvariants\u001b[39m=\u001b[32m\"[object Object]\"\u001b[39m\n            \u001b[36m>\u001b[39m\n              \u001b[0mfor Web3\u001b[0m\n            \u001b[36m</span>\u001b[39m\n          \u001b[36m</h1>\u001b[39m\n        \u001b[36m</div>\u001b[39m\n        \u001b[36m<p\u001b[39m\n          \u001b[33mclass\u001b[39m=\u001b[32m\"subheadline\"\u001b[39m\n          \u001b[33mvariants\u001b[39m=\u001b[32m\"[object Object]\"\u001b[39m\n        \u001b[36m>\u001b[39m\n          \u001b[0mTime measuring precision blockchain infrastructure powered by\u001b[0m\n          \u001b[0m \u001b[0m\n          \u001b[36m<span\u001b[39m\n            \u001b[33mclass\u001b[39m=\u001b[32m\"highlight\"\u001b[39m\n          \u001b[36m>\u001b[39m\n            \u001b[0mIEEE 1588 PTP\u001b[0m\n          \u001b[36m</span>\u001b[39m\n          \u001b[0m hardware synchronization.\u001b[0m\n          \u001b[36m<br />\u001b[39m\n          \u001b[0mBuild the next generation of time-critical Web3 applications.\u001b[0m\n        \u001b[36m</p>\u001b[39m\n        \u001b[36m<div\u001b[39m\n          \u001b[33mclass\u001b[39m=\u001b[32m\"statsContainer\"\u001b[39m\n          \u001b[33mvariants\u001b[39m=\u001b[32m\"[object Object]\"\u001b[39m\n        \u001b[36m>\u001b[39m\n          \u001b[36m<div\u001b[39m\n            \u001b[33mclass\u001b[39m=\u001b[32m\"stat\"\u001b[39m\n          \u001b[36m>\u001b[39m\n            \u001b[36m<span\u001b[39m\n              \u001b[33mclass\u001b[39m=\u001b[32m\"statNumber\"\u001b[39m\n            \u001b[36m>\u001b[39m\n              \u001b[0m~1ns\u001b[0m\n            \u001b[36m</span>\u001b[39m\n            \u001b[36m<span\u001b[39m\n              \u001b[33mclass\u001b[39m=\u001b[32m\"statLabel\"\u001b[39m\n            \u001b[36m>\u001b[39m\n              \u001b[0mPrecision\u001b[0m\n            \u001b[36m</span>\u001b[39m\n          \u001b[36m</div>\u001b[39m\n          \u001b[36m<div\u001b[39m\n            \u001b[33mclass\u001b[39m=\u001b[32m\"statDivider\"\u001b[39m\n          \u001b[36m/>\u001b[39m\n          \u001b[36m<div\u001b[39m\n            \u001b[33mclass\u001b[39m=\u001b[32m\"stat\"\u001b[39m\n          \u001b[36m>\u001b[39m\n            \u001b[36m<span\u001b[39m\n              \u001b[33mclass\u001b[39m=\u001b[32m\"statNumber\"\u001b[39m\n            \u001b[36m>\u001b[39m\n              \u001b[0m24/7\u001b[0m\n            \u001b[36m</span>\u001b[39m\n            \u001b[36m<span\u001b[39m\n              \u001b[33mclass\u001b[39m=\u001b[32m\"statLabel\"\u001b[39m\n            \u001b[36m>\u001b[39m\n              \u001b[0mUptime\u001b[0m\n            \u001b[36m</span>\u001b[39m\n          \u001b[36m</div>\u001b[39m\n          \u001b[36m<div\u001b[39m\n            \u001b[33mclass\u001b[39m=\u001b[32m\"statDivider\"\u001b[39m\n          \u001b[36m/>\u001b[39m\n          \u001b[36m<div\u001b[39m\n            \u001b[33mclass\u001b[39m=\u001b[32m\"stat\"\u001b[39m\n          \u001b[36m>\u001b[39m\n            \u001b[36m<span\u001b[39m\n              \u001b[33mclass\u001b[39m=\u001b[32m\"statNumber\"\u001b[39m\n            \u001b[36m>\u001b[39m\n              \u001b[0mGlobal\u001b[0m\n            \u001b[36m</span>\u001b[39m\n            \u001b[36m<span\u001b[39m\n              \u001b[33mclass\u001b[39m=\u001b[32m\"statLabel\"\u001b[39m\n            \u001b[36m>\u001b[39m\n              \u001b[0mNetwork\u001b[0m\n            \u001b[36m</span>\u001b[39m\n          \u001b[36m</div>\u001b[39m\n        \u001b[36m</div>\u001b[39m\n        \u001b[36m<div\u001b[39m\n          \u001b[33mclass\u001b[39m=\u001b[32m\"tokenStatsContainer\"\u001b[39m\n          \u001b[33mvariants\u001b[39m=\u001b[32m\"[object Object]\"\u001b[39m\n        \u001b[36m>\u001b[39m\n          \u001b[36m<div\u001b[39m\n            \u001b[33maria-label\u001b[39m=\u001b[32m\"ROKO token statistics\"\u001b[39m\n            \u001b[33mclass\u001b[39m=\u001b[32m\"container hero heroTokenStats\"\u001b[39m\n            \u001b[33mrole\u001b[39m=\u001b[32m\"region\"\u001b[39m\n          \u001b[36m>\u001b[39m\n            \u001b[36m<div\u001b[39m\n              \u001b[33mclass\u001b[39m=\u001b[32m\"statsGrid\"\u001b[39m\n            \u001b[36m>\u001b[39m\n              \u001b[36m<div\u001b[39m\n                \u001b[33manimate\u001b[39m=\u001b[32m\"[object Object]\"\u001b[39m\n                \u001b[33mclass\u001b[39m=\u001b[32m\"statItem\"\u001b[39m\n                \u001b[33minitial\u001b[39m=\u001b[32m\"[object Object]\"\u001b[39m\n                \u001b[33mtransition\u001b[39m=\u001b[32m\"[object Object]\"\u001b[39m\n              \u001b[36m>\u001b[39m\n                \u001b[36m<div\u001b[39m\n                  \u001b[33mclass\u001b[39m=\u001b[32m\"statValue\"\u001b[39m\n                \u001b[36m>\u001b[39m\n                  \u001b[36m<div\u001b[39m\n                    \u001b[33maria-label\u001b[39m=\u001b[32m\"Loading...\"\u001b[39m\n                    \u001b[33mclass\u001b[39m=\u001b[32m\"loadingSkeleton\"\u001b[39m\n                  \u001b[36m/>\u001b[39m\n                \u001b[36m</div>\u001b[39m\n                \u001b[36m<div\u001b[39m\n                  \u001b[33mclass\u001b[39m=\u001b[32m\"statLabel\"\u001b[39m\n                \u001b[36m>\u001b[39m\n                  \u001b[0mTotal Supply\u001b[0m\n                \u001b[36m</div>\u001b[39m\n              \u001b[36m</div>\u001b[39m\n              \u001b[36m<div\u001b[39m\n                \u001b[33manimate\u001b[39m=\u001b[32m\"[object Object]\"\u001b[39m\n                \u001b[33mclass\u001b[39m=\u001b[32m\"statItem\"\u001b[39m\n                \u001b[33minitial\u001b[39m=\u001b[32m\"[object Object]\"\u001b[39m\n                \u001b[33mtransition\u001b[39m=\u001b[32m\"[object Object]\"\u001b[39m\n              \u001b[36m>\u001b[39m\n                \u001b[36m<div\u001b[39m\n                  \u001b[33mclass\u001b[39m=\u001b[32m\"statValue\"\u001b[39m\n                \u001b[36m>\u001b[39m\n                  \u001b[36m<div\u001b[39m\n                    \u001b[33maria-label\u001b[39m=\u001b[32m\"Loading...\"\u001b[39m\n                    \u001b[33mclass\u001b[39m=\u001b[32m\"loadingSkeleton\"\u001b[39m\n                  \u001b[36m/>\u001b[39m\n                \u001b[36m</div>\u001b[39m\n                \u001b[36m<div\u001b[39m\n                  \u001b[33mclass\u001b[39m=\u001b[32m\"statLabel\"\u001b[39m\n                \u001b[36m>\u001b[39m\n                  \u001b[0mToken Holders\u001b[0m\n                \u001b[36m</div>\u001b[39m\n              \u001b[36m</div>\u001b[39m\n            \u001b[36m</div>\u001b[39m\n            \u001b[36m<div\u001b[39m\n              \u001b[33mclass\u001b[39m=\u001b[32m\"statusBar\"\u001b[39m\n            \u001b[36m>\u001b[39m\n              \u001b[36m<div\u001b[39m\n                \u001b[33mclass\u001b[39m=\u001b[32m\"statusDot loading\"\u001b[39m\n              \u001b[36m/>\u001b[39m\n              \u001b[36m<span\u001b[39m\n                \u001b[33mclass\u001b[39m=\u001b[32m\"statusText\"\u001b[39m\n              \u001b[36m>\u001b[39m\n                \u001b[0mUpdating...\u001b[0m\n              \u001b[36m</span>\u001b[39m\n            \u001b[36m</div>\u001b[39m\n          \u001b[36m</div>\u001b[39m\n        \u001b[36m</div>\u001b[39m\n      \u001b[36m</div>\u001b[39m\n      \u001b[36m<div\u001b[39m\n        \u001b[33manimate\u001b[39m=\u001b[32m\"[object Object]\"\u001b[39m\n        \u001b[33mclass\u001b[39m=\u001b[32m\"scrollIndicator\"\u001b[39m\n        \u001b[33mtransition\u001b[39m=\u001b[32m\"[object Object]\"\u001b[39m\n        \u001b[33mvariants\u001b[39m=\u001b[32m\"[object Object]\"\u001b[39m\n      \u001b[36m>\u001b[39m\n        \u001b[36m<svg\u001b[39m\n          \u001b[33mclass\u001b[39m=\u001b[32m\"scrollIcon\"\u001b[39m\n          \u001b[33mdata-testid\u001b[39m=\u001b[32m\"chevron-down-icon\"\u001b[39m\n        \u001b[36m>\u001b[39m\n          \u001b[36m<path\u001b[39m\n            \u001b[33md\u001b[39m=\u001b[32m\"chevron-down\"\u001b[39m\n          \u001b[36m/>\u001b[39m\n        \u001b[36m</svg>\u001b[39m\n        \u001b[36m<span\u001b[39m\n          \u001b[33mclass\u001b[39m=\u001b[32m\"scrollText\"\u001b[39m\n        \u001b[36m>\u001b[39m\n          \u001b[0mExplore Features\u001b[0m\n        \u001b[36m</span>\u001b[39m\n      \u001b[36m</div>\u001b[39m\n      \u001b[36m<div\u001b[39m\n        \u001b[33maria-live\u001b[39m=\u001b[32m\"polite\"\u001b[39m\n        \u001b[33mclass\u001b[39m=\u001b[32m\"sr-only\"\u001b[39m\n      \u001b[36m/>\u001b[39m\n    \u001b[36m</section>\u001b[39m\n  \u001b[36m</div>\u001b[39m\n\u001b[36m</body>\u001b[39m","Unable to find an element with the text: /hero section loaded with roko network/i. This could be because the text is broken up by multiple elements. In this case, you can provide a function for your text matcher to make your matcher more flexible.\n\nIgnored nodes: comments, script, style\n\u001b[36m<body>\u001b[39m\n  \u001b[36m<div>\u001b[39m\n    \u001b[36m<section\u001b[39m\n      \u001b[33maria-label\u001b[39m=\u001b[32m\"Hero section introducing ROKO Network\"\u001b[39m\n      \u001b[33mclass\u001b[39m=\u001b[32m\"hero\"\u001b[39m\n      \u001b[33mrole\u001b[39m=\u001b[32m\"region\"\u001b[39m\n    \u001b[36m>\u001b[39m\n      \u001b[36m<div\u001b[39m\n        \u001b[33mclass\u001b[39m=\u001b[32m\"backgroundGradient\"\u001b[39m\n      \u001b[36m/>\u001b[39m\n      \u001b[36m<div\u001b[39m\n        \u001b[33mclass\u001b[39m=\u001b[32m\"sceneContainer\"\u001b[39m\n      \u001b[36m>\u001b[39m\n        \u001b[36m<div\u001b[39m\n          \u001b[33maria-hidden\u001b[39m=\u001b[32m\"true\"\u001b[39m\n          \u001b[33mcamera\u001b[39m=\u001b[32m\"[object Object]\"\u001b[39m\n          \u001b[33mclass\u001b[39m=\u001b[32m\"canvas\"\u001b[39m\n          \u001b[33mdata-testid\u001b[39m=\u001b[32m\"three-canvas\"\u001b[39m\n        \u001b[36m>\u001b[39m\n          \u001b[36m<ambientlight\u001b[39m\n            \u001b[33mintensity\u001b[39m=\u001b[32m\"0.5\"\u001b[39m\n          \u001b[36m/>\u001b[39m\n          \u001b[36m<pointlight\u001b[39m\n            \u001b[33mintensity\u001b[39m=\u001b[32m\"1\"\u001b[39m\n            \u001b[33mposition\u001b[39m=\u001b[32m\"10,10,10\"\u001b[39m\n          \u001b[36m/>\u001b[39m\n          \u001b[36m<div\u001b[39m\n            \u001b[33mdata-props\u001b[39m=\u001b[32m\"{\\\"position\\\":[2,0,0],\\\"scale\\\":1.2,\\\"isHovered\\\":false,\\\"performanceLevel\\\":\\\"high\\\"}\"\u001b[39m\n            \u001b[33mdata-testid\u001b[39m=\u001b[32m\"temporal-orb\"\u001b[39m\n          \u001b[36m/>\u001b[39m\n        \u001b[36m</div>\u001b[39m\n      \u001b[36m</div>\u001b[39m\n      \u001b[36m<div\u001b[39m\n        \u001b[33manimate\u001b[39m=\u001b[32m\"hidden\"\u001b[39m\n        \u001b[33mclass\u001b[39m=\u001b[32m\"content\"\u001b[39m\n        \u001b[33minitial\u001b[39m=\u001b[32m\"hidden\"\u001b[39m\n        \u001b[33mvariants\u001b[39m=\u001b[32m\"[object Object]\"\u001b[39m\n      \u001b[36m>\u001b[39m\n        \u001b[36m<div\u001b[39m\n          \u001b[33mclass\u001b[39m=\u001b[32m\"headlineContainer\"\u001b[39m\n          \u001b[33mvariants\u001b[39m=\u001b[32m\"[object Object]\"\u001b[39m\n        \u001b[36m>\u001b[39m\n          \u001b[36m<h1\u001b[39m\n            \u001b[33mclass\u001b[39m=\u001b[32m\"headline\"\u001b[39m\n          \u001b[36m>\u001b[39m\n            \u001b[36m<span\u001b[39m\n              \u001b[33mclass\u001b[39m=\u001b[32m\"gradientText\"\u001b[39m\n            \u001b[36m>\u001b[39m\n              \u001b[0mThe Temporal Layer\u001b[0m\n            \u001b[36m</span>\u001b[39m\n            \u001b[36m<br />\u001b[39m\n            \u001b[36m<span\u001b[39m\n              \u001b[33mclass\u001b[39m=\u001b[32m\"typewriter\"\u001b[39m\n              \u001b[33mvariants\u001b[39m=\u001b[32m\"[object Object]\"\u001b[39m\n            \u001b[36m>\u001b[39m\n              \u001b[0mfor Web3\u001b[0m\n            \u001b[36m</span>\u001b[39m\n          \u001b[36m</h1>\u001b[39m\n        \u001b[36m</div>\u001b[39m\n        \u001b[36m<p\u001b[39m\n          \u001b[33mclass\u001b[39m=\u001b[32m\"subheadline\"\u001b[39m\n          \u001b[33mvariants\u001b[39m=\u001b[32m\"[object Object]\"\u001b[39m\n        \u001b[36m>\u001b[39m\n          \u001b[0mTime measuring precision blockchain infrastructure powered by\u001b[0m\n          \u001b[0m \u001b[0m\n          \u001b[36m<span\u001b[39m\n            \u001b[33mclass\u001b[39m=\u001b[32m\"highlight\"\u001b[39m\n          \u001b[36m>\u001b[39m\n            \u001b[0mIEEE 1588 PTP\u001b[0m\n          \u001b[36m</span>\u001b[39m\n          \u001b[0m hardware synchronization.\u001b[0m\n          \u001b[36m<br />\u001b[39m\n          \u001b[0mBuild the next generation of time-critical Web3 applications.\u001b[0m\n        \u001b[36m</p>\u001b[39m\n        \u001b[36m<div\u001b[39m\n          \u001b[33mclass\u001b[39m=\u001b[32m\"statsContainer\"\u001b[39m\n          \u001b[33mvariants\u001b[39m=\u001b[32m\"[object Object]\"\u001b[39m\n        \u001b[36m>\u001b[39m\n          \u001b[36m<div\u001b[39m\n            \u001b[33mclass\u001b[39m=\u001b[32m\"stat\"\u001b[39m\n          \u001b[36m>\u001b[39m\n            \u001b[36m<span\u001b[39m\n              \u001b[33mclass\u001b[39m=\u001b[32m\"statNumber\"\u001b[39m\n            \u001b[36m>\u001b[39m\n              \u001b[0m~1ns\u001b[0m\n            \u001b[36m</span>\u001b[39m\n            \u001b[36m<span\u001b[39m\n              \u001b[33mclass\u001b[39m=\u001b[32m\"statLabel\"\u001b[39m\n            \u001b[36m>\u001b[39m\n              \u001b[0mPrecision\u001b[0m\n            \u001b[36m</span>\u001b[39m\n          \u001b[36m</div>\u001b[39m\n          \u001b[36m<div\u001b[39m\n            \u001b[33mclass\u001b[39m=\u001b[32m\"statDivider\"\u001b[39m\n          \u001b[36m/>\u001b[39m\n          \u001b[36m<div\u001b[39m\n            \u001b[33mclass\u001b[39m=\u001b[32m\"stat\"\u001b[39m\n          \u001b[36m>\u001b[39m\n            \u001b[36m<span\u001b[39m\n              \u001b[33mclass\u001b[39m=\u001b[32m\"statNumber\"\u001b[39m\n            \u001b[36m>\u001b[39m\n              \u001b[0m24/7\u001b[0m\n            \u001b[36m</span>\u001b[39m\n            \u001b[36m<span\u001b[39m\n              \u001b[33mclass\u001b[39m=\u001b[32m\"statLabel\"\u001b[39m\n            \u001b[36m>\u001b[39m\n              \u001b[0mUptime\u001b[0m\n            \u001b[36m</span>\u001b[39m\n          \u001b[36m</div>\u001b[39m\n          \u001b[36m<div\u001b[39m\n            \u001b[33mclass\u001b[39m=\u001b[32m\"statDivider\"\u001b[39m\n          \u001b[36m/>\u001b[39m\n          \u001b[36m<div\u001b[39m\n            \u001b[33mclass\u001b[39m=\u001b[32m\"stat\"\u001b[39m\n          \u001b[36m>\u001b[39m\n            \u001b[36m<span\u001b[39m\n              \u001b[33mclass\u001b[39m=\u001b[32m\"statNumber\"\u001b[39m\n            \u001b[36m>\u001b[39m\n              \u001b[0mGlobal\u001b[0m\n            \u001b[36m</span>\u001b[39m\n            \u001b[36m<span\u001b[39m\n              \u001b[33mclass\u001b[39m=\u001b[32m\"statLabel\"\u001b[39m\n            \u001b[36m>\u001b[39m\n              \u001b[0mNetwork\u001b[0m\n            \u001b[36m</span>\u001b[39m\n          \u001b[36m</div>\u001b[39m\n        \u001b[36m</div>\u001b[39m\n        \u001b[36m<div\u001b[39m\n          \u001b[33mclass\u001b[39m=\u001b[32m\"tokenStatsContainer\"\u001b[39m\n          \u001b[33mvariants\u001b[39m=\u001b[32m\"[object Object]\"\u001b[39m\n        \u001b[36m>\u001b[39m\n          \u001b[36m<div\u001b[39m\n            \u001b[33maria-label\u001b[39m=\u001b[32m\"ROKO token statistics\"\u001b[39m\n            \u001b[33mclass\u001b[39m=\u001b[32m\"container hero heroTokenStats\"\u001b[39m\n            \u001b[33mrole\u001b[39m=\u001b[32m\"region\"\u001b[39m\n          \u001b[36m>\u001b[39m\n            \u001b[36m<div\u001b[39m\n              \u001b[33mclass\u001b[39m=\u001b[32m\"statsGrid\"\u001b[39m\n            \u001b[36m>\u001b[39m\n              \u001b[36m<div\u001b[39m\n                \u001b[33manimate\u001b[39m=\u001b[32m\"[object Object]\"\u001b[39m\n                \u001b[33mclass\u001b[39m=\u001b[32m\"statItem\"\u001b[39m\n                \u001b[33minitial\u001b[39m=\u001b[32m\"[object Object]\"\u001b[39m\n                \u001b[33mtransition\u001b[39m=\u001b[32m\"[object Object]\"\u001b[39m\n              \u001b[36m>\u001b[39m\n                \u001b[36m<div\u001b[39m\n                  \u001b[33mclass\u001b[39m=\u001b[32m\"statValue\"\u001b[39m\n                \u001b[36m>\u001b[39m\n                  \u001b[36m<div\u001b[39m\n                    \u001b[33maria-label\u001b[39m=\u001b[32m\"Loading...\"\u001b[39m\n                    \u001b[33mclass\u001b[39m=\u001b[32m\"loadingSkeleton\"\u001b[39m\n                  \u001b[36m/>\u001b[39m\n                \u001b[36m</div>\u001b[39m\n                \u001b[36m<div\u001b[39m\n                  \u001b[33mclass\u001b[39m=\u001b[32m\"statLabel\"\u001b[39m\n                \u001b[36m>\u001b[39m\n                  \u001b[0mTotal Supply\u001b[0m\n                \u001b[36m</div>\u001b[39m\n              \u001b[36m</div>\u001b[39m\n              \u001b[36m<div\u001b[39m\n                \u001b[33manimate\u001b[39m=\u001b[32m\"[object Object]\"\u001b[39m\n                \u001b[33mclass\u001b[39m=\u001b[32m\"statItem\"\u001b[39m\n                \u001b[33minitial\u001b[39m=\u001b[32m\"[object Object]\"\u001b[39m\n                \u001b[33mtransition\u001b[39m=\u001b[32m\"[object Object]\"\u001b[39m\n              \u001b[36m>\u001b[39m\n                \u001b[36m<div\u001b[39m\n                  \u001b[33mclass\u001b[39m=\u001b[32m\"statValue\"\u001b[39m\n                \u001b[36m>\u001b[39m\n                  \u001b[36m<div\u001b[39m\n                    \u001b[33maria-label\u001b[39m=\u001b[32m\"Loading...\"\u001b[39m\n                    \u001b[33mclass\u001b[39m=\u001b[32m\"loadingSkeleton\"\u001b[39m\n                  \u001b[36m/>\u001b[39m\n                \u001b[36m</div>\u001b[39m\n                \u001b[36m<div\u001b[39m\n                  \u001b[33mclass\u001b[39m=\u001b[32m\"statLabel\"\u001b[39m\n                \u001b[36m>\u001b[39m\n                  \u001b[0mToken Holders\u001b[0m\n                \u001b[36m</div>\u001b[39m\n              \u001b[36m</div>\u001b[39m\n            \u001b[36m</div>\u001b[39m\n            \u001b[36m<div\u001b[39m\n              \u001b[33mclass\u001b[39m=\u001b[32m\"statusBar\"\u001b[39m\n            \u001b[36m>\u001b[39m\n              \u001b[36m<div\u001b[39m\n                \u001b[33mclass\u001b[39m=\u001b[32m\"statusDot loading\"\u001b[39m\n              \u001b[36m/>\u001b[39m\n              \u001b[36m<span\u001b[39m\n                \u001b[33mclass\u001b[39m=\u001b[32m\"statusText\"\u001b[39m\n              \u001b[36m>\u001b[39m\n                \u001b[0mUpdating...\u001b[0m\n              \u001b[36m</span>\u001b[39m\n            \u001b[36m</div>\u001b[39m\n          \u001b[36m</div>\u001b[39m\n        \u001b[36m</div>\u001b[39m\n      \u001b[36m</div>\u001b[39m\n      \u001b[36m<div\u001b[39m\n        \u001b[33manimate\u001b[39m=\u001b[32m\"[object Object]\"\u001b[39m\n        \u001b[33mclass\u001b[39m=\u001b[32m\"scrollIndicator\"\u001b[39m\n        \u001b[33mtransition\u001b[39m=\u001b[32m\"[object Object]\"\u001b[39m\n        \u001b[33mvariants\u001b[39m=\u001b[32m\"[object Object]\"\u001b[39m\n      \u001b[36m>\u001b[39m\n        \u001b[36m<svg\u001b[39m\n          \u001b[33mclass\u001b[39m=\u001b[32m\"scrollIcon\"\u001b[39m\n          \u001b[33mdata-testid\u001b[39m=\u001b[32m\"chevron-down-icon\"\u001b[39m\n        \u001b[36m>\u001b[39m\n          \u001b[36m<path\u001b[39m\n            \u001b[33md\u001b[39m=\u001b[32m\"chevron-down\"\u001b[39m\n          \u001b[36m/>\u001b[39m\n        \u001b[36m</svg>\u001b[39m\n        \u001b[36m<span\u001b[39m\n          \u001b[33mclass\u001b[39m=\u001b[32m\"scrollText\"\u001b[39m\n        \u001b[36m>\u001b[39m\n          \u001b[0mExplore Features\u001b[0m\n        \u001b[36m</span>\u001b[39m\n      \u001b[36m</div>\u001b[39m\n      \u001b[36m<div\u001b[39m\n        \u001b[33maria-live\u001b[39m=\u001b[32m\"polite\"\u001b[39m\n        \u001b[33mclass\u001b[39m=\u001b[32m\"sr-only\"\u001b[39m\n      \u001b[36m/>\u001b[39m\n    \u001b[36m</section>\u001b[39m\n  \u001b[36m</div>\u001b[39m\n\u001b[36m</body>\u001b[39m","Unable to find an element with the text: /hero section loaded with roko network/i. This could be because the text is broken up by multiple elements. In this case, you can provide a function for your text matcher to make your matcher more flexible.\n\nIgnored nodes: comments, script, style\n\u001b[36m<body>\u001b[39m\n  \u001b[36m<div>\u001b[39m\n    \u001b[36m<section\u001b[39m\n      \u001b[33maria-label\u001b[39m=\u001b[32m\"Hero section introducing ROKO Network\"\u001b[39m\n      \u001b[33mclass\u001b[39m=\u001b[32m\"hero\"\u001b[39m\n      \u001b[33mrole\u001b[39m=\u001b[32m\"region\"\u001b[39m\n    \u001b[36m>\u001b[39m\n      \u001b[36m<div\u001b[39m\n        \u001b[33mclass\u001b[39m=\u001b[32m\"backgroundGradient\"\u001b[39m\n      \u001b[36m/>\u001b[39m\n      \u001b[36m<div\u001b[39m\n        \u001b[33mclass\u001b[39m=\u001b[32m\"sceneContainer\"\u001b[39m\n      \u001b[36m>\u001b[39m\n        \u001b[36m<div\u001b[39m\n          \u001b[33maria-hidden\u001b[39m=\u001b[32m\"true\"\u001b[39m\n          \u001b[33mcamera\u001b[39m=\u001b[32m\"[object Object]\"\u001b[39m\n          \u001b[33mclass\u001b[39m=\u001b[32m\"canvas\"\u001b[39m\n          \u001b[33mdata-testid\u001b[39m=\u001b[32m\"three-canvas\"\u001b[39m\n        \u001b[36m>\u001b[39m\n          \u001b[36m<ambientlight\u001b[39m\n            \u001b[33mintensity\u001b[39m=\u001b[32m\"0.5\"\u001b[39m\n          \u001b[36m/>\u001b[39m\n          \u001b[36m<pointlight\u001b[39m\n            \u001b[33mintensity\u001b[39m=\u001b[32m\"1\"\u001b[39m\n            \u001b[33mposition\u001b[39m=\u001b[32m\"10,10,10\"\u001b[39m\n          \u001b[36m/>\u001b[39m\n          \u001b[36m<div\u001b[39m\n            \u001b[33mdata-props\u001b[39m=\u001b[32m\"{\\\"position\\\":[2,0,0],\\\"scale\\\":1.2,\\\"isHovered\\\":false,\\\"performanceLevel\\\":\\\"high\\\"}\"\u001b[39m\n            \u001b[33mdata-testid\u001b[39m=\u001b[32m\"temporal-orb\"\u001b[39m\n          \u001b[36m/>\u001b[39m\n        \u001b[36m</div>\u001b[39m\n      \u001b[36m</div>\u001b[39m\n      \u001b[36m<div\u001b[39m\n        \u001b[33manimate\u001b[39m=\u001b[32m\"hidden\"\u001b[39m\n        \u001b[33mclass\u001b[39m=\u001b[32m\"content\"\u001b[39m\n        \u001b[33minitial\u001b[39m=\u001b[32m\"hidden\"\u001b[39m\n        \u001b[33mvariants\u001b[39m=\u001b[32m\"[object Object]\"\u001b[39m\n      \u001b[36m>\u001b[39m\n        \u001b[36m<div\u001b[39m\n          \u001b[33mclass\u001b[39m=\u001b[32m\"headlineContainer\"\u001b[39m\n          \u001b[33mvariants\u001b[39m=\u001b[32m\"[object Object]\"\u001b[39m\n        \u001b[36m>\u001b[39m\n          \u001b[36m<h1\u001b[39m\n            \u001b[33mclass\u001b[39m=\u001b[32m\"headline\"\u001b[39m\n          \u001b[36m>\u001b[39m\n            \u001b[36m<span\u001b[39m\n              \u001b[33mclass\u001b[39m=\u001b[32m\"gradientText\"\u001b[39m\n            \u001b[36m>\u001b[39m\n              \u001b[0mThe Temporal Layer\u001b[0m\n            \u001b[36m</span>\u001b[39m\n            \u001b[36m<br />\u001b[39m\n            \u001b[36m<span\u001b[39m\n              \u001b[33mclass\u001b[39m=\u001b[32m\"typewriter\"\u001b[39m\n              \u001b[33mvariants\u001b[39m=\u001b[32m\"[object Object]\"\u001b[39m\n            \u001b[36m>\u001b[39m\n              \u001b[0mfor Web3\u001b[0m\n            \u001b[36m</span>\u001b[39m\n          \u001b[36m</h1>\u001b[39m\n        \u001b[36m</div>\u001b[39m\n        \u001b[36m<p\u001b[39m\n          \u001b[33mclass\u001b[39m=\u001b[32m\"subheadline\"\u001b[39m\n          \u001b[33mvariants\u001b[39m=\u001b[32m\"[object Object]\"\u001b[39m\n        \u001b[36m>\u001b[39m\n          \u001b[0mTime measuring precision blockchain infrastructure powered by\u001b[0m\n          \u001b[0m \u001b[0m\n          \u001b[36m<span\u001b[39m\n            \u001b[33mclass\u001b[39m=\u001b[32m\"highlight\"\u001b[39m\n          \u001b[36m>\u001b[39m\n            \u001b[0mIEEE 1588 PTP\u001b[0m\n          \u001b[36m</span>\u001b[39m\n          \u001b[0m hardware synchronization.\u001b[0m\n          \u001b[36m<br />\u001b[39m\n          \u001b[0mBuild the next generation of time-critical Web3 applications.\u001b[0m\n        \u001b[36m</p>\u001b[39m\n        \u001b[36m<div\u001b[39m\n          \u001b[33mclass\u001b[39m=\u001b[32m\"statsContainer\"\u001b[39m\n          \u001b[33mvariants\u001b[39m=\u001b[32m\"[object Object]\"\u001b[39m\n        \u001b[36m>\u001b[39m\n          \u001b[36m<div\u001b[39m\n            \u001b[33mclass\u001b[39m=\u001b[32m\"stat\"\u001b[39m\n          \u001b[36m>\u001b[39m\n            \u001b[36m<span\u001b[39m\n              \u001b[33mclass\u001b[39m=\u001b[32m\"statNumber\"\u001b[39m\n            \u001b[36m>\u001b[39m\n              \u001b[0m~1ns\u001b[0m\n            \u001b[36m</span>\u001b[39m\n            \u001b[36m<span\u001b[39m\n              \u001b[33mclass\u001b[39m=\u001b[32m\"statLabel\"\u001b[39m\n            \u001b[36m>\u001b[39m\n              \u001b[0mPrecision\u001b[0m\n            \u001b[36m</span>\u001b[39m\n          \u001b[36m</div>\u001b[39m\n          \u001b[36m<div\u001b[39m\n            \u001b[33mclass\u001b[39m=\u001b[32m\"statDivider\"\u001b[39m\n          \u001b[36m/>\u001b[39m\n          \u001b[36m<div\u001b[39m\n            \u001b[33mclass\u001b[39m=\u001b[32m\"stat\"\u001b[39m\n          \u001b[36m>\u001b[39m\n            \u001b[36m<span\u001b[39m\n              \u001b[33mclass\u001b[39m=\u001b[32m\"statNumber\"\u001b[39m\n            \u001b[36m>\u001b[39m\n              \u001b[0m24/7\u001b[0m\n            \u001b[36m</span>\u001b[39m\n            \u001b[36m<span\u001b[39m\n              \u001b[33mclass\u001b[39m=\u001b[32m\"statLabel\"\u001b[39m\n            \u001b[36m>\u001b[39m\n              \u001b[0mUptime\u001b[0m\n            \u001b[36m</span>\u001b[39m\n          \u001b[36m</div>\u001b[39m\n          \u001b[36m<div\u001b[39m\n            \u001b[33mclass\u001b[39m=\u001b[32m\"statDivider\"\u001b[39m\n          \u001b[36m/>\u001b[39m\n          \u001b[36m<div\u001b[39m\n            \u001b[33mclass\u001b[39m=\u001b[32m\"stat\"\u001b[39m\n          \u001b[36m>\u001b[39m\n            \u001b[36m<span\u001b[39m\n              \u001b[33mclass\u001b[39m=\u001b[32m\"statNumber\"\u001b[39m\n            \u001b[36m>\u001b[39m\n              \u001b[0mGlobal\u001b[0m\n            \u001b[36m</span>\u001b[39m\n            \u001b[36m<span\u001b[39m\n              \u001b[33mclass\u001b[39m=\u001b[32m\"statLabel\"\u001b[39m\n            \u001b[36m>\u001b[39m\n              \u001b[0mNetwork\u001b[0m\n            \u001b[36m</span>\u001b[39m\n          \u001b[36m</div>\u001b[39m\n        \u001b[36m</div>\u001b[39m\n        \u001b[36m<div\u001b[39m\n          \u001b[33mclass\u001b[39m=\u001b[32m\"tokenStatsContainer\"\u001b[39m\n          \u001b[33mvariants\u001b[39m=\u001b[32m\"[object Object]\"\u001b[39m\n        \u001b[36m>\u001b[39m\n          \u001b[36m<div\u001b[39m\n            \u001b[33maria-label\u001b[39m=\u001b[32m\"ROKO token statistics\"\u001b[39m\n            \u001b[33mclass\u001b[39m=\u001b[32m\"container hero heroTokenStats\"\u001b[39m\n            \u001b[33mrole\u001b[39m=\u001b[32m\"region\"\u001b[39m\n          \u001b[36m>\u001b[39m\n            \u001b[36m<div\u001b[39m\n              \u001b[33mclass\u001b[39m=\u001b[32m\"statsGrid\"\u001b[39m\n            \u001b[36m>\u001b[39m\n              \u001b[36m<div\u001b[39m\n                \u001b[33manimate\u001b[39m=\u001b[32m\"[object Object]\"\u001b[39m\n                \u001b[33mclass\u001b[39m=\u001b[32m\"statItem\"\u001b[39m\n                \u001b[33minitial\u001b[39m=\u001b[32m\"[object Object]\"\u001b[39m\n                \u001b[33mtransition\u001b[39m=\u001b[32m\"[object Object]\"\u001b[39m\n              \u001b[36m>\u001b[39m\n                \u001b[36m<div\u001b[39m\n                  \u001b[33mclass\u001b[39m=\u001b[32m\"statValue\"\u001b[39m\n                \u001b[36m>\u001b[39m\n                  \u001b[36m<div\u001b[39m\n                    \u001b[33maria-label\u001b[39m=\u001b[32m\"Loading...\"\u001b[39m\n                    \u001b[33mclass\u001b[39m=\u001b[32m\"loadingSkeleton\"\u001b[39m\n                  \u001b[36m/>\u001b[39m\n                \u001b[36m</div>\u001b[39m\n                \u001b[36m<div\u001b[39m\n                  \u001b[33mclass\u001b[39m=\u001b[32m\"statLabel\"\u001b[39m\n                \u001b[36m>\u001b[39m\n                  \u001b[0mTotal Supply\u001b[0m\n                \u001b[36m</div>\u001b[39m\n              \u001b[36m</div>\u001b[39m\n              \u001b[36m<div\u001b[39m\n                \u001b[33manimate\u001b[39m=\u001b[32m\"[object Object]\"\u001b[39m\n                \u001b[33mclass\u001b[39m=\u001b[32m\"statItem\"\u001b[39m\n                \u001b[33minitial\u001b[39m=\u001b[32m\"[object Object]\"\u001b[39m\n                \u001b[33mtransition\u001b[39m=\u001b[32m\"[object Object]\"\u001b[39m\n              \u001b[36m>\u001b[39m\n                \u001b[36m<div\u001b[39m\n                  \u001b[33mclass\u001b[39m=\u001b[32m\"statValue\"\u001b[39m\n                \u001b[36m>\u001b[39m\n                  \u001b[36m<div\u001b[39m\n                    \u001b[33maria-label\u001b[39m=\u001b[32m\"Loading...\"\u001b[39m\n                    \u001b[33mclass\u001b[39m=\u001b[32m\"loadingSkeleton\"\u001b[39m\n                  \u001b[36m/>\u001b[39m\n                \u001b[36m</div>\u001b[39m\n                \u001b[36m<div\u001b[39m\n                  \u001b[33mclass\u001b[39m=\u001b[32m\"statLabel\"\u001b[39m\n                \u001b[36m>\u001b[39m\n                  \u001b[0mToken Holders\u001b[0m\n                \u001b[36m</div>\u001b[39m\n              \u001b[36m</div>\u001b[39m\n            \u001b[36m</div>\u001b[39m\n            \u001b[36m<div\u001b[39m\n              \u001b[33mclass\u001b[39m=\u001b[32m\"statusBar\"\u001b[39m\n            \u001b[36m>\u001b[39m\n              \u001b[36m<div\u001b[39m\n                \u001b[33mclass\u001b[39m=\u001b[32m\"statusDot loading\"\u001b[39m\n              \u001b[36m/>\u001b[39m\n              \u001b[36m<span\u001b[39m\n                \u001b[33mclass\u001b[39m=\u001b[32m\"statusText\"\u001b[39m\n              \u001b[36m>\u001b[39m\n                \u001b[0mUpdating...\u001b[0m\n              \u001b[36m</span>\u001b[39m\n            \u001b[36m</div>\u001b[39m\n          \u001b[36m</div>\u001b[39m\n        \u001b[36m</div>\u001b[39m\n      \u001b[36m</div>\u001b[39m\n      \u001b[36m<div\u001b[39m\n        \u001b[33manimate\u001b[39m=\u001b[32m\"[object Object]\"\u001b[39m\n        \u001b[33mclass\u001b[39m=\u001b[32m\"scrollIndicator\"\u001b[39m\n        \u001b[33mtransition\u001b[39m=\u001b[32m\"[object Object]\"\u001b[39m\n        \u001b[33mvariants\u001b[39m=\u001b[32m\"[object Object]\"\u001b[39m\n      \u001b[36m>\u001b[39m\n        \u001b[36m<svg\u001b[39m\n          \u001b[33mclass\u001b[39m=\u001b[32m\"scrollIcon\"\u001b[39m\n          \u001b[33mdata-testid\u001b[39m=\u001b[32m\"chevron-down-icon\"\u001b[39m\n        \u001b[36m>\u001b[39m\n          \u001b[36m<path\u001b[39m\n            \u001b[33md\u001b[39m=\u001b[32m\"chevron-down\"\u001b[39m\n          \u001b[36m/>\u001b[39m\n        \u001b[36m</svg>\u001b[39m\n        \u001b[36m<span\u001b[39m\n          \u001b[33mclass\u001b[39m=\u001b[32m\"scrollText\"\u001b[39m\n        \u001b[36m>\u001b[39m\n          \u001b[0mExplore Features\u001b[0m\n        \u001b[36m</span>\u001b[39m\n      \u001b[36m</div>\u001b[39m\n      \u001b[36m<div\u001b[39m\n        \u001b[33maria-live\u001b[39m=\u001b[32m\"polite\"\u001b[39m\n        \u001b[33mclass\u001b[39m=\u001b[32m\"sr-only\"\u001b[39m\n      \u001b[36m/>\u001b[39m\n    \u001b[36m</section>\u001b[39m\n  \u001b[36m</div>\u001b[39m\n\u001b[36m</body>\u001b[39m"],"location":{"line":37,"column":19}},{"ancestorTitles":["","Hero Component","Accessibility"],"fullName":" Hero Component Accessibility should hide decorative 3D canvas from screen readers","status":"passed","title":"should hide decorative 3D canvas from screen readers","duration":6,"failureMessages":[]},{"ancestorTitles":["","Hero Component","Accessibility"],"fullName":" Hero Component Accessibility should support high contrast mode","status":"passed","title":"should support high contrast mode","duration":7,"failureMessages":[]},{"ancestorTitles":["","Hero Component","Accessibility"],"fullName":" Hero Component Accessibility should respect reduced motion preferences","status":"passed","title":"should respect reduced motion preferences","duration":18,"failureMessages":[]},{"ancestorTitles":["","Hero Component","3D Scene Integration"],"fullName":" Hero Component 3D Scene Integration should render 3D canvas with correct properties","status":"passed","title":"should render 3D canvas with correct properties","duration":6,"failureMessages":[]},{"ancestorTitles":["","Hero Component","3D Scene Integration"],"fullName":" Hero Component 3D Scene Integration should render TemporalOrb with correct props","status":"passed","title":"should render TemporalOrb with correct props","duration":6,"failureMessages":[]},{"ancestorTitles":["","Hero Component","3D Scene Integration"],"fullName":" Hero Component 3D Scene Integration should provide accessibility fallback for 3D content","status":"failed","title":"should provide accessibility fallback for 3D content","duration":24,"failureMessages":["Unable to find an element by: [data-testid=\"accessibility-fallback\"]\n\nIgnored nodes: comments, script, style\n\u001b[36m<body>\u001b[39m\n  \u001b[36m<div>\u001b[39m\n    \u001b[36m<section\u001b[39m\n      \u001b[33maria-label\u001b[39m=\u001b[32m\"Hero section introducing ROKO Network\"\u001b[39m\n      \u001b[33mclass\u001b[39m=\u001b[32m\"hero\"\u001b[39m\n      \u001b[33mrole\u001b[39m=\u001b[32m\"region\"\u001b[39m\n    \u001b[36m>\u001b[39m\n      \u001b[36m<div\u001b[39m\n        \u001b[33mclass\u001b[39m=\u001b[32m\"backgroundGradient\"\u001b[39m\n      \u001b[36m/>\u001b[39m\n      \u001b[36m<div\u001b[39m\n        \u001b[33mclass\u001b[39m=\u001b[32m\"sceneContainer\"\u001b[39m\n      \u001b[36m>\u001b[39m\n        \u001b[36m<div\u001b[39m\n          \u001b[33maria-hidden\u001b[39m=\u001b[32m\"true\"\u001b[39m\n          \u001b[33mcamera\u001b[39m=\u001b[32m\"[object Object]\"\u001b[39m\n          \u001b[33mclass\u001b[39m=\u001b[32m\"canvas\"\u001b[39m\n          \u001b[33mdata-testid\u001b[39m=\u001b[32m\"three-canvas\"\u001b[39m\n        \u001b[36m>\u001b[39m\n          \u001b[36m<ambientlight\u001b[39m\n            \u001b[33mintensity\u001b[39m=\u001b[32m\"0.5\"\u001b[39m\n          \u001b[36m/>\u001b[39m\n          \u001b[36m<pointlight\u001b[39m\n            \u001b[33mintensity\u001b[39m=\u001b[32m\"1\"\u001b[39m\n            \u001b[33mposition\u001b[39m=\u001b[32m\"10,10,10\"\u001b[39m\n          \u001b[36m/>\u001b[39m\n          \u001b[36m<div\u001b[39m\n            \u001b[33mdata-props\u001b[39m=\u001b[32m\"{\\\"position\\\":[2,0,0],\\\"scale\\\":1.2,\\\"isHovered\\\":false,\\\"performanceLevel\\\":\\\"high\\\"}\"\u001b[39m\n            \u001b[33mdata-testid\u001b[39m=\u001b[32m\"temporal-orb\"\u001b[39m\n          \u001b[36m/>\u001b[39m\n        \u001b[36m</div>\u001b[39m\n      \u001b[36m</div>\u001b[39m\n      \u001b[36m<div\u001b[39m\n        \u001b[33manimate\u001b[39m=\u001b[32m\"hidden\"\u001b[39m\n        \u001b[33mclass\u001b[39m=\u001b[32m\"content\"\u001b[39m\n        \u001b[33minitial\u001b[39m=\u001b[32m\"hidden\"\u001b[39m\n        \u001b[33mvariants\u001b[39m=\u001b[32m\"[object Object]\"\u001b[39m\n      \u001b[36m>\u001b[39m\n        \u001b[36m<div\u001b[39m\n          \u001b[33mclass\u001b[39m=\u001b[32m\"headlineContainer\"\u001b[39m\n          \u001b[33mvariants\u001b[39m=\u001b[32m\"[object Object]\"\u001b[39m\n        \u001b[36m>\u001b[39m\n          \u001b[36m<h1\u001b[39m\n            \u001b[33mclass\u001b[39m=\u001b[32m\"headline\"\u001b[39m\n          \u001b[36m>\u001b[39m\n            \u001b[36m<span\u001b[39m\n              \u001b[33mclass\u001b[39m=\u001b[32m\"gradientText\"\u001b[39m\n            \u001b[36m>\u001b[39m\n              \u001b[0mThe Temporal Layer\u001b[0m\n            \u001b[36m</span>\u001b[39m\n            \u001b[36m<br />\u001b[39m\n            \u001b[36m<span\u001b[39m\n              \u001b[33mclass\u001b[39m=\u
[...]
1b[36m>\u001b[39m\n              \u001b[0m~1ns\u001b[0m\n            \u001b[36m</span>\u001b[39m\n            \u001b[36m<span\u001b[39m\n              \u001b[33mclass\u001b[39m=\u001b[32m\"statLabel\"\u001b[39m\n            \u001b[36m>\u001b[39m\n              \u001b[0mPrecision\u001b[0m\n            \u001b[36m</span>\u001b[39m\n          \u001b[36m</div>\u001b[39m\n          \u001b[36m<div\u001b[39m\n            \u001b[33mclass\u001b[39m=\u001b[32m\"statDivider\"\u001b[39m\n          \u001b[36m/>\u001b[39m\n          \u001b[36m<div\u001b[39m\n            \u001b[33mclass\u001b[39m=\u001b[32m\"stat\"\u001b[39m\n          \u001b[36m>\u001b[39m\n            \u001b[36m<span\u001b[39m\n              \u001b[33mclass\u001b[39m=\u001b[32m\"statNumber\"\u001b[39m\n            \u001b[36m>\u001b[39m\n              \u001b[0m24/7\u001b[0m\n            \u001b[36m</span>\u001b[39m\n            \u001b[36m<span\u001b[39m\n              \u001b[33mclass\u001b[39m=\u001b[32m\"statLabel\"\u001b[39m\n            \u001b[36m>\u001b[39m\n              \u001b[0mUptime\u001b[0m\n            \u001b[36m</span>\u001b[39m\n          \u001b[36m</div>\u001b[39m\n          \u001b[36m<div\u001b[39m\n            \u001b[33mclass\u001b[39m=\u001b[32m\"statDivider\"\u001b[39m\n          \u001b[36m/>\u001b[39m\n          \u001b[36m<div\u001b[39m\n            \u001b[33mclass\u001b[39m=\u001b[32m\"stat\"\u001b[39m\n          \u001b[36m>\u001b[39m\n            \u001b[36m<span\u001b[39m\n              \u001b[33mclass\u001b[39m=\u001b[32m\"statNumber\"\u001b[39m\n            \u001b[36m>\u001b[39m\n              \u001b[0mGlobal\u001b[0m\n            \u001b[36m</span>\u001b[39m\n            \u001b[36m<span\u001b[39m\n              \u001b[33mclass\u001b[39m=\u001b[32m\"statLabel\"\u001b[39m\n            \u001b[36m>\u001b[39m\n              \u001b[0mNetwork\u001b[0m\n            \u001b[36m</span>\u001b[39m\n          \u001b[36m</div>\u001b[39m\n        \u001b[36m</div>\u001b[39m\n        \u001b[36m<div\u001b[39m\n          \u001b[33mclass\u001b[39m=\u001b[32m\"tokenStatsContainer\"\u001b[39m\n          \u001b[33mvariants\u001b[39m=\u001b[32m\"[object Object]\"\u001b[39m\n        \u001b[36m>\u001b[39m\n          \u001b[36m<div\u001b[39m\n            \u001b[33maria-label\u001b[39m=\u001b[32m\"ROKO token statistics\"\u001b[39m\n            \u001b[33mclass\u001b[39m=\u001b[32m\"container hero heroTokenStats\"\u001b[39m\n            \u001b[33mrole\u001b[39m=\u001b[32m\"region\"\u001b[39m\n          \u001b[36m>\u001b[39m\n            \u001b[36m<div\u001b[39m\n              \u001b[33mclass\u001b[39m=\u001b[32m\"statsGrid\"\u001b[39m\n            \u001b[36m>\u001b[39m\n              \u001b[36m<div\u001b[39m\n                \u001b[33manimate\u001b[39m=\u001b[32m\"[object Object]\"\u001b[39m\n                \u001b[33mclass\u001b[39m=\u001b[32m\"statItem\"\u001b[39m\n                \u001b[33minitial\u001b[39m=\u001b[32m\"[object Object]\"\u001b[39m\n                \u001b[33mtransition\u001b[39m=\u001b[32m\"[object Object]\"\u001b[39m\n              \u001b[36m>\u001b[39m\n                \u001b[36m<div\u001b[39m\n                  \u001b[33mclass\u001b[39m=\u001b[32m\"statValue\"\u001b[39m\n                \u001b[36m>\u001b[39m\n                  \u001b[36m<div\u001b[39m\n                    \u001b[33maria-label\u001b[39m=\u001b[32m\"Loading...\"\u001b[39m\n                    \u001b[33mclass\u001b[39m=\u001b[32m\"loadingSkeleton\"\u001b[39m\n                  \u001b[36m/>\u001b[39m\n                \u001b[36m</div>\u001b[39m\n                \u001b[36m<div\u001b[39m\n                  \u001b[33mclass\u001b[39m=\u001b[32m\"statLabel\"\u001b[39m\n                \u001b[36m>\u001b[39m\n                  \u001b[0mTotal Supply\u001b[0m\n                \u001b[36m</div>\u001b[39m\n              \u001b[36m</div>\u001b[39m\n              \u001b[36m<div\u001b[39m\n                \u001b[33manimate\u001b[39m=\u001b[32m\"[object Object]\"\u001b[39m\n                \u001b[33mclass\u001b[39m=\u001b[32m\"statItem\"\u001b[39m\n                \u001b[33minitial\u001b[39m=\u001b[32m\"[object Object]\"\u001b[39m\n                \u001b[33mtransition\u001b[39m=\u001b[32m\"[object Object]\"\u001b[39m\n              \u001b[36m>\u001b[39m\n                \u001b[36m<div\u001b[39m\n                  \u001b[33mclass\u001b[39m=\u001b[32m\"statValue\"\u001b[39m\n                \u001b[36m>\u001b[39m\n                  \u001b[36m<div\u001b[39m\n                    \u001b[33maria-label\u001b[39m=\u001b[32m\"Loading...\"\u001b[39m\n                    \u001b[33mclass\u001b[39m=\u001b[32m\"loadingSkeleton\"\u001b[39m\n                  \u001b[36m/>\u001b[39m\n                \u001b[36m</div>\u001b[39m\n                \u001b[36m<div\u001b[39m\n                  \u001b[33mclass\u001b[39m=\u001b[32m\"statLabel\"\u001b[39m\n                \u001b[36m>\u001b[39m\n                  \u001b[0mToken Holders\u001b[0m\n                \u001b[36m</div>\u001b[39m\n              \u001b[36m</div>\u001b[39m\n            \u001b[36m</div>\u001b[39m\n            \u001b[36m<div\u001b[39m\n              \u001b[33mclass\u001b[39m=\u001b[32m\"statusBar\"\u001b[39m\n            \u001b[36m>\u001b[39m\n              \u001b[36m<div\u001b[39m\n                \u001b[33mclass\u001b[39m=\u001b[32m\"statusDot loading\"\u001b[39m\n              \u001b[36m/>\u001b[39m\n              \u001b[36m<span\u001b[39m\n                \u001b[33mclass\u001b[39m=\u001b[32m\"statusText\"\u001b[39m\n              \u001b[36m>\u001b[39m\n                \u001b[0mUpdating...\u001b[0m\n              \u001b[36m</span>\u001b[39m\n            \u001b[36m</div>\u001b[39m\n          \u001b[36m</div>\u001b[39m\n        \u001b[36m</div>\u001b[39m\n      \u001b[36m</div>\u001b[39m\n      \u001b[36m<div\u001b[39m\n        \u001b[33manimate\u001b[39m=\u001b[32m\"[object Object]\"\u001b[39m\n        \u001b[33mclass\u001b[39m=\u001b[32m\"scrollIndicator\"\u001b[39m\n        \u001b[33mtransition\u001b[39m=\u001b[32m\"[object Object]\"\u001b[39m\n        \u001b[33mvariants\u001b[39m=\u001b[32m\"[object Object]\"\u001b[39m\n      \u001b[36m>\u001b[39m\n        \u001b[36m<svg\u001b[39m\n          \u001b[33mclass\u001b[39m=\u001b[32m\"scrollIcon\"\u001b[39m\n          \u001b[33mdata-testid\u001b[39m=\u001b[32m\"chevron-down-icon\"\u001b[39m\n        \u001b[36m>\u001b[39m\n          \u001b[36m<path\u001b[39m\n            \u001b[33md\u001b[39m=\u001b[32m\"chevron-down\"\u001b[39m\n          \u001b[36m/>\u001b[39m\n        \u001b[36m</svg>\u001b[39m\n        \u001b[36m<span\u001b[39m\n          \u001b[33mclass\u001b[39m=\u001b[32m\"scrollText\"\u001b[39m\n        \u001b[36m>\u001b[39m\n          \u001b[0mExplore Features\u001b[0m\n        \u001b[36m</span>\u001b[39m\n      \u001b[36m</div>\u001b[39m\n      \u001b[36m<div\u001b[39m\n        \u001b[33maria-live\u001b[39m=\u001b[32m\"polite\"\u001b[39m\n        \u001b[33mclass\u001b[39m=\u001b[32m\"sr-only\"\u001b[39m\n      \u001b[36m/>\u001b[39m\n    \u001b[36m</section>\u001b[39m\n  \u001b[36m</div>\u001b[39m\n\u001b[36m</body>\u001b[39m","Found multiple elements with the text: /Web3/i\n\nHere are the matching elements:\n\nIgnored nodes: comments, script, style\n\u001b[36m<span\u001b[39m\n  \u001b[33mclass\u001b[39m=\u001b[32m\"typewriter\"\u001b[39m\n  \u001b[33mvariants\u001b[39m=\u001b[32m\"[object Object]\"\u001b[39m\n\u001b[36m>\u001b[39m\n  \u001b[0mfor Web3\u001b[0m\n\u001b[36m</span>\u001b[39m\n\nIgnored nodes: comments, script, style\n\u001b[36m<p\u001b[39m\n  \u001b[33mclass\u001b[39m=\u001b[32m\"subheadline\"\u001b[39m\n  \u001b[33mvariants\u001b[39m=\u001b[32m\"[object Object]\"\u001b[39m\n\u001b[36m>\u001b[39m\n  \u001b[0mTime measuring precision blockchain infrastructure powered by\u001b[0m\n  \u001b[0m \u001b[0m\n  \u001b[36m<span\u001b[39m\n    \u001b[33mclass\u001b[39m=\u001b[32m\"highlight\"\u001b[39m\n  \u001b[36m>\u001b[39m\n    \u001b[0mIEEE 1588 PTP\u001b[0m\n  \u001b[36m</span>\u001b[39m\n  \u001b[0m hardware synchronization.\u001b[0m\n  \u001b[36m<br />\u001b[39m\n  \u001b[0mBuild the next generation of time-critical Web3 applications.\u001b[0m\n\u001b[36m</p>\u001b[39m\n\n(If this is intentional, then use the `*AllBy*` variant of the query (like `queryAllByText`, `getAllByText`, or `findAllByText`)).\n\nIgnored nodes: comments, script, style\n\u001b[36m<body>\u001b[39m\n  \u001b[36m<div>\u001b[39m\n    \u001b[36m<section\u001b[39m\n      \u001b[33maria-label\u001b[39m=\u001b[32m\"Hero section introducing ROKO Network\"\u001b[39m\n      \u001b[33mclass\u001b[39m=\u001b[32m\"hero\"\u001b[39m\n      \u001b[33mrole\u001b[39m=\u001b[32m\"region\"\u001b[39m\n    \u001b[36m>\u001b[39m\n      \u001b[36m<div\u001b[39m\n        \u001b[33mclass\u001b[39m=\u001b[32m\"backgroundGradient\"\u001b[39m\n      \u001b[36m/>\u001b[39m\n      \u001b[36m<div\u001b[39m\n        \u001b[33mclass\u001b[39m=\u001b[32m\"sceneContainer\"\u001b[39m\n      \u001b[36m>\u001b[39m\n        \u001b[36m<div\u001b[39m\n          \u001b[33maria-hidden\u001b[39m=\u001b[32m\"true\"\u001b[39m\n          \u001b[33mcamera\u001b[39m=\u001b[32m\"[object Object]\"\u001b[39m\n          \u001b[33mclass\u001b[39m=\u001b[32m\"canvas\"\u001b[39m\n          \u001b[33mdata-testid\u001b[39m=\u001b[32m\"three-canvas\"\u001b[39m\n        \u001b[36m>\u001b[39m\n          \u001b[36m<ambientlight\u001b[39m\n            \u001b[33mintensity\u001b[39m=\u001b[32m\"0.5\"\u001b[39m\n          \u001b[36m/>\u001b[39m\n          \u001b[36m<pointlight\u001b[39m\n            \u001b[33mintensity\u001b[39m=\u001b[32m\"1\"\u001b[39m\n            \u001b[33mposition\u001b[39m=\u001b[32m\"10,10,10\"\u001b[39m\n          \u001b[36m/>\u001b[39m\n          \u001b[36m<div\u001b[39m\n            \u001b[33mdata-props\u001b[39m=\u001b[32m\"{\\\"position\\\":[2,0,0],\\\"scale\\\":1.2,\\\"isHovered\\\":false,\\\"performanceLevel\\\":\\\"high\\\"}\"\u001b[39m\n            \u001b[33mdata-testid\u001b[39m=\u001b[32m\"temporal-orb\"\u001b[39m\n          \u001b[36m/>\u001b[39m\n        \u001b[36m</div>\u001b[39m\n      \u001b[36m</div>\u001b[39m\n      \u001b[36m<div\u001b[39m\n        \u001b[33manimate\u001b[39m=\u001b[32m\"hidden\"\u001b[39m\n        \u001b[33mclass\u001b[39m=\u001b[32m\"content\"\u001b[39m\n        \u001b[33minitial\u001b[39m=\u001b[32m\"hidden\"\u001b[39m\n        \u001b[33mvariants\u001b[39m=\u001b[32m\"[object Object]\"\u001b[39m\n      \u001b[36m>\u001b[39m\n        \u001b[36m<div\u001b[39m\n          \u001b[33mclass\u001b[39m=\u001b[32m\"headlineContainer\"\u001b[39m\n          \u001b[33mvariants\u001b[39m=\u001b[32m\"[object Object]\"\u001b[39m\n        \u001b[36m>\u001b[39m\n          \u001b[36m<h1\u001b[39m\n            \u001b[33mclass\u001b[39m=\u001b[32m\"headline\"\u001b[39m\n          \u001b[36m>\u001b[39m\n            \u001b[36m<span\u001b[39m\n              \u001b[33mclass\u001b[39m=\u001b[32m\"gradientText\"\u001b[39m\n            \u001b[36m>\u001b[39m\n              \u001b[0mThe Temporal Layer\u001b[0m\n            \u001b[36m</span>\u001b[39m\n            \u001b[36m<br />\u001b[39m\n            \u001b[36m<span\u001b[39m\n              \u001b[33mclass\u001b[39m=\u001b[32m\"typewriter\"\u001b[39m\n              \u001b[33mvariants\u001b[39m=\u001b[32m\"[object Object]\"\u001b[39m\n            \u001b[36m>\u001b[39m\n              \u001b[0mfor Web3\u001b[0m\n            \u001b[36m</span>\u001b[39m\n          \u001b[36m</h1>\u001b[39m\n        \u001b[36m</div>\u001b[39m\n        \u001b[36m<p\u001b[39m\n          \u001b[33mclass\u001b[39m=\u001b[32m\"subheadline\"\u001b[39m\n          \u001b[33mvariants\u001b[39m=\u001b[32m\"[object Object]\"\u001b[39m\n        \u001b[36m>\u001b[39m\n          \u001b[0mTime measuring precision blockchain infrastructure powered by\u001b[0m\n          \u001b[0m \u001b[0m\n          \u001b[36m<span\u001b[39m\n            \u001b[33mclass\u001b[39m=\u001b[32m\"highlight\"\u001b[39m\n          \u001b[36m>\u001b[39m\n            \u001b[0mIEEE 1588 PTP\u001b[0m\n          \u001b[36m</span>\u001b[39m\n          \u001b[0m hardware synchronization.\u001b[0m\n          \u001b[36m<br />\u001b[39m\n          \u001b[0mBuild the next generation of time-critical Web3 applications.\u001b[0m\n        \u001b[36m</p>\u001b[39m\n        \u001b[36m<div\u001b[39m\n          \u001b[33mclass\u001b[39m=\u001b[32m\"statsContainer\"\u001b[39m\n          \u001b[33mvariants\u001b[39m=\u001b[32m\"[object Object]\"\u001b[39m\n        \u001b[36m>\u001b[39m\n          \u001b[36m<div\u001b[39m\n            \u001b[33mclass\u001b[39m=\u001b[32m\"stat\"\u001b[39m\n          \u001b[36m>\u001b[39m\n            \u001b[36m<span\u001b[39m\n              \u001b[33mclass\u001b[39m=\u001b[32m\"statNumber\"\u001b[39m\n            \u001b[36m>\u001b[39m\n              \u001b[0m~1ns\u001b[0m\n            \u001b[36m</span>\u001b[39m\n            \u001b[36m<span\u001b[39m\n              \u001b[33mclass\u001b[39m=\u001b[32m\"statLabel\"\u001b[39m\n            \u001b[36m>\u001b[39m\n              \u001b[0mPrecision\u001b[0m\n            \u001b[36m</span>\u001b[39m\n          \u001b[36m</div>\u001b[39m\n          \u001b[36m<div\u001b[39m\n            \u001b[33mclass\u001b[39m=\u001b[32m\"statDivider\"\u001b[39m\n          \u001b[36m/>\u001b[39m\n          \u001b[36m<div\u001b[39m\n            \u001b[33mclass\u001b[39m=\u001b[32m\"stat\"\u001b[39m\n          \u001b[36m>\u001b[39m\n            \u001b[36m<span\u001b[39m\n              \u001b[33mclass\u001b[39m=\u001b[32m\"statNumber\"\u001b[39m\n            \u001b[36m>\u001b[39m\n              \u001b[0m24/7\u001b[0m\n            \u001b[36m</span>\u001b[39m\n            \u001b[36m<span\u001b[39m\n              \u001b[33mclass\u001b[39m=\u001b[32m\"statLabel\"\u001b[39m\n            \u001b[36m>\u001b[39m\n              \u001b[0mUptime\u001b[0m\n            \u001b[36m</span>\u001b[39m\n          \u001b[36m</div>\u001b[39m\n          \u001b[36m<div\u001b[39m\n            \u001b[33mclass\u001b[39m=\u001b[32m\"statDivider\"\u001b[39m\n          \u001b[36m/>\u001b[39m\n          \u001b[36m<div\u001b[39m\n            \u001b[33mclass\u001b[39m=\u001b[32m\"stat\"\u001b[39m\n          \u001b[36m>\u001b[39m\n            \u001b[36m<span\u001b[39m\n              \u001b[33mclass\u001b[39m=\u001b[32m\"statNumber\"\u001b[39m\n            \u001b[36m>\u001b[39m\n              \u001b[0mGlobal\u001b[0m\n            \u001b[36m</span>\u001b[39m\n            \u001b[36m<span\u001b[39m\n              \u001b[33mclass\u001b[39m=\u001b[32m\"statLabel\"\u001b[39m\n            \u001b[36m>\u001b[39m\n              \u001b[0mNetwork\u001b[0m\n            \u001b[36m</span>\u001b[39m\n          \u001b[36m</div>\u001b[39m\n        \u001b[36m</div>\u001b[39m\n        \u001b[36m<div\u001b[39m\n          \u001b[33mclass\u001b[39m=\u001b[32m\"tokenStatsContainer\"\u001b[39m\n          \u001b[33mvariants\u001b[39m=\u001b[32m\"[object Object]\"\u001b[39m\n        \u001b[36m>\u001b[39m\n          \u001b[36m<div\u001b[39m\n            \u001b[33maria-label\u001b[39m=\u001b[32m\"ROKO token statistics\"\u001b[39m\n            \u001b[33mclass\u001b[39m=\u001b[32m\"container hero heroTokenStats\"\u001b[39m\n            \u001b[33mrole\u001b[39m=\u001b[32m\"region\"\u001b[39m\n          \u001b[36m>\u001b[39m\n            \u001b[36m<div\u001b[39m\n              \u001b[33mclass\u001b[39m=\u001b[32m\"statsGrid\"\u001b[39m\n            \u001b[36m>\u001b[39m\n              \u001b[36m<div\u001b[39m\n                \u001b[33manimate\u001b[39m=\u001b[32m\"[object Object]\"\u001b[39m\n                \u001b[33mclass\u001b[39m=\u001b[32m\"statItem\"\u001b[39m\n                \u001b[33minitial\u001b[39m=\u001b[32m\"[object Object]\"\u001b[39m\n                \u001b[33mtransition\u001b[39m=\u001b[32m\"[object Object]\"\u001b[39m\n              \u001b[36m>\u001b[39m\n                \u001b[36m<div\u001b[39m\n                  \u001b[33mclass\u001b[39m=\u001b[32m\"statValue\"\u001b[39m\n                \u001b[36m>\u001b[39m\n                  \u001b[36m<div\u001b[39m\n                    \u001b[33maria-label\u001b[39m=\u001b[32m\"Loading...\"\u001b[39m\n                    \u001b[33mclass\u001b[39m=\u001b[32m\"loadingSkeleton\"\u001b[39m\n                  \u001b[36m/>\u001b[39m\n                \u001b[36m</div>\u001b[39m\n                \u001b[36m<div\u001b[39m\n                  \u001b[33mclass\u001b[39m=\u001b[32m\"statLabel\"\u001b[39m\n                \u001b[36m>\u001b[39m\n                  \u001b[0mTotal Supply\u001b[0m\n                \u001b[36m</div>\u001b[39m\n              \u001b[36m</div>\u001b[39m\n              \u001b[36m<div\u001b[39m\n                \u001b[33manimate\u001b[39m=\u001b[32m\"[object Object]\"\u001b[39m\n                \u001b[33mclass\u001b[39m=\u001b[32m\"statItem\"\u001b[39m\n                \u001b[33minitial\u001b[39m=\u001b[32m\"[object Object]\"\u001b[39m\n                \u001b[33mtransition\u001b[39m=\u001b[32m\"[object Object]\"\u001b[39m\n              \u001b[36m>\u001b[39m\n                \u001b[36m<div\u001b[39m\n                  \u001b[33mclass\u001b[39m=\u001b[32m\"statValue\"\u001b[39m\n                \u001b[36m>\u001b[39m\n                  \u001b[36m<div\u001b[39m\n                    \u001b[33maria-label\u001b[39m=\u001b[32m\"Loading...\"\u001b[39m\n                    \u001b[33mclass\u001b[39m=\u001b[32m\"loadingSkeleton\"\u001b[39m\n                  \u001b[36m/>\u001b[39m\n                \u001b[36m</div>\u001b[39m\n                \u001b[36m<div\u001b[39m\n                  \u001b[33mclass\u001b[39m=\u001b[32m\"statLabel\"\u001b[39m\n                \u001b[36m>\u001b[39m\n                  \u001b[0mToken Holders\u001b[0m\n                \u001b[36m</div>\u001b[39m\n              \u001b[36m</div>\u001b[39m\n            \u001b[36m</div>\u001b[39m\n            \u001b[36m<div\u001b[39m\n              \u001b[33mclass\u001b[39m=\u001b[32m\"statusBar\"\u001b[39m\n            \u001b[36m>\u001b[39m\n              \u001b[36m<div\u001b[39m\n                \u001b[33mclass\u001b[39m=\u001b[32m\"statusDot loading\"\u001b[39m\n              \u001b[36m/>\u001b[39m\n              \u001b[36m<span\u001b[39m\n                \u001b[33mclass\u001b[39m=\u001b[32m\"statusText\"\u001b[39m\n              \u001b[36m>\u001b[39m\n                \u001b[0mUpdating...\u001b[0m\n              \u001b[36m</span>\u001b[39m\n            \u001b[36m</div>\u001b[39m\n          \u001b[36m</div>\u001b[39m\n        \u001b[36m</div>\u001b[39m\n      \u001b[36m</div>\u001b[39m\n      \u001b[36m<div\u001b[39m\n        \u001b[33manimate\u001b[39m=\u001b[32m\"[object Object]\"\u001b[39m\n        \u001b[33mclass\u001b[39m=\u001b[32m\"scrollIndicator\"\u001b[39m\n        \u001b[33mtransition\u001b[39m=\u001b[32m\"[object Object]\"\u001b[39m\n        \u001b[33mvariants\u001b[39m=\u001b[32m\"[object Object]\"\u001b[39m\n      \u001b[36m>\u001b[39m\n        \u001b[36m<svg\u001b[39m\n          \u001b[33mclass\u001b[39m=\u001b[32m\"scrollIcon\"\u001b[39m\n          \u001b[33mdata-testid\u001b[39m=\u001b[32m\"chevron-down-icon\"\u001b[39m\n        \u001b[36m>\u001b[39m\n          \u001b[36m<path\u001b[39m\n            \u001b[33md\u001b[39m=\u001b[32m\"chevron-down\"\u001b[39m\n          \u001b[36m/>\u001b[39m\n        \u001b[36m</svg>\u001b[39m\n        \u001b[36m<span\u001b[39m\n          \u001b[33mclass\u001b[39m=\u001b[32m\"scrollText\"\u001b[39m\n        \u001b[36m>\u001b[39m\n          \u001b[0mExplore Features\u001b[0m\n        \u001b[36m</span>\u001b[39m\n      \u001b[36m</div>\u001b[39m\n      \u001b[36m<div\u001b[39m\n        \u001b[33maria-live\u001b[39m=\u001b[32m\"polite\"\u001b[39m\n        \u001b[33mclass\u001b[39m=\u001b[32m\"sr-only\"\u001b[39m\n      \u001b[36m/>\u001b[39m\n    \u001b[36m</section>\u001b[39m\n  \u001b[36m</div>\u001b[39m\n\u001b[36m</body>\u001b[39m"],"location":{"line":37,"column":19}}],"startTime":1758128068243,"endTime":1758128069424,"status":"failed","message":"","name":"/home/manitcor/roko/roko-marketing/src/components/__tests__/Hero.test.tsx"}]}